-- The C compiler identification is GNU 11.4.0
-- The CXX compiler identification is GNU 11.4.0
-- Detecting C compiler ABI info
-- Detecting C compiler ABI info - done
-- Check for working C compiler: /usr/bin/cc - skipped
-- Detecting C compile features
-- Detecting C compile features - done
-- Detecting CXX compiler ABI info
-- Detecting CXX compiler ABI info - done
-- Check for working CXX compiler: /usr/bin/c++ - skipped
-- Detecting CXX compile features
-- Detecting CXX compile features - done
-- Found ament_cmake: 1.3.9 (/opt/ros/humble/share/ament_cmake/cmake)
-- Found Python3: /usr/bin/python3 (found version "3.10.12") found components: Interpreter 
-- Found rclcpp: 16.0.9 (/opt/ros/humble/share/rclcpp/cmake)
-- Found rosidl_generator_c: 3.1.5 (/opt/ros/humble/share/rosidl_generator_c/cmake)
-- Found rosidl_adapter: 3.1.5 (/opt/ros/humble/share/rosidl_adapter/cmake)
-- Found rosidl_generator_cpp: 3.1.5 (/opt/ros/humble/share/rosidl_generator_cpp/cmake)
-- Using all available rosidl_typesupport_c: rosidl_typesupport_fastrtps_c;rosidl_typesupport_introspection_c
-- Using all available rosidl_typesupport_cpp: rosidl_typesupport_fastrtps_cpp;rosidl_typesupport_introspection_cpp
-- Found rmw_implementation_cmake: 6.1.2 (/opt/ros/humble/share/rmw_implementation_cmake/cmake)
-- Found rmw_fastrtps_cpp: 6.2.6 (/opt/ros/humble/share/rmw_fastrtps_cpp/cmake)
-- Found OpenSSL: /usr/lib/x86_64-linux-gnu/libcrypto.so (found version "3.0.2")  
-- Found FastRTPS: /opt/ros/humble/include  
-- Using RMW implementation 'rmw_fastrtps_cpp' as default
-- Looking for pthread.h
-- Looking for pthread.h - found
-- Performing Test CMAKE_HAVE_LIBC_PTHREAD
-- Performing Test CMAKE_HAVE_LIBC_PTHREAD - Success
-- Found Threads: TRUE  
-- Found sensor_msgs: 4.2.4 (/opt/ros/humble/share/sensor_msgs/cmake)
-- Found nav_msgs: 4.2.4 (/opt/ros/humble/share/nav_msgs/cmake)
-- Found rclcpp_action: 16.0.9 (/opt/ros/humble/share/rclcpp_action/cmake)
-- Found tf2: 0.25.7 (/opt/ros/humble/share/tf2/cmake)
-- Found tf2_ros: 0.25.7 (/opt/ros/humble/share/tf2_ros/cmake)
-- Found std_srvs: 4.2.4 (/opt/ros/humble/share/std_srvs/cmake)
-- Found action_package: 0.0.0 (/home/sami/session9/session9-ros2/install/action_package/share/action_package/cmake)
-- Configuring done
-- Generating done
-- Build files have been written to: /home/sami/session9/session9-ros2/build/cpp_package
[ 50%] [32mBuilding CXX object CMakeFiles/robot_driver.dir/src/robot_driver.cpp.o[0m
[ 50%] [32mBuilding CXX object CMakeFiles/lap_time_action_client.dir/src/lap_time_action_client.cpp.o[0m
[ 50%] [32mBuilding CXX object CMakeFiles/wall_finder_service.dir/src/wall_finder_service.cpp.o[0m
[ 50%] [32mBuilding CXX object CMakeFiles/lap_time_action_server.dir/src/lap_time_action_server.cpp.o[0m
[ 62%] [32m[1mLinking CXX executable lap_time_action_client[0m
[ 62%] Built target lap_time_action_client
[ 75%] [32m[1mLinking CXX executable wall_finder_service[0m
[ 75%] Built target wall_finder_service
[ 87%] [32m[1mLinking CXX executable lap_time_action_server[0m
[ 87%] Built target lap_time_action_server
[100%] [32m[1mLinking CXX executable robot_driver[0m
[100%] Built target robot_driver
-- Install configuration: ""
-- Installing: /home/sami/session9/session9-ros2/install/cpp_package/lib/cpp_package/lap_time_action_server
-- Set runtime path of "/home/sami/session9/session9-ros2/install/cpp_package/lib/cpp_package/lap_time_action_server" to ""
-- Installing: /home/sami/session9/session9-ros2/install/cpp_package/lib/cpp_package/robot_driver
-- Set runtime path of "/home/sami/session9/session9-ros2/install/cpp_package/lib/cpp_package/robot_driver" to ""
-- Installing: /home/sami/session9/session9-ros2/install/cpp_package/lib/cpp_package/lap_time_action_client
-- Set runtime path of "/home/sami/session9/session9-ros2/install/cpp_package/lib/cpp_package/lap_time_action_client" to ""
-- Installing: /home/sami/session9/session9-ros2/install/cpp_package/lib/cpp_package/wall_finder_service
-- Set runtime path of "/home/sami/session9/session9-ros2/install/cpp_package/lib/cpp_package/wall_finder_service" to ""
-- Installing: /home/sami/session9/session9-ros2/install/cpp_package/include/cpp_package
-- Installing: /home/sami/session9/session9-ros2/install/cpp_package/include/cpp_package/cpp_package
-- Installing: /home/sami/session9/session9-ros2/install/cpp_package/include/cpp_package/cpp_package/robot_driver.hpp
-- Installing: /home/sami/session9/session9-ros2/install/cpp_package/include/cpp_package/cpp_package/wall_finder_service.hpp
-- Installing: /home/sami/session9/session9-ros2/install/cpp_package/include/cpp_package/cpp_package/lap_time_action_server.hpp
-- Installing: /home/sami/session9/session9-ros2/install/cpp_package/include/cpp_package/cpp_package/lap_time_action_client.hpp
-- Installing: /home/sami/session9/session9-ros2/install/cpp_package/share/cpp_package/launch
-- Installing: /home/sami/session9/session9-ros2/install/cpp_package/share/cpp_package/launch/file.launch.py
-- Installing: /home/sami/session9/session9-ros2/install/cpp_package/share/ament_index/resource_index/package_run_dependencies/cpp_package
-- Installing: /home/sami/session9/session9-ros2/install/cpp_package/share/ament_index/resource_index/parent_prefix_path/cpp_package
-- Installing: /home/sami/session9/session9-ros2/install/cpp_package/share/cpp_package/environment/ament_prefix_path.sh
-- Installing: /home/sami/session9/session9-ros2/install/cpp_package/share/cpp_package/environment/ament_prefix_path.dsv
-- Installing: /home/sami/session9/session9-ros2/install/cpp_package/share/cpp_package/environment/path.sh
-- Installing: /home/sami/session9/session9-ros2/install/cpp_package/share/cpp_package/environment/path.dsv
-- Installing: /home/sami/session9/session9-ros2/install/cpp_package/share/cpp_package/local_setup.bash
-- Installing: /home/sami/session9/session9-ros2/install/cpp_package/share/cpp_package/local_setup.sh
-- Installing: /home/sami/session9/session9-ros2/install/cpp_package/share/cpp_package/local_setup.zsh
-- Installing: /home/sami/session9/session9-ros2/install/cpp_package/share/cpp_package/local_setup.dsv
-- Installing: /home/sami/session9/session9-ros2/install/cpp_package/share/cpp_package/package.dsv
-- Installing: /home/sami/session9/session9-ros2/install/cpp_package/share/ament_index/resource_index/packages/cpp_package
-- Installing: /home/sami/session9/session9-ros2/install/cpp_package/share/cpp_package/cmake/cpp_packageConfig.cmake
-- Installing: /home/sami/session9/session9-ros2/install/cpp_package/share/cpp_package/cmake/cpp_packageConfig-version.cmake
-- Installing: /home/sami/session9/session9-ros2/install/cpp_package/share/cpp_package/package.xml
