[0.008s] Invoking command in '/home/sami/session9/session9-ros2/build/cpp_package': CMAKE_PREFIX_PATH=/home/sami/session9/session9-ros2/install/action_package:/home/sami/session9/session9-ros2/install/cpp_package:/home/sami/session9/install/cpp_package:/home/sami/session9/install/action_package:/opt/ros/humble /usr/bin/cmake /home/sami/session9/session9-ros2/src/cpp_package -DCMAKE_INSTALL_PREFIX=/home/sami/session9/session9-ros2/install/cpp_package
[0.045s] -- The C compiler identification is GNU 11.4.0
[0.085s] -- The CXX compiler identification is GNU 11.4.0
[0.089s] -- Detecting C compiler ABI info
[0.145s] -- Detecting C compiler ABI info - done
[0.150s] -- Check for working C compiler: /usr/bin/cc - skipped
[0.150s] -- Detecting C compile features
[0.150s] -- Detecting C compile features - done
[0.153s] -- Detecting CXX compiler ABI info
[0.208s] -- Detecting CXX compiler ABI info - done
[0.213s] -- Check for working CXX compiler: /usr/bin/c++ - skipped
[0.213s] -- Detecting CXX compile features
[0.213s] -- Detecting CXX compile features - done
[0.215s] -- Found ament_cmake: 1.3.9 (/opt/ros/humble/share/ament_cmake/cmake)
[0.305s] -- Found Python3: /usr/bin/python3 (found version "3.10.12") found components: Interpreter 
[0.362s] -- Found rclcpp: 16.0.9 (/opt/ros/humble/share/rclcpp/cmake)
[0.387s] -- Found rosidl_generator_c: 3.1.5 (/opt/ros/humble/share/rosidl_generator_c/cmake)
[0.389s] -- Found rosidl_adapter: 3.1.5 (/opt/ros/humble/share/rosidl_adapter/cmake)
[0.394s] -- Found rosidl_generator_cpp: 3.1.5 (/opt/ros/humble/share/rosidl_generator_cpp/cmake)
[0.402s] -- Using all available rosidl_typesupport_c: rosidl_typesupport_fastrtps_c;rosidl_typesupport_introspection_c
[0.413s] -- Using all available rosidl_typesupport_cpp: rosidl_typesupport_fastrtps_cpp;rosidl_typesupport_introspection_cpp
[0.459s] -- Found rmw_implementation_cmake: 6.1.2 (/opt/ros/humble/share/rmw_implementation_cmake/cmake)
[0.461s] -- Found rmw_fastrtps_cpp: 6.2.6 (/opt/ros/humble/share/rmw_fastrtps_cpp/cmake)
[0.519s] -- Found OpenSSL: /usr/lib/x86_64-linux-gnu/libcrypto.so (found version "3.0.2")  
[0.536s] -- Found FastRTPS: /opt/ros/humble/include  
[0.565s] -- Using RMW implementation 'rmw_fastrtps_cpp' as default
[0.571s] -- Looking for pthread.h
[0.624s] -- Looking for pthread.h - found
[0.624s] -- Performing Test CMAKE_HAVE_LIBC_PTHREAD
[0.674s] -- Performing Test CMAKE_HAVE_LIBC_PTHREAD - Success
[0.675s] -- Found Threads: TRUE  
[0.768s] -- Found sensor_msgs: 4.2.4 (/opt/ros/humble/share/sensor_msgs/cmake)
[0.845s] -- Found nav_msgs: 4.2.4 (/opt/ros/humble/share/nav_msgs/cmake)
[0.895s] -- Found rclcpp_action: 16.0.9 (/opt/ros/humble/share/rclcpp_action/cmake)
[0.950s] -- Found tf2: 0.25.7 (/opt/ros/humble/share/tf2/cmake)
[0.959s] -- Found tf2_ros: 0.25.7 (/opt/ros/humble/share/tf2_ros/cmake)
[1.099s] -- Found std_srvs: 4.2.4 (/opt/ros/humble/share/std_srvs/cmake)
[1.109s] -- Found action_package: 0.0.0 (/home/sami/session9/session9-ros2/install/action_package/share/action_package/cmake)
[1.193s] -- Configuring done
[1.215s] -- Generating done
[1.216s] -- Build files have been written to: /home/sami/session9/session9-ros2/build/cpp_package
[1.225s] Invoked command in '/home/sami/session9/session9-ros2/build/cpp_package' returned '0': CMAKE_PREFIX_PATH=/home/sami/session9/session9-ros2/install/action_package:/home/sami/session9/session9-ros2/install/cpp_package:/home/sami/session9/install/cpp_package:/home/sami/session9/install/action_package:/opt/ros/humble /usr/bin/cmake /home/sami/session9/session9-ros2/src/cpp_package -DCMAKE_INSTALL_PREFIX=/home/sami/session9/session9-ros2/install/cpp_package
[1.225s] Invoking command in '/home/sami/session9/session9-ros2/build/cpp_package': CMAKE_PREFIX_PATH=/home/sami/session9/session9-ros2/install/action_package:/home/sami/session9/session9-ros2/install/cpp_package:/home/sami/session9/install/cpp_package:/home/sami/session9/install/action_package:/opt/ros/humble /usr/bin/cmake --build /home/sami/session9/session9-ros2/build/cpp_package -- -j8 -l8
[1.260s] [ 50%] [32mBuilding CXX object CMakeFiles/robot_driver.dir/src/robot_driver.cpp.o[0m
[1.260s] [ 50%] [32mBuilding CXX object CMakeFiles/lap_time_action_client.dir/src/lap_time_action_client.cpp.o[0m
[1.260s] [ 50%] [32mBuilding CXX object CMakeFiles/wall_finder_service.dir/src/wall_finder_service.cpp.o[0m
[1.260s] [ 50%] [32mBuilding CXX object CMakeFiles/lap_time_action_server.dir/src/lap_time_action_server.cpp.o[0m
[4.605s] [ 62%] [32m[1mLinking CXX executable lap_time_action_client[0m
[4.770s] [ 62%] Built target lap_time_action_client
[5.055s] [ 75%] [32m[1mLinking CXX executable wall_finder_service[0m
[5.249s] [ 75%] Built target wall_finder_service
[8.130s] [ 87%] [32m[1mLinking CXX executable lap_time_action_server[0m
[8.473s] [ 87%] Built target lap_time_action_server
[9.665s] [100%] [32m[1mLinking CXX executable robot_driver[0m
[10.092s] [100%] Built target robot_driver
[10.101s] Invoked command in '/home/sami/session9/session9-ros2/build/cpp_package' returned '0': CMAKE_PREFIX_PATH=/home/sami/session9/session9-ros2/install/action_package:/home/sami/session9/session9-ros2/install/cpp_package:/home/sami/session9/install/cpp_package:/home/sami/session9/install/action_package:/opt/ros/humble /usr/bin/cmake --build /home/sami/session9/session9-ros2/build/cpp_package -- -j8 -l8
[10.130s] Invoking command in '/home/sami/session9/session9-ros2/build/cpp_package': CMAKE_PREFIX_PATH=/home/sami/session9/session9-ros2/install/action_package:/home/sami/session9/session9-ros2/install/cpp_package:/home/sami/session9/install/cpp_package:/home/sami/session9/install/action_package:/opt/ros/humble /usr/bin/cmake --install /home/sami/session9/session9-ros2/build/cpp_package
[10.135s] -- Install configuration: ""
[10.135s] -- Installing: /home/sami/session9/session9-ros2/install/cpp_package/lib/cpp_package/lap_time_action_server
[10.138s] -- Set runtime path of "/home/sami/session9/session9-ros2/install/cpp_package/lib/cpp_package/lap_time_action_server" to ""
[10.138s] -- Installing: /home/sami/session9/session9-ros2/install/cpp_package/lib/cpp_package/robot_driver
[10.142s] -- Set runtime path of "/home/sami/session9/session9-ros2/install/cpp_package/lib/cpp_package/robot_driver" to ""
[10.142s] -- Installing: /home/sami/session9/session9-ros2/install/cpp_package/lib/cpp_package/lap_time_action_client
[10.142s] -- Set runtime path of "/home/sami/session9/session9-ros2/install/cpp_package/lib/cpp_package/lap_time_action_client" to ""
[10.142s] -- Installing: /home/sami/session9/session9-ros2/install/cpp_package/lib/cpp_package/wall_finder_service
[10.143s] -- Set runtime path of "/home/sami/session9/session9-ros2/install/cpp_package/lib/cpp_package/wall_finder_service" to ""
[10.143s] -- Installing: /home/sami/session9/session9-ros2/install/cpp_package/include/cpp_package
[10.143s] -- Installing: /home/sami/session9/session9-ros2/install/cpp_package/include/cpp_package/cpp_package
[10.143s] -- Installing: /home/sami/session9/session9-ros2/install/cpp_package/include/cpp_package/cpp_package/robot_driver.hpp
[10.143s] -- Installing: /home/sami/session9/session9-ros2/install/cpp_package/include/cpp_package/cpp_package/wall_finder_service.hpp
[10.143s] -- Installing: /home/sami/session9/session9-ros2/install/cpp_package/include/cpp_package/cpp_package/lap_time_action_server.hpp
[10.143s] -- Installing: /home/sami/session9/session9-ros2/install/cpp_package/include/cpp_package/cpp_package/lap_time_action_client.hpp
[10.143s] -- Installing: /home/sami/session9/session9-ros2/install/cpp_package/share/cpp_package/launch
[10.143s] -- Installing: /home/sami/session9/session9-ros2/install/cpp_package/share/cpp_package/launch/file.launch.py
[10.144s] -- Installing: /home/sami/session9/session9-ros2/install/cpp_package/share/ament_index/resource_index/package_run_dependencies/cpp_package
[10.144s] -- Installing: /home/sami/session9/session9-ros2/install/cpp_package/share/ament_index/resource_index/parent_prefix_path/cpp_package
[10.144s] -- Installing: /home/sami/session9/session9-ros2/install/cpp_package/share/cpp_package/environment/ament_prefix_path.sh
[10.144s] -- Installing: /home/sami/session9/session9-ros2/install/cpp_package/share/cpp_package/environment/ament_prefix_path.dsv
[10.144s] -- Installing: /home/sami/session9/session9-ros2/install/cpp_package/share/cpp_package/environment/path.sh
[10.144s] -- Installing: /home/sami/session9/session9-ros2/install/cpp_package/share/cpp_package/environment/path.dsv
[10.144s] -- Installing: /home/sami/session9/session9-ros2/install/cpp_package/share/cpp_package/local_setup.bash
[10.144s] -- Installing: /home/sami/session9/session9-ros2/install/cpp_package/share/cpp_package/local_setup.sh
[10.144s] -- Installing: /home/sami/session9/session9-ros2/install/cpp_package/share/cpp_package/local_setup.zsh
[10.144s] -- Installing: /home/sami/session9/session9-ros2/install/cpp_package/share/cpp_package/local_setup.dsv
[10.144s] -- Installing: /home/sami/session9/session9-ros2/install/cpp_package/share/cpp_package/package.dsv
[10.144s] -- Installing: /home/sami/session9/session9-ros2/install/cpp_package/share/ament_index/resource_index/packages/cpp_package
[10.145s] -- Installing: /home/sami/session9/session9-ros2/install/cpp_package/share/cpp_package/cmake/cpp_packageConfig.cmake
[10.145s] -- Installing: /home/sami/session9/session9-ros2/install/cpp_package/share/cpp_package/cmake/cpp_packageConfig-version.cmake
[10.145s] -- Installing: /home/sami/session9/session9-ros2/install/cpp_package/share/cpp_package/package.xml
[10.146s] Invoked command in '/home/sami/session9/session9-ros2/build/cpp_package' returned '0': CMAKE_PREFIX_PATH=/home/sami/session9/session9-ros2/install/action_package:/home/sami/session9/session9-ros2/install/cpp_package:/home/sami/session9/install/cpp_package:/home/sami/session9/install/action_package:/opt/ros/humble /usr/bin/cmake --install /home/sami/session9/session9-ros2/build/cpp_package
