[0.007s] Invoking command in '/home/sami/session9/build/action_package': CMAKE_PREFIX_PATH=/opt/ros/humble /usr/bin/cmake /home/sami/session9/src/action_package -DCMAKE_INSTALL_PREFIX=/home/sami/session9/install/action_package
[0.089s] -- The C compiler identification is GNU 11.4.0
[0.134s] -- The CXX compiler identification is GNU 11.4.0
[0.140s] -- Detecting C compiler ABI info
[0.194s] -- Detecting C compiler ABI info - done
[0.198s] -- Check for working C compiler: /usr/bin/cc - skipped
[0.198s] -- Detecting C compile features
[0.199s] -- Detecting C compile features - done
[0.201s] -- Detecting CXX compiler ABI info
[0.258s] -- Detecting CXX compiler ABI info - done
[0.263s] -- Check for working CXX compiler: /usr/bin/c++ - skipped
[0.263s] -- Detecting CXX compile features
[0.263s] -- Detecting CXX compile features - done
[0.269s] -- Found ament_cmake: 1.3.9 (/opt/ros/humble/share/ament_cmake/cmake)
[0.376s] -- Found Python3: /usr/bin/python3 (found version "3.10.12") found components: Interpreter 
[0.441s] -- Found action_msgs: 1.2.1 (/opt/ros/humble/share/action_msgs/cmake)
[0.463s] -- Found rosidl_generator_c: 3.1.5 (/opt/ros/humble/share/rosidl_generator_c/cmake)
[0.467s] -- Found rosidl_adapter: 3.1.5 (/opt/ros/humble/share/rosidl_adapter/cmake)
[0.473s] -- Found rosidl_generator_cpp: 3.1.5 (/opt/ros/humble/share/rosidl_generator_cpp/cmake)
[0.483s] -- Using all available rosidl_typesupport_c: rosidl_typesupport_fastrtps_c;rosidl_typesupport_introspection_c
[0.495s] -- Using all available rosidl_typesupport_cpp: rosidl_typesupport_fastrtps_cpp;rosidl_typesupport_introspection_cpp
[0.545s] -- Found rclcpp: 16.0.9 (/opt/ros/humble/share/rclcpp/cmake)
[0.582s] -- Found rmw_implementation_cmake: 6.1.2 (/opt/ros/humble/share/rmw_implementation_cmake/cmake)
[0.583s] -- Found rmw_fastrtps_cpp: 6.2.6 (/opt/ros/humble/share/rmw_fastrtps_cpp/cmake)
[0.645s] -- Found OpenSSL: /usr/lib/x86_64-linux-gnu/libcrypto.so (found version "3.0.2")  
[0.662s] -- Found FastRTPS: /opt/ros/humble/include  
[0.691s] -- Using RMW implementation 'rmw_fastrtps_cpp' as default
[0.697s] -- Looking for pthread.h
[0.742s] -- Looking for pthread.h - found
[0.742s] -- Performing Test CMAKE_HAVE_LIBC_PTHREAD
[0.790s] -- Performing Test CMAKE_HAVE_LIBC_PTHREAD - Success
[0.791s] -- Found Threads: TRUE  
[0.885s] -- Found rosidl_default_generators: 1.2.0 (/opt/ros/humble/share/rosidl_default_generators/cmake)
[1.061s] -- Found ament_cmake_ros: 0.10.0 (/opt/ros/humble/share/ament_cmake_ros/cmake)
[1.275s] -- Using all available rosidl_typesupport_c: rosidl_typesupport_fastrtps_c;rosidl_typesupport_introspection_c
[1.361s] -- Using all available rosidl_typesupport_cpp: rosidl_typesupport_fastrtps_cpp;rosidl_typesupport_introspection_cpp
[1.377s] -- Found PythonInterp: /usr/bin/python3 (found suitable version "3.10.12", minimum required is "3.6") 
[1.385s] -- Found python_cmake_module: 0.10.0 (/opt/ros/humble/share/python_cmake_module/cmake)
[1.407s] -- Found PythonLibs: /usr/lib/x86_64-linux-gnu/libpython3.10.so (found suitable version "3.10.12", minimum required is "3.5") 
[1.407s] -- Using PYTHON_EXECUTABLE: /usr/bin/python3
[1.407s] -- Using PYTHON_INCLUDE_DIRS: /usr/include/python3.10
[1.407s] -- Using PYTHON_LIBRARIES: /usr/lib/x86_64-linux-gnu/libpython3.10.so
[1.422s] -- Found PythonExtra: .so  
[1.451s] -- Found ament_lint_auto: 0.12.11 (/opt/ros/humble/share/ament_lint_auto/cmake)
[1.462s] -- Added test 'lint_cmake' to check CMake code style
[1.463s] -- Added test 'xmllint' to check XML markup files
[1.464s] -- Configuring done
[1.485s] -- Generating done
[1.487s] -- Build files have been written to: /home/sami/session9/build/action_package
[1.497s] Invoked command in '/home/sami/session9/build/action_package' returned '0': CMAKE_PREFIX_PATH=/opt/ros/humble /usr/bin/cmake /home/sami/session9/src/action_package -DCMAKE_INSTALL_PREFIX=/home/sami/session9/install/action_package
[1.498s] Invoking command in '/home/sami/session9/build/action_package': CMAKE_PREFIX_PATH=/opt/ros/humble /usr/bin/cmake --build /home/sami/session9/build/action_package -- -j8 -l8
[1.526s] [  3%] [34m[1mGenerating C code for ROS interfaces[0m
[1.533s] [  6%] [34m[1mGenerating C++ code for ROS interfaces[0m
[1.539s] [  6%] Built target ament_cmake_python_copy_action_package
[1.718s] running egg_info
[1.719s] creating action_package.egg-info
[1.719s] writing action_package.egg-info/PKG-INFO
[1.719s] writing dependency_links to action_package.egg-info/dependency_links.txt
[1.720s] writing top-level names to action_package.egg-info/top_level.txt
[1.720s] writing manifest file 'action_package.egg-info/SOURCES.txt'
[1.721s] reading manifest file 'action_package.egg-info/SOURCES.txt'
[1.722s] writing manifest file 'action_package.egg-info/SOURCES.txt'
[1.743s] [  6%] Built target ament_cmake_python_build_action_package_egg
[1.857s] [  9%] [32mBuilding C object CMakeFiles/action_package__rosidl_generator_c.dir/rosidl_generator_c/action_package/action/detail/lap_time__functions.c.o[0m
[1.857s] [  9%] Built target action_package__cpp
[1.864s] [ 19%] [34m[1mGenerating C++ introspection for ROS interfaces[0m
[1.864s] [ 19%] [34m[1mGenerating C++ type support dispatch for ROS interfaces[0m
[1.864s] [ 19%] [34m[1mGenerating C++ type support for eProsima Fast-RTPS[0m
[1.955s] [ 22%] [32m[1mLinking C shared library libaction_package__rosidl_generator_c.so[0m
[1.982s] [ 22%] Built target action_package__rosidl_generator_c
[1.994s] [ 25%] [34m[1mGenerating C introspection for ROS interfaces[0m
[1.994s] [ 29%] [34m[1mGenerating C type support for eProsima Fast-RTPS[0m
[1.994s] [ 32%] [34m[1mGenerating C type support dispatch for ROS interfaces[0m
[2.149s] [ 35%] [32mBuilding CXX object CMakeFiles/action_package__rosidl_typesupport_cpp.dir/rosidl_typesupport_cpp/action_package/action/lap_time__type_support.cpp.o[0m
[2.150s] [ 38%] [32mBuilding CXX object CMakeFiles/action_package__rosidl_typesupport_introspection_cpp.dir/rosidl_typesupport_introspection_cpp/action_package/action/detail/lap_time__type_support.cpp.o[0m
[2.370s] [ 41%] [32mBuilding CXX object CMakeFiles/action_package__rosidl_typesupport_fastrtps_cpp.dir/rosidl_typesupport_fastrtps_cpp/action_package/action/detail/dds_fastrtps/lap_time__type_support.cpp.o[0m
[2.424s] [ 45%] [32mBuilding CXX object CMakeFiles/action_package__rosidl_typesupport_c.dir/rosidl_typesupport_c/action_package/action/lap_time__type_support.cpp.o[0m
[2.480s] [ 48%] [32m[1mLinking CXX shared library libaction_package__rosidl_typesupport_c.so[0m
[2.502s] [ 51%] [32mBuilding C object CMakeFiles/action_package__rosidl_typesupport_introspection_c.dir/rosidl_typesupport_introspection_c/action_package/action/detail/lap_time__type_support.c.o[0m
[2.516s] [ 54%] [32mBuilding CXX object CMakeFiles/action_package__rosidl_typesupport_fastrtps_c.dir/rosidl_typesupport_fastrtps_c/action_package/action/detail/lap_time__type_support_c.cpp.o[0m
[2.528s] [ 54%] Built target action_package__rosidl_typesupport_c
[2.530s] [ 58%] [32m[1mLinking CXX shared library libaction_package__rosidl_typesupport_cpp.so[0m
[2.548s] [ 61%] [32m[1mLinking C shared library libaction_package__rosidl_typesupport_introspection_c.so[0m
[2.565s] [ 61%] Built target action_package__rosidl_typesupport_cpp
[2.578s] [ 61%] Built target action_package__rosidl_typesupport_introspection_c
[2.688s] [ 64%] [32m[1mLinking CXX shared library libaction_package__rosidl_typesupport_introspection_cpp.so[0m
[2.746s] [ 64%] Built target action_package__rosidl_typesupport_introspection_cpp
[2.795s] [ 67%] [32m[1mLinking CXX shared library libaction_package__rosidl_typesupport_fastrtps_c.so[0m
[2.847s] [ 67%] Built target action_package__rosidl_typesupport_fastrtps_c
[2.856s] [ 70%] [32m[1mLinking CXX shared library libaction_package__rosidl_typesupport_fastrtps_cpp.so[0m
[2.903s] [ 70%] Built target action_package__rosidl_typesupport_fastrtps_cpp
[2.915s] [ 70%] Built target action_package
[2.928s] [ 74%] [34m[1mGenerating Python code for ROS interfaces[0m
[3.390s] [ 74%] Built target action_package__py
[3.402s] [ 77%] [32mBuilding C object CMakeFiles/action_package__rosidl_generator_py.dir/rosidl_generator_py/action_package/action/_lap_time_s.c.o[0m
[3.499s] [ 80%] [32m[1mLinking C shared library rosidl_generator_py/action_package/libaction_package__rosidl_generator_py.so[0m
[3.526s] [ 80%] Built target action_package__rosidl_generator_py
[3.543s] [ 90%] [32mBuilding C object CMakeFiles/action_package__rosidl_typesupport_fastrtps_c__pyext.dir/rosidl_generator_py/action_package/_action_package_s.ep.rosidl_typesupport_fastrtps_c.c.o[0m
[3.543s] [ 90%] [32mBuilding C object CMakeFiles/action_package__rosidl_typesupport_c__pyext.dir/rosidl_generator_py/action_package/_action_package_s.ep.rosidl_typesupport_c.c.o[0m
[3.543s] [ 90%] [32mBuilding C object CMakeFiles/action_package__rosidl_typesupport_introspection_c__pyext.dir/rosidl_generator_py/action_package/_action_package_s.ep.rosidl_typesupport_introspection_c.c.o[0m
[3.626s] [100%] [32m[1mLinking C shared library rosidl_generator_py/action_package/action_package_s__rosidl_typesupport_introspection_c.cpython-310-x86_64-linux-gnu.so[0m
[3.626s] [100%] [32m[1mLinking C shared library rosidl_generator_py/action_package/action_package_s__rosidl_typesupport_c.cpython-310-x86_64-linux-gnu.so[0m
[3.626s] [100%] [32m[1mLinking C shared library rosidl_generator_py/action_package/action_package_s__rosidl_typesupport_fastrtps_c.cpython-310-x86_64-linux-gnu.so[0m
[3.653s] [100%] Built target action_package__rosidl_typesupport_introspection_c__pyext
[3.653s] [100%] Built target action_package__rosidl_typesupport_fastrtps_c__pyext
[3.653s] [100%] Built target action_package__rosidl_typesupport_c__pyext
[3.661s] Invoked command in '/home/sami/session9/build/action_package' returned '0': CMAKE_PREFIX_PATH=/opt/ros/humble /usr/bin/cmake --build /home/sami/session9/build/action_package -- -j8 -l8
[3.703s] Invoking command in '/home/sami/session9/build/action_package': CMAKE_PREFIX_PATH=/opt/ros/humble /usr/bin/cmake --install /home/sami/session9/build/action_package
[3.709s] -- Install configuration: ""
[3.709s] -- Installing: /home/sami/session9/install/action_package/share/ament_index/resource_index/rosidl_interfaces/action_package
[3.709s] -- Installing: /home/sami/session9/install/action_package/include/action_package/action_package
[3.710s] -- Installing: /home/sami/session9/install/action_package/include/action_package/action_package/action
[3.710s] -- Installing: /home/sami/session9/install/action_package/include/action_package/action_package/action/lap_time.h
[3.710s] -- Installing: /home/sami/session9/install/action_package/include/action_package/action_package/action/detail
[3.710s] -- Installing: /home/sami/session9/install/action_package/include/action_package/action_package/action/detail/lap_time__struct.h
[3.710s] -- Installing: /home/sami/session9/install/action_package/include/action_package/action_package/action/detail/lap_time__functions.c
[3.710s] -- Installing: /home/sami/session9/install/action_package/include/action_package/action_package/action/detail/lap_time__functions.h
[3.710s] -- Installing: /home/sami/session9/install/action_package/include/action_package/action_package/action/detail/lap_time__type_support.h
[3.710s] -- Installing: /home/sami/session9/install/action_package/include/action_package/action_package/msg
[3.710s] -- Installing: /home/sami/session9/install/action_package/include/action_package/action_package/msg/rosidl_generator_c__visibility_control.h
[3.710s] -- Installing: /home/sami/session9/install/action_package/share/action_package/environment/library_path.sh
[3.710s] -- Installing: /home/sami/session9/install/action_package/share/action_package/environment/library_path.dsv
[3.710s] -- Installing: /home/sami/session9/install/action_package/lib/libaction_package__rosidl_generator_c.so
[3.710s] -- Set runtime path of "/home/sami/session9/install/action_package/lib/libaction_package__rosidl_generator_c.so" to ""
[3.710s] -- Up-to-date: /home/sami/session9/install/action_package/include/action_package/action_package
[3.710s] -- Up-to-date: /home/sami/session9/install/action_package/include/action_package/action_package/action
[3.711s] -- Up-to-date: /home/sami/session9/install/action_package/include/action_package/action_package/action/detail
[3.711s] -- Installing: /home/sami/session9/install/action_package/include/action_package/action_package/action/detail/lap_time__rosidl_typesupport_fastrtps_c.h
[3.711s] -- Up-to-date: /home/sami/session9/install/action_package/include/action_package/action_package/msg
[3.711s] -- Installing: /home/sami/session9/install/action_package/include/action_package/action_package/msg/rosidl_typesupport_fastrtps_c__visibility_control.h
[3.711s] -- Installing: /home/sami/session9/install/action_package/lib/libaction_package__rosidl_typesupport_fastrtps_c.so
[3.711s] -- Set runtime path of "/home/sami/session9/install/action_package/lib/libaction_package__rosidl_typesupport_fastrtps_c.so" to ""
[3.711s] -- Up-to-date: /home/sami/session9/install/action_package/include/action_package/action_package
[3.711s] -- Up-to-date: /home/sami/session9/install/action_package/include/action_package/action_package/action
[3.711s] -- Installing: /home/sami/session9/install/action_package/include/action_package/action_package/action/lap_time.hpp
[3.711s] -- Up-to-date: /home/sami/session9/install/action_package/include/action_package/action_package/action/detail
[3.711s] -- Installing: /home/sami/session9/install/action_package/include/action_package/action_package/action/detail/lap_time__struct.hpp
[3.711s] -- Installing: /home/sami/session9/install/action_package/include/action_package/action_package/action/detail/lap_time__builder.hpp
[3.711s] -- Installing: /home/sami/session9/install/action_package/include/action_package/action_package/action/detail/lap_time__traits.hpp
[3.711s] -- Up-to-date: /home/sami/session9/install/action_package/include/action_package/action_package
[3.711s] -- Up-to-date: /home/sami/session9/install/action_package/include/action_package/action_package/action
[3.711s] -- Up-to-date: /home/sami/session9/install/action_package/include/action_package/action_package/action/detail
[3.711s] -- Installing: /home/sami/session9/install/action_package/include/action_package/action_package/action/detail/dds_fastrtps
[3.712s] -- Installing: /home/sami/session9/install/action_package/include/action_package/action_package/action/detail/lap_time__rosidl_typesupport_fastrtps_cpp.hpp
[3.712s] -- Up-to-date: /home/sami/session9/install/action_package/include/action_package/action_package/msg
[3.712s] -- Installing: /home/sami/session9/install/action_package/include/action_package/action_package/msg/rosidl_typesupport_fastrtps_cpp__visibility_control.h
[3.712s] -- Installing: /home/sami/session9/install/action_package/lib/libaction_package__rosidl_typesupport_fastrtps_cpp.so
[3.712s] -- Set runtime path of "/home/sami/session9/install/action_package/lib/libaction_package__rosidl_typesupport_fastrtps_cpp.so" to ""
[3.712s] -- Up-to-date: /home/sami/session9/install/action_package/include/action_package/action_package
[3.712s] -- Up-to-date: /home/sami/session9/install/action_package/include/action_package/action_package/action
[3.712s] -- Up-to-date: /home/sami/session9/install/action_package/include/action_package/action_package/action/detail
[3.712s] -- Installing: /home/sami/session9/install/action_package/include/action_package/action_package/action/detail/lap_time__type_support.c
[3.712s] -- Installing: /home/sami/session9/install/action_package/include/action_package/action_package/action/detail/lap_time__rosidl_typesupport_introspection_c.h
[3.712s] -- Up-to-date: /home/sami/session9/install/action_package/include/action_package/action_package/msg
[3.712s] -- Installing: /home/sami/session9/install/action_package/include/action_package/action_package/msg/rosidl_typesupport_introspection_c__visibility_control.h
[3.712s] -- Installing: /home/sami/session9/install/action_package/lib/libaction_package__rosidl_typesupport_introspection_c.so
[3.712s] -- Set runtime path of "/home/sami/session9/install/action_package/lib/libaction_package__rosidl_typesupport_introspection_c.so" to ""
[3.712s] -- Installing: /home/sami/session9/install/action_package/lib/libaction_package__rosidl_typesupport_c.so
[3.713s] -- Set runtime path of "/home/sami/session9/install/action_package/lib/libaction_package__rosidl_typesupport_c.so" to ""
[3.713s] -- Up-to-date: /home/sami/session9/install/action_package/include/action_package/action_package
[3.713s] -- Up-to-date: /home/sami/session9/install/action_package/include/action_package/action_package/action
[3.713s] -- Up-to-date: /home/sami/session9/install/action_package/include/action_package/action_package/action/detail
[3.713s] -- Installing: /home/sami/session9/install/action_package/include/action_package/action_package/action/detail/lap_time__rosidl_typesupport_introspection_cpp.hpp
[3.713s] -- Installing: /home/sami/session9/install/action_package/include/action_package/action_package/action/detail/lap_time__type_support.cpp
[3.713s] -- Installing: /home/sami/session9/install/action_package/lib/libaction_package__rosidl_typesupport_introspection_cpp.so
[3.713s] -- Set runtime path of "/home/sami/session9/install/action_package/lib/libaction_package__rosidl_typesupport_introspection_cpp.so" to ""
[3.713s] -- Installing: /home/sami/session9/install/action_package/lib/libaction_package__rosidl_typesupport_cpp.so
[3.713s] -- Set runtime path of "/home/sami/session9/install/action_package/lib/libaction_package__rosidl_typesupport_cpp.so" to ""
[3.713s] -- Installing: /home/sami/session9/install/action_package/share/action_package/environment/pythonpath.sh
[3.713s] -- Installing: /home/sami/session9/install/action_package/share/action_package/environment/pythonpath.dsv
[3.713s] -- Installing: /home/sami/session9/install/action_package/local/lib/python3.10/dist-packages/action_package-0.0.0-py3.10.egg-info
[3.714s] -- Installing: /home/sami/session9/install/action_package/local/lib/python3.10/dist-packages/action_package-0.0.0-py3.10.egg-info/top_level.txt
[3.714s] -- Installing: /home/sami/session9/install/action_package/local/lib/python3.10/dist-packages/action_package-0.0.0-py3.10.egg-info/PKG-INFO
[3.714s] -- Installing: /home/sami/session9/install/action_package/local/lib/python3.10/dist-packages/action_package-0.0.0-py3.10.egg-info/SOURCES.txt
[3.714s] -- Installing: /home/sami/session9/install/action_package/local/lib/python3.10/dist-packages/action_package-0.0.0-py3.10.egg-info/dependency_links.txt
[3.714s] -- Installing: /home/sami/session9/install/action_package/local/lib/python3.10/dist-packages/action_package
[3.714s] -- Installing: /home/sami/session9/install/action_package/local/lib/python3.10/dist-packages/action_package/action_package_s__rosidl_typesupport_introspection_c.cpython-310-x86_64-linux-gnu.so
[3.714s] -- Installing: /home/sami/session9/install/action_package/local/lib/python3.10/dist-packages/action_package/action
[3.714s] -- Installing: /home/sami/session9/install/action_package/local/lib/python3.10/dist-packages/action_package/action/_lap_time_s.c
[3.714s] -- Installing: /home/sami/session9/install/action_package/local/lib/python3.10/dist-packages/action_package/action/_lap_time.py
[3.714s] -- Installing: /home/sami/session9/install/action_package/local/lib/python3.10/dist-packages/action_package/action/__init__.py
[3.714s] -- Installing: /home/sami/session9/install/action_package/local/lib/python3.10/dist-packages/action_package/_action_package_s.ep.rosidl_typesupport_fastrtps_c.c
[3.714s] -- Installing: /home/sami/session9/install/action_package/local/lib/python3.10/dist-packages/action_package/_action_package_s.ep.rosidl_typesupport_introspection_c.c
[3.714s] -- Installing: /home/sami/session9/install/action_package/local/lib/python3.10/dist-packages/action_package/_action_package_s.ep.rosidl_typesupport_c.c
[3.714s] -- Installing: /home/sami/session9/install/action_package/local/lib/python3.10/dist-packages/action_package/__init__.py
[3.714s] -- Installing: /home/sami/session9/install/action_package/local/lib/python3.10/dist-packages/action_package/libaction_package__rosidl_generator_py.so
[3.715s] -- Installing: /home/sami/session9/install/action_package/local/lib/python3.10/dist-packages/action_package/action_package_s__rosidl_typesupport_c.cpython-310-x86_64-linux-gnu.so
[3.715s] -- Installing: /home/sami/session9/install/action_package/local/lib/python3.10/dist-packages/action_package/action_package_s__rosidl_typesupport_fastrtps_c.cpython-310-x86_64-linux-gnu.so
[3.739s] Listing '/home/sami/session9/install/action_package/local/lib/python3.10/dist-packages/action_package'...
[3.739s] Compiling '/home/sami/session9/install/action_package/local/lib/python3.10/dist-packages/action_package/__init__.py'...
[3.739s] Listing '/home/sami/session9/install/action_package/local/lib/python3.10/dist-packages/action_package/action'...
[3.739s] Compiling '/home/sami/session9/install/action_package/local/lib/python3.10/dist-packages/action_package/action/__init__.py'...
[3.739s] Compiling '/home/sami/session9/install/action_package/local/lib/python3.10/dist-packages/action_package/action/_lap_time.py'...
[3.742s] -- Installing: /home/sami/session9/install/action_package/local/lib/python3.10/dist-packages/action_package/action_package_s__rosidl_typesupport_fastrtps_c.cpython-310-x86_64-linux-gnu.so
[3.742s] -- Set runtime path of "/home/sami/session9/install/action_package/local/lib/python3.10/dist-packages/action_package/action_package_s__rosidl_typesupport_fastrtps_c.cpython-310-x86_64-linux-gnu.so" to ""
[3.742s] -- Installing: /home/sami/session9/install/action_package/local/lib/python3.10/dist-packages/action_package/action_package_s__rosidl_typesupport_introspection_c.cpython-310-x86_64-linux-gnu.so
[3.742s] -- Set runtime path of "/home/sami/session9/install/action_package/local/lib/python3.10/dist-packages/action_package/action_package_s__rosidl_typesupport_introspection_c.cpython-310-x86_64-linux-gnu.so" to ""
[3.743s] -- Installing: /home/sami/session9/install/action_package/local/lib/python3.10/dist-packages/action_package/action_package_s__rosidl_typesupport_c.cpython-310-x86_64-linux-gnu.so
[3.743s] -- Set runtime path of "/home/sami/session9/install/action_package/local/lib/python3.10/dist-packages/action_package/action_package_s__rosidl_typesupport_c.cpython-310-x86_64-linux-gnu.so" to ""
[3.743s] -- Installing: /home/sami/session9/install/action_package/lib/libaction_package__rosidl_generator_py.so
[3.743s] -- Set runtime path of "/home/sami/session9/install/action_package/lib/libaction_package__rosidl_generator_py.so" to ""
[3.743s] -- Installing: /home/sami/session9/install/action_package/share/action_package/action/LapTime.idl
[3.743s] -- Installing: /home/sami/session9/install/action_package/share/action_package/action/LapTime.action
[3.743s] -- Installing: /home/sami/session9/install/action_package/share/ament_index/resource_index/package_run_dependencies/action_package
[3.743s] -- Installing: /home/sami/session9/install/action_package/share/ament_index/resource_index/parent_prefix_path/action_package
[3.743s] -- Installing: /home/sami/session9/install/action_package/share/action_package/environment/ament_prefix_path.sh
[3.743s] -- Installing: /home/sami/session9/install/action_package/share/action_package/environment/ament_prefix_path.dsv
[3.744s] -- Installing: /home/sami/session9/install/action_package/share/action_package/environment/path.sh
[3.744s] -- Installing: /home/sami/session9/install/action_package/share/action_package/environment/path.dsv
[3.744s] -- Installing: /home/sami/session9/install/action_package/share/action_package/local_setup.bash
[3.744s] -- Installing: /home/sami/session9/install/action_package/share/action_package/local_setup.sh
[3.744s] -- Installing: /home/sami/session9/install/action_package/share/action_package/local_setup.zsh
[3.744s] -- Installing: /home/sami/session9/install/action_package/share/action_package/local_setup.dsv
[3.744s] -- Installing: /home/sami/session9/install/action_package/share/action_package/package.dsv
[3.744s] -- Installing: /home/sami/session9/install/action_package/share/ament_index/resource_index/packages/action_package
[3.744s] -- Installing: /home/sami/session9/install/action_package/share/action_package/cmake/export_action_package__rosidl_generator_cExport.cmake
[3.744s] -- Installing: /home/sami/session9/install/action_package/share/action_package/cmake/export_action_package__rosidl_generator_cExport-noconfig.cmake
[3.744s] -- Installing: /home/sami/session9/install/action_package/share/action_package/cmake/export_action_package__rosidl_typesupport_fastrtps_cExport.cmake
[3.744s] -- Installing: /home/sami/session9/install/action_package/share/action_package/cmake/export_action_package__rosidl_typesupport_fastrtps_cExport-noconfig.cmake
[3.744s] -- Installing: /home/sami/session9/install/action_package/share/action_package/cmake/export_action_package__rosidl_generator_cppExport.cmake
[3.744s] -- Installing: /home/sami/session9/install/action_package/share/action_package/cmake/export_action_package__rosidl_typesupport_fastrtps_cppExport.cmake
[3.744s] -- Installing: /home/sami/session9/install/action_package/share/action_package/cmake/export_action_package__rosidl_typesupport_fastrtps_cppExport-noconfig.cmake
[3.744s] -- Installing: /home/sami/session9/install/action_package/share/action_package/cmake/action_package__rosidl_typesupport_introspection_cExport.cmake
[3.745s] -- Installing: /home/sami/session9/install/action_package/share/action_package/cmake/action_package__rosidl_typesupport_introspection_cExport-noconfig.cmake
[3.745s] -- Installing: /home/sami/session9/install/action_package/share/action_package/cmake/action_package__rosidl_typesupport_cExport.cmake
[3.745s] -- Installing: /home/sami/session9/install/action_package/share/action_package/cmake/action_package__rosidl_typesupport_cExport-noconfig.cmake
[3.745s] -- Installing: /home/sami/session9/install/action_package/share/action_package/cmake/action_package__rosidl_typesupport_introspection_cppExport.cmake
[3.745s] -- Installing: /home/sami/session9/install/action_package/share/action_package/cmake/action_package__rosidl_typesupport_introspection_cppExport-noconfig.cmake
[3.745s] -- Installing: /home/sami/session9/install/action_package/share/action_package/cmake/action_package__rosidl_typesupport_cppExport.cmake
[3.745s] -- Installing: /home/sami/session9/install/action_package/share/action_package/cmake/action_package__rosidl_typesupport_cppExport-noconfig.cmake
[3.745s] -- Installing: /home/sami/session9/install/action_package/share/action_package/cmake/export_action_package__rosidl_generator_pyExport.cmake
[3.745s] -- Installing: /home/sami/session9/install/action_package/share/action_package/cmake/export_action_package__rosidl_generator_pyExport-noconfig.cmake
[3.745s] -- Installing: /home/sami/session9/install/action_package/share/action_package/cmake/rosidl_cmake-extras.cmake
[3.745s] -- Installing: /home/sami/session9/install/action_package/share/action_package/cmake/ament_cmake_export_dependencies-extras.cmake
[3.745s] -- Installing: /home/sami/session9/install/action_package/share/action_package/cmake/ament_cmake_export_include_directories-extras.cmake
[3.745s] -- Installing: /home/sami/session9/install/action_package/share/action_package/cmake/ament_cmake_export_libraries-extras.cmake
[3.745s] -- Installing: /home/sami/session9/install/action_package/share/action_package/cmake/ament_cmake_export_targets-extras.cmake
[3.746s] -- Installing: /home/sami/session9/install/action_package/share/action_package/cmake/rosidl_cmake_export_typesupport_targets-extras.cmake
[3.746s] -- Installing: /home/sami/session9/install/action_package/share/action_package/cmake/rosidl_cmake_export_typesupport_libraries-extras.cmake
[3.746s] -- Installing: /home/sami/session9/install/action_package/share/action_package/cmake/action_packageConfig.cmake
[3.746s] -- Installing: /home/sami/session9/install/action_package/share/action_package/cmake/action_packageConfig-version.cmake
[3.746s] -- Installing: /home/sami/session9/install/action_package/share/action_package/package.xml
[3.748s] Invoked command in '/home/sami/session9/build/action_package' returned '0': CMAKE_PREFIX_PATH=/opt/ros/humble /usr/bin/cmake --install /home/sami/session9/build/action_package
