-- The C compiler identification is GNU 11.4.0
-- The CXX compiler identification is GNU 11.4.0
-- Detecting C compiler ABI info
-- Detecting C compiler ABI info - done
-- Check for working C compiler: /usr/bin/cc - skipped
-- Detecting C compile features
-- Detecting C compile features - done
-- Detecting CXX compiler ABI info
-- Detecting CXX compiler ABI info - done
-- Check for working CXX compiler: /usr/bin/c++ - skipped
-- Detecting CXX compile features
-- Detecting CXX compile features - done
-- Found ament_cmake: 1.3.9 (/opt/ros/humble/share/ament_cmake/cmake)
-- Found Python3: /usr/bin/python3 (found version "3.10.12") found components: Interpreter 
-- Found action_msgs: 1.2.1 (/opt/ros/humble/share/action_msgs/cmake)
-- Found rosidl_generator_c: 3.1.5 (/opt/ros/humble/share/rosidl_generator_c/cmake)
-- Found rosidl_adapter: 3.1.5 (/opt/ros/humble/share/rosidl_adapter/cmake)
-- Found rosidl_generator_cpp: 3.1.5 (/opt/ros/humble/share/rosidl_generator_cpp/cmake)
-- Using all available rosidl_typesupport_c: rosidl_typesupport_fastrtps_c;rosidl_typesupport_introspection_c
-- Using all available rosidl_typesupport_cpp: rosidl_typesupport_fastrtps_cpp;rosidl_typesupport_introspection_cpp
-- Found rclcpp: 16.0.9 (/opt/ros/humble/share/rclcpp/cmake)
-- Found rmw_implementation_cmake: 6.1.2 (/opt/ros/humble/share/rmw_implementation_cmake/cmake)
-- Found rmw_fastrtps_cpp: 6.2.6 (/opt/ros/humble/share/rmw_fastrtps_cpp/cmake)
-- Found OpenSSL: /usr/lib/x86_64-linux-gnu/libcrypto.so (found version "3.0.2")  
-- Found FastRTPS: /opt/ros/humble/include  
-- Using RMW implementation 'rmw_fastrtps_cpp' as default
-- Looking for pthread.h
-- Looking for pthread.h - found
-- Performing Test CMAKE_HAVE_LIBC_PTHREAD
-- Performing Test CMAKE_HAVE_LIBC_PTHREAD - Success
-- Found Threads: TRUE  
-- Found rosidl_default_generators: 1.2.0 (/opt/ros/humble/share/rosidl_default_generators/cmake)
-- Found ament_cmake_ros: 0.10.0 (/opt/ros/humble/share/ament_cmake_ros/cmake)
-- Using all available rosidl_typesupport_c: rosidl_typesupport_fastrtps_c;rosidl_typesupport_introspection_c
-- Using all available rosidl_typesupport_cpp: rosidl_typesupport_fastrtps_cpp;rosidl_typesupport_introspection_cpp
-- Found PythonInterp: /usr/bin/python3 (found suitable version "3.10.12", minimum required is "3.6") 
-- Found python_cmake_module: 0.10.0 (/opt/ros/humble/share/python_cmake_module/cmake)
-- Found PythonLibs: /usr/lib/x86_64-linux-gnu/libpython3.10.so (found suitable version "3.10.12", minimum required is "3.5") 
-- Using PYTHON_EXECUTABLE: /usr/bin/python3
-- Using PYTHON_INCLUDE_DIRS: /usr/include/python3.10
-- Using PYTHON_LIBRARIES: /usr/lib/x86_64-linux-gnu/libpython3.10.so
-- Found PythonExtra: .so  
-- Found ament_lint_auto: 0.12.11 (/opt/ros/humble/share/ament_lint_auto/cmake)
-- Added test 'lint_cmake' to check CMake code style
-- Added test 'xmllint' to check XML markup files
-- Configuring done
-- Generating done
-- Build files have been written to: /home/sami/session9/session9-ros2/build/action_package
[  2%] [34m[1mGenerating C code for ROS interfaces[0m
[  5%] [34m[1mGenerating C++ code for ROS interfaces[0m
[  5%] Built target ament_cmake_python_copy_action_package
running egg_info
creating action_package.egg-info
writing action_package.egg-info/PKG-INFO
writing dependency_links to action_package.egg-info/dependency_links.txt
writing top-level names to action_package.egg-info/top_level.txt
writing manifest file 'action_package.egg-info/SOURCES.txt'
reading manifest file 'action_package.egg-info/SOURCES.txt'
writing manifest file 'action_package.egg-info/SOURCES.txt'
[  5%] Built target ament_cmake_python_build_action_package_egg
[  5%] Built target action_package__cpp
[ 12%] [34m[1mGenerating C++ type support dispatch for ROS interfaces[0m
[ 12%] [34m[1mGenerating C++ introspection for ROS interfaces[0m
[ 12%] [34m[1mGenerating C++ type support for eProsima Fast-RTPS[0m
[ 15%] [32mBuilding C object CMakeFiles/action_package__rosidl_generator_c.dir/rosidl_generator_c/action_package/action/detail/lap_time__functions.c.o[0m
[ 17%] [32mBuilding C object CMakeFiles/action_package__rosidl_generator_c.dir/rosidl_generator_c/action_package/srv/detail/find_closest_wall__functions.c.o[0m
[ 20%] [32m[1mLinking C shared library libaction_package__rosidl_generator_c.so[0m
[ 20%] Built target action_package__rosidl_generator_c
[ 23%] [34m[1mGenerating C type support for eProsima Fast-RTPS[0m
[ 25%] [34m[1mGenerating C introspection for ROS interfaces[0m
[ 28%] [34m[1mGenerating C type support dispatch for ROS interfaces[0m
[ 30%] [32mBuilding CXX object CMakeFiles/action_package__rosidl_typesupport_cpp.dir/rosidl_typesupport_cpp/action_package/action/lap_time__type_support.cpp.o[0m
[ 33%] [32mBuilding CXX object CMakeFiles/action_package__rosidl_typesupport_cpp.dir/rosidl_typesupport_cpp/action_package/srv/find_closest_wall__type_support.cpp.o[0m
[ 38%] [32mBuilding CXX object CMakeFiles/action_package__rosidl_typesupport_fastrtps_cpp.dir/rosidl_typesupport_fastrtps_cpp/action_package/action/detail/dds_fastrtps/lap_time__type_support.cpp.o[0m
[ 38%] [32mBuilding CXX object CMakeFiles/action_package__rosidl_typesupport_fastrtps_cpp.dir/rosidl_typesupport_fastrtps_cpp/action_package/srv/detail/dds_fastrtps/find_closest_wall__type_support.cpp.o[0m
[ 41%] [32mBuilding CXX object CMakeFiles/action_package__rosidl_typesupport_introspection_cpp.dir/rosidl_typesupport_introspection_cpp/action_package/action/detail/lap_time__type_support.cpp.o[0m
[ 43%] [32mBuilding CXX object CMakeFiles/action_package__rosidl_typesupport_introspection_cpp.dir/rosidl_typesupport_introspection_cpp/action_package/srv/detail/find_closest_wall__type_support.cpp.o[0m
[ 46%] [32mBuilding CXX object CMakeFiles/action_package__rosidl_typesupport_c.dir/rosidl_typesupport_c/action_package/action/lap_time__type_support.cpp.o[0m
[ 48%] [32mBuilding CXX object CMakeFiles/action_package__rosidl_typesupport_c.dir/rosidl_typesupport_c/action_package/srv/find_closest_wall__type_support.cpp.o[0m
[ 51%] [32m[1mLinking CXX shared library libaction_package__rosidl_typesupport_c.so[0m
[ 53%] [32mBuilding C object CMakeFiles/action_package__rosidl_typesupport_introspection_c.dir/rosidl_typesupport_introspection_c/action_package/action/detail/lap_time__type_support.c.o[0m
[ 56%] [32m[1mLinking CXX shared library libaction_package__rosidl_typesupport_cpp.so[0m
[ 58%] [32mBuilding CXX object CMakeFiles/action_package__rosidl_typesupport_fastrtps_c.dir/rosidl_typesupport_fastrtps_c/action_package/action/detail/lap_time__type_support_c.cpp.o[0m
[ 58%] Built target action_package__rosidl_typesupport_c
[ 61%] [32mBuilding C object CMakeFiles/action_package__rosidl_typesupport_introspection_c.dir/rosidl_typesupport_introspection_c/action_package/srv/detail/find_closest_wall__type_support.c.o[0m
[ 64%] [32mBuilding CXX object CMakeFiles/action_package__rosidl_typesupport_fastrtps_c.dir/rosidl_typesupport_fastrtps_c/action_package/srv/detail/find_closest_wall__type_support_c.cpp.o[0m
[ 66%] [32m[1mLinking C shared library libaction_package__rosidl_typesupport_introspection_c.so[0m
[ 66%] Built target action_package__rosidl_typesupport_cpp
[ 66%] Built target action_package__rosidl_typesupport_introspection_c
[ 69%] [32m[1mLinking CXX shared library libaction_package__rosidl_typesupport_fastrtps_cpp.so[0m
[ 71%] [32m[1mLinking CXX shared library libaction_package__rosidl_typesupport_introspection_cpp.so[0m
[ 71%] Built target action_package__rosidl_typesupport_fastrtps_cpp
[ 71%] Built target action_package__rosidl_typesupport_introspection_cpp
[ 74%] [32m[1mLinking CXX shared library libaction_package__rosidl_typesupport_fastrtps_c.so[0m
[ 74%] Built target action_package__rosidl_typesupport_fastrtps_c
[ 74%] Built target action_package
[ 76%] [34m[1mGenerating Python code for ROS interfaces[0m
[ 76%] Built target action_package__py
[ 79%] [32mBuilding C object CMakeFiles/action_package__rosidl_generator_py.dir/rosidl_generator_py/action_package/srv/_find_closest_wall_s.c.o[0m
[ 82%] [32mBuilding C object CMakeFiles/action_package__rosidl_generator_py.dir/rosidl_generator_py/action_package/action/_lap_time_s.c.o[0m
[ 84%] [32m[1mLinking C shared library rosidl_generator_py/action_package/libaction_package__rosidl_generator_py.so[0m
[ 84%] Built target action_package__rosidl_generator_py
[ 92%] [32mBuilding C object CMakeFiles/action_package__rosidl_typesupport_c__pyext.dir/rosidl_generator_py/action_package/_action_package_s.ep.rosidl_typesupport_c.c.o[0m
[ 92%] [32mBuilding C object CMakeFiles/action_package__rosidl_typesupport_introspection_c__pyext.dir/rosidl_generator_py/action_package/_action_package_s.ep.rosidl_typesupport_introspection_c.c.o[0m
[ 92%] [32mBuilding C object CMakeFiles/action_package__rosidl_typesupport_fastrtps_c__pyext.dir/rosidl_generator_py/action_package/_action_package_s.ep.rosidl_typesupport_fastrtps_c.c.o[0m
[ 97%] [32m[1mLinking C shared library rosidl_generator_py/action_package/action_package_s__rosidl_typesupport_fastrtps_c.cpython-310-x86_64-linux-gnu.so[0m
[ 97%] [32m[1mLinking C shared library rosidl_generator_py/action_package/action_package_s__rosidl_typesupport_introspection_c.cpython-310-x86_64-linux-gnu.so[0m
[100%] [32m[1mLinking C shared library rosidl_generator_py/action_package/action_package_s__rosidl_typesupport_c.cpython-310-x86_64-linux-gnu.so[0m
[100%] Built target action_package__rosidl_typesupport_fastrtps_c__pyext
[100%] Built target action_package__rosidl_typesupport_introspection_c__pyext
[100%] Built target action_package__rosidl_typesupport_c__pyext
-- Install configuration: ""
-- Installing: /home/sami/session9/session9-ros2/install/action_package/share/ament_index/resource_index/rosidl_interfaces/action_package
-- Installing: /home/sami/session9/session9-ros2/install/action_package/include/action_package/action_package
-- Installing: /home/sami/session9/session9-ros2/install/action_package/include/action_package/action_package/srv
-- Installing: /home/sami/session9/session9-ros2/install/action_package/include/action_package/action_package/srv/detail
-- Installing: /home/sami/session9/session9-ros2/install/action_package/include/action_package/action_package/srv/detail/find_closest_wall__type_support.h
-- Installing: /home/sami/session9/session9-ros2/install/action_package/include/action_package/action_package/srv/detail/find_closest_wall__functions.c
-- Installing: /home/sami/session9/session9-ros2/install/action_package/include/action_package/action_package/srv/detail/find_closest_wall__struct.h
-- Installing: /home/sami/session9/session9-ros2/install/action_package/include/action_package/action_package/srv/detail/find_closest_wall__functions.h
-- Installing: /home/sami/session9/session9-ros2/install/action_package/include/action_package/action_package/srv/find_closest_wall.h
-- Installing: /home/sami/session9/session9-ros2/install/action_package/include/action_package/action_package/action
-- Installing: /home/sami/session9/session9-ros2/install/action_package/include/action_package/action_package/action/lap_time.h
-- Installing: /home/sami/session9/session9-ros2/install/action_package/include/action_package/action_package/action/detail
-- Installing: /home/sami/session9/session9-ros2/install/action_package/include/action_package/action_package/action/detail/lap_time__struct.h
-- Installing: /home/sami/session9/session9-ros2/install/action_package/include/action_package/action_package/action/detail/lap_time__functions.c
-- Installing: /home/sami/session9/session9-ros2/install/action_package/include/action_package/action_package/action/detail/lap_time__functions.h
-- Installing: /home/sami/session9/session9-ros2/install/action_package/include/action_package/action_package/action/detail/lap_time__type_support.h
-- Installing: /home/sami/session9/session9-ros2/install/action_package/include/action_package/action_package/msg
-- Installing: /home/sami/session9/session9-ros2/install/action_package/include/action_package/action_package/msg/rosidl_generator_c__visibility_control.h
-- Installing: /home/sami/session9/session9-ros2/install/action_package/share/action_package/environment/library_path.sh
-- Installing: /home/sami/session9/session9-ros2/install/action_package/share/action_package/environment/library_path.dsv
-- Installing: /home/sami/session9/session9-ros2/install/action_package/lib/libaction_package__rosidl_generator_c.so
-- Set runtime path of "/home/sami/session9/session9-ros2/install/action_package/lib/libaction_package__rosidl_generator_c.so" to ""
-- Up-to-date: /home/sami/session9/session9-ros2/install/action_package/include/action_package/action_package
-- Up-to-date: /home/sami/session9/session9-ros2/install/action_package/include/action_package/action_package/srv
-- Up-to-date: /home/sami/session9/session9-ros2/install/action_package/include/action_package/action_package/srv/detail
-- Installing: /home/sami/session9/session9-ros2/install/action_package/include/action_package/action_package/srv/detail/find_closest_wall__rosidl_typesupport_fastrtps_c.h
-- Up-to-date: /home/sami/session9/session9-ros2/install/action_package/include/action_package/action_package/action
-- Up-to-date: /home/sami/session9/session9-ros2/install/action_package/include/action_package/action_package/action/detail
-- Installing: /home/sami/session9/session9-ros2/install/action_package/include/action_package/action_package/action/detail/lap_time__rosidl_typesupport_fastrtps_c.h
-- Up-to-date: /home/sami/session9/session9-ros2/install/action_package/include/action_package/action_package/msg
-- Installing: /home/sami/session9/session9-ros2/install/action_package/include/action_package/action_package/msg/rosidl_typesupport_fastrtps_c__visibility_control.h
-- Installing: /home/sami/session9/session9-ros2/install/action_package/lib/libaction_package__rosidl_typesupport_fastrtps_c.so
-- Set runtime path of "/home/sami/session9/session9-ros2/install/action_package/lib/libaction_package__rosidl_typesupport_fastrtps_c.so" to ""
-- Up-to-date: /home/sami/session9/session9-ros2/install/action_package/include/action_package/action_package
-- Up-to-date: /home/sami/session9/session9-ros2/install/action_package/include/action_package/action_package/srv
-- Up-to-date: /home/sami/session9/session9-ros2/install/action_package/include/action_package/action_package/srv/detail
-- Installing: /home/sami/session9/session9-ros2/install/action_package/include/action_package/action_package/srv/detail/find_closest_wall__builder.hpp
-- Installing: /home/sami/session9/session9-ros2/install/action_package/include/action_package/action_package/srv/detail/find_closest_wall__struct.hpp
-- Installing: /home/sami/session9/session9-ros2/install/action_package/include/action_package/action_package/srv/detail/find_closest_wall__traits.hpp
-- Installing: /home/sami/session9/session9-ros2/install/action_package/include/action_package/action_package/srv/find_closest_wall.hpp
-- Up-to-date: /home/sami/session9/session9-ros2/install/action_package/include/action_package/action_package/action
-- Installing: /home/sami/session9/session9-ros2/install/action_package/include/action_package/action_package/action/lap_time.hpp
-- Up-to-date: /home/sami/session9/session9-ros2/install/action_package/include/action_package/action_package/action/detail
-- Installing: /home/sami/session9/session9-ros2/install/action_package/include/action_package/action_package/action/detail/lap_time__struct.hpp
-- Installing: /home/sami/session9/session9-ros2/install/action_package/include/action_package/action_package/action/detail/lap_time__builder.hpp
-- Installing: /home/sami/session9/session9-ros2/install/action_package/include/action_package/action_package/action/detail/lap_time__traits.hpp
-- Up-to-date: /home/sami/session9/session9-ros2/install/action_package/include/action_package/action_package
-- Up-to-date: /home/sami/session9/session9-ros2/install/action_package/include/action_package/action_package/srv
-- Up-to-date: /home/sami/session9/session9-ros2/install/action_package/include/action_package/action_package/srv/detail
-- Installing: /home/sami/session9/session9-ros2/install/action_package/include/action_package/action_package/srv/detail/dds_fastrtps
-- Installing: /home/sami/session9/session9-ros2/install/action_package/include/action_package/action_package/srv/detail/find_closest_wall__rosidl_typesupport_fastrtps_cpp.hpp
-- Up-to-date: /home/sami/session9/session9-ros2/install/action_package/include/action_package/action_package/action
-- Up-to-date: /home/sami/session9/session9-ros2/install/action_package/include/action_package/action_package/action/detail
-- Installing: /home/sami/session9/session9-ros2/install/action_package/include/action_package/action_package/action/detail/dds_fastrtps
-- Installing: /home/sami/session9/session9-ros2/install/action_package/include/action_package/action_package/action/detail/lap_time__rosidl_typesupport_fastrtps_cpp.hpp
-- Up-to-date: /home/sami/session9/session9-ros2/install/action_package/include/action_package/action_package/msg
-- Installing: /home/sami/session9/session9-ros2/install/action_package/include/action_package/action_package/msg/rosidl_typesupport_fastrtps_cpp__visibility_control.h
-- Installing: /home/sami/session9/session9-ros2/install/action_package/lib/libaction_package__rosidl_typesupport_fastrtps_cpp.so
-- Set runtime path of "/home/sami/session9/session9-ros2/install/action_package/lib/libaction_package__rosidl_typesupport_fastrtps_cpp.so" to ""
-- Up-to-date: /home/sami/session9/session9-ros2/install/action_package/include/action_package/action_package
-- Up-to-date: /home/sami/session9/session9-ros2/install/action_package/include/action_package/action_package/srv
-- Up-to-date: /home/sami/session9/session9-ros2/install/action_package/include/action_package/action_package/srv/detail
-- Installing: /home/sami/session9/session9-ros2/install/action_package/include/action_package/action_package/srv/detail/find_closest_wall__rosidl_typesupport_introspection_c.h
-- Installing: /home/sami/session9/session9-ros2/install/action_package/include/action_package/action_package/srv/detail/find_closest_wall__type_support.c
-- Up-to-date: /home/sami/session9/session9-ros2/install/action_package/include/action_package/action_package/action
-- Up-to-date: /home/sami/session9/session9-ros2/install/action_package/include/action_package/action_package/action/detail
-- Installing: /home/sami/session9/session9-ros2/install/action_package/include/action_package/action_package/action/detail/lap_time__type_support.c
-- Installing: /home/sami/session9/session9-ros2/install/action_package/include/action_package/action_package/action/detail/lap_time__rosidl_typesupport_introspection_c.h
-- Up-to-date: /home/sami/session9/session9-ros2/install/action_package/include/action_package/action_package/msg
-- Installing: /home/sami/session9/session9-ros2/install/action_package/include/action_package/action_package/msg/rosidl_typesupport_introspection_c__visibility_control.h
-- Installing: /home/sami/session9/session9-ros2/install/action_package/lib/libaction_package__rosidl_typesupport_introspection_c.so
-- Set runtime path of "/home/sami/session9/session9-ros2/install/action_package/lib/libaction_package__rosidl_typesupport_introspection_c.so" to ""
-- Installing: /home/sami/session9/session9-ros2/install/action_package/lib/libaction_package__rosidl_typesupport_c.so
-- Set runtime path of "/home/sami/session9/session9-ros2/install/action_package/lib/libaction_package__rosidl_typesupport_c.so" to ""
-- Up-to-date: /home/sami/session9/session9-ros2/install/action_package/include/action_package/action_package
-- Up-to-date: /home/sami/session9/session9-ros2/install/action_package/include/action_package/action_package/srv
-- Up-to-date: /home/sami/session9/session9-ros2/install/action_package/include/action_package/action_package/srv/detail
-- Installing: /home/sami/session9/session9-ros2/install/action_package/include/action_package/action_package/srv/detail/find_closest_wall__rosidl_typesupport_introspection_cpp.hpp
-- Installing: /home/sami/session9/session9-ros2/install/action_package/include/action_package/action_package/srv/detail/find_closest_wall__type_support.cpp
-- Up-to-date: /home/sami/session9/session9-ros2/install/action_package/include/action_package/action_package/action
-- Up-to-date: /home/sami/session9/session9-ros2/install/action_package/include/action_package/action_package/action/detail
-- Installing: /home/sami/session9/session9-ros2/install/action_package/include/action_package/action_package/action/detail/lap_time__rosidl_typesupport_introspection_cpp.hpp
-- Installing: /home/sami/session9/session9-ros2/install/action_package/include/action_package/action_package/action/detail/lap_time__type_support.cpp
-- Installing: /home/sami/session9/session9-ros2/install/action_package/lib/libaction_package__rosidl_typesupport_introspection_cpp.so
-- Set runtime path of "/home/sami/session9/session9-ros2/install/action_package/lib/libaction_package__rosidl_typesupport_introspection_cpp.so" to ""
-- Installing: /home/sami/session9/session9-ros2/install/action_package/lib/libaction_package__rosidl_typesupport_cpp.so
-- Set runtime path of "/home/sami/session9/session9-ros2/install/action_package/lib/libaction_package__rosidl_typesupport_cpp.so" to ""
-- Installing: /home/sami/session9/session9-ros2/install/action_package/share/action_package/environment/pythonpath.sh
-- Installing: /home/sami/session9/session9-ros2/install/action_package/share/action_package/environment/pythonpath.dsv
-- Installing: /home/sami/session9/session9-ros2/install/action_package/local/lib/python3.10/dist-packages/action_package-0.0.0-py3.10.egg-info
-- Installing: /home/sami/session9/session9-ros2/install/action_package/local/lib/python3.10/dist-packages/action_package-0.0.0-py3.10.egg-info/top_level.txt
-- Installing: /home/sami/session9/session9-ros2/install/action_package/local/lib/python3.10/dist-packages/action_package-0.0.0-py3.10.egg-info/PKG-INFO
-- Installing: /home/sami/session9/session9-ros2/install/action_package/local/lib/python3.10/dist-packages/action_package-0.0.0-py3.10.egg-info/SOURCES.txt
-- Installing: /home/sami/session9/session9-ros2/install/action_package/local/lib/python3.10/dist-packages/action_package-0.0.0-py3.10.egg-info/dependency_links.txt
-- Installing: /home/sami/session9/session9-ros2/install/action_package/local/lib/python3.10/dist-packages/action_package
-- Installing: /home/sami/session9/session9-ros2/install/action_package/local/lib/python3.10/dist-packages/action_package/srv
-- Installing: /home/sami/session9/session9-ros2/install/action_package/local/lib/python3.10/dist-packages/action_package/srv/_find_closest_wall.py
-- Installing: /home/sami/session9/session9-ros2/install/action_package/local/lib/python3.10/dist-packages/action_package/srv/__init__.py
-- Installing: /home/sami/session9/session9-ros2/install/action_package/local/lib/python3.10/dist-packages/action_package/srv/_find_closest_wall_s.c
-- Installing: /home/sami/session9/session9-ros2/install/action_package/local/lib/python3.10/dist-packages/action_package/action_package_s__rosidl_typesupport_introspection_c.cpython-310-x86_64-linux-gnu.so
-- Installing: /home/sami/session9/session9-ros2/install/action_package/local/lib/python3.10/dist-packages/action_package/action
-- Installing: /home/sami/session9/session9-ros2/install/action_package/local/lib/python3.10/dist-packages/action_package/action/_lap_time_s.c
-- Installing: /home/sami/session9/session9-ros2/install/action_package/local/lib/python3.10/dist-packages/action_package/action/_lap_time.py
-- Installing: /home/sami/session9/session9-ros2/install/action_package/local/lib/python3.10/dist-packages/action_package/action/__init__.py
-- Installing: /home/sami/session9/session9-ros2/install/action_package/local/lib/python3.10/dist-packages/action_package/_action_package_s.ep.rosidl_typesupport_fastrtps_c.c
-- Installing: /home/sami/session9/session9-ros2/install/action_package/local/lib/python3.10/dist-packages/action_package/_action_package_s.ep.rosidl_typesupport_introspection_c.c
-- Installing: /home/sami/session9/session9-ros2/install/action_package/local/lib/python3.10/dist-packages/action_package/_action_package_s.ep.rosidl_typesupport_c.c
-- Installing: /home/sami/session9/session9-ros2/install/action_package/local/lib/python3.10/dist-packages/action_package/__init__.py
-- Installing: /home/sami/session9/session9-ros2/install/action_package/local/lib/python3.10/dist-packages/action_package/libaction_package__rosidl_generator_py.so
-- Installing: /home/sami/session9/session9-ros2/install/action_package/local/lib/python3.10/dist-packages/action_package/action_package_s__rosidl_typesupport_c.cpython-310-x86_64-linux-gnu.so
-- Installing: /home/sami/session9/session9-ros2/install/action_package/local/lib/python3.10/dist-packages/action_package/action_package_s__rosidl_typesupport_fastrtps_c.cpython-310-x86_64-linux-gnu.so
Listing '/home/sami/session9/session9-ros2/install/action_package/local/lib/python3.10/dist-packages/action_package'...
Compiling '/home/sami/session9/session9-ros2/install/action_package/local/lib/python3.10/dist-packages/action_package/__init__.py'...
Listing '/home/sami/session9/session9-ros2/install/action_package/local/lib/python3.10/dist-packages/action_package/action'...
Compiling '/home/sami/session9/session9-ros2/install/action_package/local/lib/python3.10/dist-packages/action_package/action/__init__.py'...
Compiling '/home/sami/session9/session9-ros2/install/action_package/local/lib/python3.10/dist-packages/action_package/action/_lap_time.py'...
Listing '/home/sami/session9/session9-ros2/install/action_package/local/lib/python3.10/dist-packages/action_package/srv'...
Compiling '/home/sami/session9/session9-ros2/install/action_package/local/lib/python3.10/dist-packages/action_package/srv/__init__.py'...
Compiling '/home/sami/session9/session9-ros2/install/action_package/local/lib/python3.10/dist-packages/action_package/srv/_find_closest_wall.py'...
-- Installing: /home/sami/session9/session9-ros2/install/action_package/local/lib/python3.10/dist-packages/action_package/action_package_s__rosidl_typesupport_fastrtps_c.cpython-310-x86_64-linux-gnu.so
-- Set runtime path of "/home/sami/session9/session9-ros2/install/action_package/local/lib/python3.10/dist-packages/action_package/action_package_s__rosidl_typesupport_fastrtps_c.cpython-310-x86_64-linux-gnu.so" to ""
-- Installing: /home/sami/session9/session9-ros2/install/action_package/local/lib/python3.10/dist-packages/action_package/action_package_s__rosidl_typesupport_introspection_c.cpython-310-x86_64-linux-gnu.so
-- Set runtime path of "/home/sami/session9/session9-ros2/install/action_package/local/lib/python3.10/dist-packages/action_package/action_package_s__rosidl_typesupport_introspection_c.cpython-310-x86_64-linux-gnu.so" to ""
-- Installing: /home/sami/session9/session9-ros2/install/action_package/local/lib/python3.10/dist-packages/action_package/action_package_s__rosidl_typesupport_c.cpython-310-x86_64-linux-gnu.so
-- Set runtime path of "/home/sami/session9/session9-ros2/install/action_package/local/lib/python3.10/dist-packages/action_package/action_package_s__rosidl_typesupport_c.cpython-310-x86_64-linux-gnu.so" to ""
-- Installing: /home/sami/session9/session9-ros2/install/action_package/lib/libaction_package__rosidl_generator_py.so
-- Set runtime path of "/home/sami/session9/session9-ros2/install/action_package/lib/libaction_package__rosidl_generator_py.so" to ""
-- Installing: /home/sami/session9/session9-ros2/install/action_package/share/action_package/action/LapTime.idl
-- Installing: /home/sami/session9/session9-ros2/install/action_package/share/action_package/srv/FindClosestWall.idl
-- Installing: /home/sami/session9/session9-ros2/install/action_package/share/action_package/action/LapTime.action
-- Installing: /home/sami/session9/session9-ros2/install/action_package/share/action_package/srv/FindClosestWall.srv
-- Installing: /home/sami/session9/session9-ros2/install/action_package/share/action_package/srv/FindClosestWall_Request.msg
-- Installing: /home/sami/session9/session9-ros2/install/action_package/share/action_package/srv/FindClosestWall_Response.msg
-- Installing: /home/sami/session9/session9-ros2/install/action_package/share/ament_index/resource_index/package_run_dependencies/action_package
-- Installing: /home/sami/session9/session9-ros2/install/action_package/share/ament_index/resource_index/parent_prefix_path/action_package
-- Installing: /home/sami/session9/session9-ros2/install/action_package/share/action_package/environment/ament_prefix_path.sh
-- Installing: /home/sami/session9/session9-ros2/install/action_package/share/action_package/environment/ament_prefix_path.dsv
-- Installing: /home/sami/session9/session9-ros2/install/action_package/share/action_package/environment/path.sh
-- Installing: /home/sami/session9/session9-ros2/install/action_package/share/action_package/environment/path.dsv
-- Installing: /home/sami/session9/session9-ros2/install/action_package/share/action_package/local_setup.bash
-- Installing: /home/sami/session9/session9-ros2/install/action_package/share/action_package/local_setup.sh
-- Installing: /home/sami/session9/session9-ros2/install/action_package/share/action_package/local_setup.zsh
-- Installing: /home/sami/session9/session9-ros2/install/action_package/share/action_package/local_setup.dsv
-- Installing: /home/sami/session9/session9-ros2/install/action_package/share/action_package/package.dsv
-- Installing: /home/sami/session9/session9-ros2/install/action_package/share/ament_index/resource_index/packages/action_package
-- Installing: /home/sami/session9/session9-ros2/install/action_package/share/action_package/cmake/export_action_package__rosidl_generator_cExport.cmake
-- Installing: /home/sami/session9/session9-ros2/install/action_package/share/action_package/cmake/export_action_package__rosidl_generator_cExport-noconfig.cmake
-- Installing: /home/sami/session9/session9-ros2/install/action_package/share/action_package/cmake/export_action_package__rosidl_typesupport_fastrtps_cExport.cmake
-- Installing: /home/sami/session9/session9-ros2/install/action_package/share/action_package/cmake/export_action_package__rosidl_typesupport_fastrtps_cExport-noconfig.cmake
-- Installing: /home/sami/session9/session9-ros2/install/action_package/share/action_package/cmake/export_action_package__rosidl_generator_cppExport.cmake
-- Installing: /home/sami/session9/session9-ros2/install/action_package/share/action_package/cmake/export_action_package__rosidl_typesupport_fastrtps_cppExport.cmake
-- Installing: /home/sami/session9/session9-ros2/install/action_package/share/action_package/cmake/export_action_package__rosidl_typesupport_fastrtps_cppExport-noconfig.cmake
-- Installing: /home/sami/session9/session9-ros2/install/action_package/share/action_package/cmake/action_package__rosidl_typesupport_introspection_cExport.cmake
-- Installing: /home/sami/session9/session9-ros2/install/action_package/share/action_package/cmake/action_package__rosidl_typesupport_introspection_cExport-noconfig.cmake
-- Installing: /home/sami/session9/session9-ros2/install/action_package/share/action_package/cmake/action_package__rosidl_typesupport_cExport.cmake
-- Installing: /home/sami/session9/session9-ros2/install/action_package/share/action_package/cmake/action_package__rosidl_typesupport_cExport-noconfig.cmake
-- Installing: /home/sami/session9/session9-ros2/install/action_package/share/action_package/cmake/action_package__rosidl_typesupport_introspection_cppExport.cmake
-- Installing: /home/sami/session9/session9-ros2/install/action_package/share/action_package/cmake/action_package__rosidl_typesupport_introspection_cppExport-noconfig.cmake
-- Installing: /home/sami/session9/session9-ros2/install/action_package/share/action_package/cmake/action_package__rosidl_typesupport_cppExport.cmake
-- Installing: /home/sami/session9/session9-ros2/install/action_package/share/action_package/cmake/action_package__rosidl_typesupport_cppExport-noconfig.cmake
-- Installing: /home/sami/session9/session9-ros2/install/action_package/share/action_package/cmake/export_action_package__rosidl_generator_pyExport.cmake
-- Installing: /home/sami/session9/session9-ros2/install/action_package/share/action_package/cmake/export_action_package__rosidl_generator_pyExport-noconfig.cmake
-- Installing: /home/sami/session9/session9-ros2/install/action_package/share/action_package/cmake/rosidl_cmake-extras.cmake
-- Installing: /home/sami/session9/session9-ros2/install/action_package/share/action_package/cmake/ament_cmake_export_dependencies-extras.cmake
-- Installing: /home/sami/session9/session9-ros2/install/action_package/share/action_package/cmake/ament_cmake_export_include_directories-extras.cmake
-- Installing: /home/sami/session9/session9-ros2/install/action_package/share/action_package/cmake/ament_cmake_export_libraries-extras.cmake
-- Installing: /home/sami/session9/session9-ros2/install/action_package/share/action_package/cmake/ament_cmake_export_targets-extras.cmake
-- Installing: /home/sami/session9/session9-ros2/install/action_package/share/action_package/cmake/rosidl_cmake_export_typesupport_targets-extras.cmake
-- Installing: /home/sami/session9/session9-ros2/install/action_package/share/action_package/cmake/rosidl_cmake_export_typesupport_libraries-extras.cmake
-- Installing: /home/sami/session9/session9-ros2/install/action_package/share/action_package/cmake/action_packageConfig.cmake
-- Installing: /home/sami/session9/session9-ros2/install/action_package/share/action_package/cmake/action_packageConfig-version.cmake
-- Installing: /home/sami/session9/session9-ros2/install/action_package/share/action_package/package.xml
