[0.006s] Invoking command in '/home/sami/session9/session9-ros2/build/action_package': CMAKE_PREFIX_PATH=${CMAKE_PREFIX_PATH}:/opt/ros/humble /usr/bin/cmake /home/sami/session9/session9-ros2/src/action_package -DCMAKE_INSTALL_PREFIX=/home/sami/session9/session9-ros2/install/action_package
[0.055s] -- The C compiler identification is GNU 11.4.0
[0.095s] -- The CXX compiler identification is GNU 11.4.0
[0.100s] -- Detecting C compiler ABI info
[0.154s] -- Detecting C compiler ABI info - done
[0.159s] -- Check for working C compiler: /usr/bin/cc - skipped
[0.159s] -- Detecting C compile features
[0.159s] -- Detecting C compile features - done
[0.162s] -- Detecting CXX compiler ABI info
[0.219s] -- Detecting CXX compiler ABI info - done
[0.225s] -- Check for working CXX compiler: /usr/bin/c++ - skipped
[0.225s] -- Detecting CXX compile features
[0.226s] -- Detecting CXX compile features - done
[0.228s] -- Found ament_cmake: 1.3.9 (/opt/ros/humble/share/ament_cmake/cmake)
[0.324s] -- Found Python3: /usr/bin/python3 (found version "3.10.12") found components: Interpreter 
[0.394s] -- Found action_msgs: 1.2.1 (/opt/ros/humble/share/action_msgs/cmake)
[0.415s] -- Found rosidl_generator_c: 3.1.5 (/opt/ros/humble/share/rosidl_generator_c/cmake)
[0.417s] -- Found rosidl_adapter: 3.1.5 (/opt/ros/humble/share/rosidl_adapter/cmake)
[0.423s] -- Found rosidl_generator_cpp: 3.1.5 (/opt/ros/humble/share/rosidl_generator_cpp/cmake)
[0.433s] -- Using all available rosidl_typesupport_c: rosidl_typesupport_fastrtps_c;rosidl_typesupport_introspection_c
[0.445s] -- Using all available rosidl_typesupport_cpp: rosidl_typesupport_fastrtps_cpp;rosidl_typesupport_introspection_cpp
[0.496s] -- Found rclcpp: 16.0.9 (/opt/ros/humble/share/rclcpp/cmake)
[0.535s] -- Found rmw_implementation_cmake: 6.1.2 (/opt/ros/humble/share/rmw_implementation_cmake/cmake)
[0.537s] -- Found rmw_fastrtps_cpp: 6.2.6 (/opt/ros/humble/share/rmw_fastrtps_cpp/cmake)
[0.608s] -- Found OpenSSL: /usr/lib/x86_64-linux-gnu/libcrypto.so (found version "3.0.2")  
[0.625s] -- Found FastRTPS: /opt/ros/humble/include  
[0.655s] -- Using RMW implementation 'rmw_fastrtps_cpp' as default
[0.661s] -- Looking for pthread.h
[0.706s] -- Looking for pthread.h - found
[0.706s] -- Performing Test CMAKE_HAVE_LIBC_PTHREAD
[0.768s] -- Performing Test CMAKE_HAVE_LIBC_PTHREAD - Success
[0.769s] -- Found Threads: TRUE  
[0.864s] -- Found rosidl_default_generators: 1.2.0 (/opt/ros/humble/share/rosidl_default_generators/cmake)
[1.035s] -- Found ament_cmake_ros: 0.10.0 (/opt/ros/humble/share/ament_cmake_ros/cmake)
[1.250s] -- Using all available rosidl_typesupport_c: rosidl_typesupport_fastrtps_c;rosidl_typesupport_introspection_c
[1.332s] -- Using all available rosidl_typesupport_cpp: rosidl_typesupport_fastrtps_cpp;rosidl_typesupport_introspection_cpp
[1.347s] -- Found PythonInterp: /usr/bin/python3 (found suitable version "3.10.12", minimum required is "3.6") 
[1.348s] -- Found python_cmake_module: 0.10.0 (/opt/ros/humble/share/python_cmake_module/cmake)
[1.363s] -- Found PythonLibs: /usr/lib/x86_64-linux-gnu/libpython3.10.so (found suitable version "3.10.12", minimum required is "3.5") 
[1.363s] -- Using PYTHON_EXECUTABLE: /usr/bin/python3
[1.363s] -- Using PYTHON_INCLUDE_DIRS: /usr/include/python3.10
[1.364s] -- Using PYTHON_LIBRARIES: /usr/lib/x86_64-linux-gnu/libpython3.10.so
[1.376s] -- Found PythonExtra: .so  
[1.401s] -- Found ament_lint_auto: 0.12.11 (/opt/ros/humble/share/ament_lint_auto/cmake)
[1.412s] -- Added test 'lint_cmake' to check CMake code style
[1.413s] -- Added test 'xmllint' to check XML markup files
[1.415s] -- Configuring done
[1.437s] -- Generating done
[1.439s] -- Build files have been written to: /home/sami/session9/session9-ros2/build/action_package
[1.447s] Invoked command in '/home/sami/session9/session9-ros2/build/action_package' returned '0': CMAKE_PREFIX_PATH=${CMAKE_PREFIX_PATH}:/opt/ros/humble /usr/bin/cmake /home/sami/session9/session9-ros2/src/action_package -DCMAKE_INSTALL_PREFIX=/home/sami/session9/session9-ros2/install/action_package
[1.449s] Invoking command in '/home/sami/session9/session9-ros2/build/action_package': CMAKE_PREFIX_PATH=${CMAKE_PREFIX_PATH}:/opt/ros/humble /usr/bin/cmake --build /home/sami/session9/session9-ros2/build/action_package -- -j8 -l8
[1.476s] [  2%] [34m[1mGenerating C code for ROS interfaces[0m
[1.482s] [  5%] [34m[1mGenerating C++ code for ROS interfaces[0m
[1.488s] [  5%] Built target ament_cmake_python_copy_action_package
[1.651s] running egg_info
[1.651s] creating action_package.egg-info
[1.651s] writing action_package.egg-info/PKG-INFO
[1.651s] writing dependency_links to action_package.egg-info/dependency_links.txt
[1.652s] writing top-level names to action_package.egg-info/top_level.txt
[1.652s] writing manifest file 'action_package.egg-info/SOURCES.txt'
[1.653s] reading manifest file 'action_package.egg-info/SOURCES.txt'
[1.653s] writing manifest file 'action_package.egg-info/SOURCES.txt'
[1.672s] [  5%] Built target ament_cmake_python_build_action_package_egg
[1.840s] [  5%] Built target action_package__cpp
[1.849s] [ 12%] [34m[1mGenerating C++ type support dispatch for ROS interfaces[0m
[1.849s] [ 12%] [34m[1mGenerating C++ introspection for ROS interfaces[0m
[1.850s] [ 12%] [34m[1mGenerating C++ type support for eProsima Fast-RTPS[0m
[1.861s] [ 15%] [32mBuilding C object CMakeFiles/action_package__rosidl_generator_c.dir/rosidl_generator_c/action_package/action/detail/lap_time__functions.c.o[0m
[1.863s] [ 17%] [32mBuilding C object CMakeFiles/action_package__rosidl_generator_c.dir/rosidl_generator_c/action_package/srv/detail/find_closest_wall__functions.c.o[0m
[1.946s] [ 20%] [32m[1mLinking C shared library libaction_package__rosidl_generator_c.so[0m
[1.971s] [ 20%] Built target action_package__rosidl_generator_c
[1.979s] [ 23%] [34m[1mGenerating C type support for eProsima Fast-RTPS[0m
[1.980s] [ 25%] [34m[1mGenerating C introspection for ROS interfaces[0m
[1.980s] [ 28%] [34m[1mGenerating C type support dispatch for ROS interfaces[0m
[2.119s] [ 30%] [32mBuilding CXX object CMakeFiles/action_package__rosidl_typesupport_cpp.dir/rosidl_typesupport_cpp/action_package/action/lap_time__type_support.cpp.o[0m
[2.121s] [ 33%] [32mBuilding CXX object CMakeFiles/action_package__rosidl_typesupport_cpp.dir/rosidl_typesupport_cpp/action_package/srv/find_closest_wall__type_support.cpp.o[0m
[2.212s] [ 38%] [32mBuilding CXX object CMakeFiles/action_package__rosidl_typesupport_fastrtps_cpp.dir/rosidl_typesupport_fastrtps_cpp/action_package/action/detail/dds_fastrtps/lap_time__type_support.cpp.o[0m
[2.212s] [ 38%] [32mBuilding CXX object CMakeFiles/action_package__rosidl_typesupport_fastrtps_cpp.dir/rosidl_typesupport_fastrtps_cpp/action_package/srv/detail/dds_fastrtps/find_closest_wall__type_support.cpp.o[0m
[2.317s] [ 41%] [32mBuilding CXX object CMakeFiles/action_package__rosidl_typesupport_introspection_cpp.dir/rosidl_typesupport_introspection_cpp/action_package/action/detail/lap_time__type_support.cpp.o[0m
[2.419s] [ 43%] [32mBuilding CXX object CMakeFiles/action_package__rosidl_typesupport_introspection_cpp.dir/rosidl_typesupport_introspection_cpp/action_package/srv/detail/find_closest_wall__type_support.cpp.o[0m
[2.420s] [ 46%] [32mBuilding CXX object CMakeFiles/action_package__rosidl_typesupport_c.dir/rosidl_typesupport_c/action_package/action/lap_time__type_support.cpp.o[0m
[2.541s] [ 48%] [32mBuilding CXX object CMakeFiles/action_package__rosidl_typesupport_c.dir/rosidl_typesupport_c/action_package/srv/find_closest_wall__type_support.cpp.o[0m
[2.610s] [ 51%] [32m[1mLinking CXX shared library libaction_package__rosidl_typesupport_c.so[0m
[2.636s] [ 53%] [32mBuilding C object CMakeFiles/action_package__rosidl_typesupport_introspection_c.dir/rosidl_typesupport_introspection_c/action_package/action/detail/lap_time__type_support.c.o[0m
[2.642s] [ 56%] [32m[1mLinking CXX shared library libaction_package__rosidl_typesupport_cpp.so[0m
[2.663s] [ 58%] [32mBuilding CXX object CMakeFiles/action_package__rosidl_typesupport_fastrtps_c.dir/rosidl_typesupport_fastrtps_c/action_package/action/detail/lap_time__type_support_c.cpp.o[0m
[2.671s] [ 58%] Built target action_package__rosidl_typesupport_c
[2.682s] [ 61%] [32mBuilding C object CMakeFiles/action_package__rosidl_typesupport_introspection_c.dir/rosidl_typesupport_introspection_c/action_package/srv/detail/find_closest_wall__type_support.c.o[0m
[2.688s] [ 64%] [32mBuilding CXX object CMakeFiles/action_package__rosidl_typesupport_fastrtps_c.dir/rosidl_typesupport_fastrtps_c/action_package/srv/detail/find_closest_wall__type_support_c.cpp.o[0m
[2.725s] [ 66%] [32m[1mLinking C shared library libaction_package__rosidl_typesupport_introspection_c.so[0m
[2.727s] [ 66%] Built target action_package__rosidl_typesupport_cpp
[2.750s] [ 66%] Built target action_package__rosidl_typesupport_introspection_c
[2.871s] [ 69%] [32m[1mLinking CXX shared library libaction_package__rosidl_typesupport_fastrtps_cpp.so[0m
[2.969s] [ 71%] [32m[1mLinking CXX shared library libaction_package__rosidl_typesupport_introspection_cpp.so[0m
[2.969s] [ 71%] Built target action_package__rosidl_typesupport_fastrtps_cpp
[3.022s] [ 71%] Built target action_package__rosidl_typesupport_introspection_cpp
[3.074s] [ 74%] [32m[1mLinking CXX shared library libaction_package__rosidl_typesupport_fastrtps_c.so[0m
[3.122s] [ 74%] Built target action_package__rosidl_typesupport_fastrtps_c
[3.135s] [ 74%] Built target action_package
[3.148s] [ 76%] [34m[1mGenerating Python code for ROS interfaces[0m
[3.721s] [ 76%] Built target action_package__py
[3.734s] [ 79%] [32mBuilding C object CMakeFiles/action_package__rosidl_generator_py.dir/rosidl_generator_py/action_package/srv/_find_closest_wall_s.c.o[0m
[3.734s] [ 82%] [32mBuilding C object CMakeFiles/action_package__rosidl_generator_py.dir/rosidl_generator_py/action_package/action/_lap_time_s.c.o[0m
[3.820s] [ 84%] [32m[1mLinking C shared library rosidl_generator_py/action_package/libaction_package__rosidl_generator_py.so[0m
[3.847s] [ 84%] Built target action_package__rosidl_generator_py
[3.863s] [ 92%] [32mBuilding C object CMakeFiles/action_package__rosidl_typesupport_c__pyext.dir/rosidl_generator_py/action_package/_action_package_s.ep.rosidl_typesupport_c.c.o[0m
[3.863s] [ 92%] [32mBuilding C object CMakeFiles/action_package__rosidl_typesupport_introspection_c__pyext.dir/rosidl_generator_py/action_package/_action_package_s.ep.rosidl_typesupport_introspection_c.c.o[0m
[3.863s] [ 92%] [32mBuilding C object CMakeFiles/action_package__rosidl_typesupport_fastrtps_c__pyext.dir/rosidl_generator_py/action_package/_action_package_s.ep.rosidl_typesupport_fastrtps_c.c.o[0m
[3.950s] [ 97%] [32m[1mLinking C shared library rosidl_generator_py/action_package/action_package_s__rosidl_typesupport_fastrtps_c.cpython-310-x86_64-linux-gnu.so[0m
[3.950s] [ 97%] [32m[1mLinking C shared library rosidl_generator_py/action_package/action_package_s__rosidl_typesupport_introspection_c.cpython-310-x86_64-linux-gnu.so[0m
[3.951s] [100%] [32m[1mLinking C shared library rosidl_generator_py/action_package/action_package_s__rosidl_typesupport_c.cpython-310-x86_64-linux-gnu.so[0m
[3.978s] [100%] Built target action_package__rosidl_typesupport_fastrtps_c__pyext
[3.978s] [100%] Built target action_package__rosidl_typesupport_introspection_c__pyext
[3.978s] [100%] Built target action_package__rosidl_typesupport_c__pyext
[3.986s] Invoked command in '/home/sami/session9/session9-ros2/build/action_package' returned '0': CMAKE_PREFIX_PATH=${CMAKE_PREFIX_PATH}:/opt/ros/humble /usr/bin/cmake --build /home/sami/session9/session9-ros2/build/action_package -- -j8 -l8
[4.042s] Invoking command in '/home/sami/session9/session9-ros2/build/action_package': CMAKE_PREFIX_PATH=${CMAKE_PREFIX_PATH}:/opt/ros/humble /usr/bin/cmake --install /home/sami/session9/session9-ros2/build/action_package
[4.047s] -- Install configuration: ""
[4.047s] -- Installing: /home/sami/session9/session9-ros2/install/action_package/share/ament_index/resource_index/rosidl_interfaces/action_package
[4.048s] -- Installing: /home/sami/session9/session9-ros2/install/action_package/include/action_package/action_package
[4.048s] -- Installing: /home/sami/session9/session9-ros2/install/action_package/include/action_package/action_package/srv
[4.048s] -- Installing: /home/sami/session9/session9-ros2/install/action_package/include/action_package/action_package/srv/detail
[4.048s] -- Installing: /home/sami/session9/session9-ros2/install/action_package/include/action_package/action_package/srv/detail/find_closest_wall__type_support.h
[4.048s] -- Installing: /home/sami/session9/session9-ros2/install/action_package/include/action_package/action_package/srv/detail/find_closest_wall__functions.c
[4.048s] -- Installing: /home/sami/session9/session9-ros2/install/action_package/include/action_package/action_package/srv/detail/find_closest_wall__struct.h
[4.048s] -- Installing: /home/sami/session9/session9-ros2/install/action_package/include/action_package/action_package/srv/detail/find_closest_wall__functions.h
[4.048s] -- Installing: /home/sami/session9/session9-ros2/install/action_package/include/action_package/action_package/srv/find_closest_wall.h
[4.048s] -- Installing: /home/sami/session9/session9-ros2/install/action_package/include/action_package/action_package/action
[4.048s] -- Installing: /home/sami/session9/session9-ros2/install/action_package/include/action_package/action_package/action/lap_time.h
[4.048s] -- Installing: /home/sami/session9/session9-ros2/install/action_package/include/action_package/action_package/action/detail
[4.048s] -- Installing: /home/sami/session9/session9-ros2/install/action_package/include/action_package/action_package/action/detail/lap_time__struct.h
[4.048s] -- Installing: /home/sami/session9/session9-ros2/install/action_package/include/action_package/action_package/action/detail/lap_time__functions.c
[4.048s] -- Installing: /home/sami/session9/session9-ros2/install/action_package/include/action_package/action_package/action/detail/lap_time__functions.h
[4.049s] -- Installing: /home/sami/session9/session9-ros2/install/action_package/include/action_package/action_package/action/detail/lap_time__type_support.h
[4.049s] -- Installing: /home/sami/session9/session9-ros2/install/action_package/include/action_package/action_package/msg
[4.049s] -- Installing: /home/sami/session9/session9-ros2/install/action_package/include/action_package/action_package/msg/rosidl_generator_c__visibility_control.h
[4.049s] -- Installing: /home/sami/session9/session9-ros2/install/action_package/share/action_package/environment/library_path.sh
[4.049s] -- Installing: /home/sami/session9/session9-ros2/install/action_package/share/action_package/environment/library_path.dsv
[4.049s] -- Installing: /home/sami/session9/session9-ros2/install/action_package/lib/libaction_package__rosidl_generator_c.so
[4.049s] -- Set runtime path of "/home/sami/session9/session9-ros2/install/action_package/lib/libaction_package__rosidl_generator_c.so" to ""
[4.049s] -- Up-to-date: /home/sami/session9/session9-ros2/install/action_package/include/action_package/action_package
[4.049s] -- Up-to-date: /home/sami/session9/session9-ros2/install/action_package/include/action_package/action_package/srv
[4.049s] -- Up-to-date: /home/sami/session9/session9-ros2/install/action_package/include/action_package/action_package/srv/detail
[4.049s] -- Installing: /home/sami/session9/session9-ros2/install/action_package/include/action_package/action_package/srv/detail/find_closest_wall__rosidl_typesupport_fastrtps_c.h
[4.049s] -- Up-to-date: /home/sami/session9/session9-ros2/install/action_package/include/action_package/action_package/action
[4.049s] -- Up-to-date: /home/sami/session9/session9-ros2/install/action_package/include/action_package/action_package/action/detail
[4.050s] -- Installing: /home/sami/session9/session9-ros2/install/action_package/include/action_package/action_package/action/detail/lap_time__rosidl_typesupport_fastrtps_c.h
[4.050s] -- Up-to-date: /home/sami/session9/session9-ros2/install/action_package/include/action_package/action_package/msg
[4.050s] -- Installing: /home/sami/session9/session9-ros2/install/action_package/include/action_package/action_package/msg/rosidl_typesupport_fastrtps_c__visibility_control.h
[4.050s] -- Installing: /home/sami/session9/session9-ros2/install/action_package/lib/libaction_package__rosidl_typesupport_fastrtps_c.so
[4.050s] -- Set runtime path of "/home/sami/session9/session9-ros2/install/action_package/lib/libaction_package__rosidl_typesupport_fastrtps_c.so" to ""
[4.050s] -- Up-to-date: /home/sami/session9/session9-ros2/install/action_package/include/action_package/action_package
[4.050s] -- Up-to-date: /home/sami/session9/session9-ros2/install/action_package/include/action_package/action_package/srv
[4.050s] -- Up-to-date: /home/sami/session9/session9-ros2/install/action_package/include/action_package/action_package/srv/detail
[4.050s] -- Installing: /home/sami/session9/session9-ros2/install/action_package/include/action_package/action_package/srv/detail/find_closest_wall__builder.hpp
[4.050s] -- Installing: /home/sami/session9/session9-ros2/install/action_package/include/action_package/action_package/srv/detail/find_closest_wall__struct.hpp
[4.050s] -- Installing: /home/sami/session9/session9-ros2/install/action_package/include/action_package/action_package/srv/detail/find_closest_wall__traits.hpp
[4.050s] -- Installing: /home/sami/session9/session9-ros2/install/action_package/include/action_package/action_package/srv/find_closest_wall.hpp
[4.050s] -- Up-to-date: /home/sami/session9/session9-ros2/install/action_package/include/action_package/action_package/action
[4.050s] -- Installing: /home/sami/session9/session9-ros2/install/action_package/include/action_package/action_package/action/lap_time.hpp
[4.050s] -- Up-to-date: /home/sami/session9/session9-ros2/install/action_package/include/action_package/action_package/action/detail
[4.050s] -- Installing: /home/sami/session9/session9-ros2/install/action_package/include/action_package/action_package/action/detail/lap_time__struct.hpp
[4.050s] -- Installing: /home/sami/session9/session9-ros2/install/action_package/include/action_package/action_package/action/detail/lap_time__builder.hpp
[4.051s] -- Installing: /home/sami/session9/session9-ros2/install/action_package/include/action_package/action_package/action/detail/lap_time__traits.hpp
[4.051s] -- Up-to-date: /home/sami/session9/session9-ros2/install/action_package/include/action_package/action_package
[4.051s] -- Up-to-date: /home/sami/session9/session9-ros2/install/action_package/include/action_package/action_package/srv
[4.051s] -- Up-to-date: /home/sami/session9/session9-ros2/install/action_package/include/action_package/action_package/srv/detail
[4.051s] -- Installing: /home/sami/session9/session9-ros2/install/action_package/include/action_package/action_package/srv/detail/dds_fastrtps
[4.051s] -- Installing: /home/sami/session9/session9-ros2/install/action_package/include/action_package/action_package/srv/detail/find_closest_wall__rosidl_typesupport_fastrtps_cpp.hpp
[4.051s] -- Up-to-date: /home/sami/session9/session9-ros2/install/action_package/include/action_package/action_package/action
[4.051s] -- Up-to-date: /home/sami/session9/session9-ros2/install/action_package/include/action_package/action_package/action/detail
[4.051s] -- Installing: /home/sami/session9/session9-ros2/install/action_package/include/action_package/action_package/action/detail/dds_fastrtps
[4.051s] -- Installing: /home/sami/session9/session9-ros2/install/action_package/include/action_package/action_package/action/detail/lap_time__rosidl_typesupport_fastrtps_cpp.hpp
[4.051s] -- Up-to-date: /home/sami/session9/session9-ros2/install/action_package/include/action_package/action_package/msg
[4.051s] -- Installing: /home/sami/session9/session9-ros2/install/action_package/include/action_package/action_package/msg/rosidl_typesupport_fastrtps_cpp__visibility_control.h
[4.051s] -- Installing: /home/sami/session9/session9-ros2/install/action_package/lib/libaction_package__rosidl_typesupport_fastrtps_cpp.so
[4.051s] -- Set runtime path of "/home/sami/session9/session9-ros2/install/action_package/lib/libaction_package__rosidl_typesupport_fastrtps_cpp.so" to ""
[4.051s] -- Up-to-date: /home/sami/session9/session9-ros2/install/action_package/include/action_package/action_package
[4.051s] -- Up-to-date: /home/sami/session9/session9-ros2/install/action_package/include/action_package/action_package/srv
[4.051s] -- Up-to-date: /home/sami/session9/session9-ros2/install/action_package/include/action_package/action_package/srv/detail
[4.051s] -- Installing: /home/sami/session9/session9-ros2/install/action_package/include/action_package/action_package/srv/detail/find_closest_wall__rosidl_typesupport_introspection_c.h
[4.052s] -- Installing: /home/sami/session9/session9-ros2/install/action_package/include/action_package/action_package/srv/detail/find_closest_wall__type_support.c
[4.052s] -- Up-to-date: /home/sami/session9/session9-ros2/install/action_package/include/action_package/action_package/action
[4.052s] -- Up-to-date: /home/sami/session9/session9-ros2/install/action_package/include/action_package/action_package/action/detail
[4.052s] -- Installing: /home/sami/session9/session9-ros2/install/action_package/include/action_package/action_package/action/detail/lap_time__type_support.c
[4.052s] -- Installing: /home/sami/session9/session9-ros2/install/action_package/include/action_package/action_package/action/detail/lap_time__rosidl_typesupport_introspection_c.h
[4.052s] -- Up-to-date: /home/sami/session9/session9-ros2/install/action_package/include/action_package/action_package/msg
[4.052s] -- Installing: /home/sami/session9/session9-ros2/install/action_package/include/action_package/action_package/msg/rosidl_typesupport_introspection_c__visibility_control.h
[4.052s] -- Installing: /home/sami/session9/session9-ros2/install/action_package/lib/libaction_package__rosidl_typesupport_introspection_c.so
[4.052s] -- Set runtime path of "/home/sami/session9/session9-ros2/install/action_package/lib/libaction_package__rosidl_typesupport_introspection_c.so" to ""
[4.052s] -- Installing: /home/sami/session9/session9-ros2/install/action_package/lib/libaction_package__rosidl_typesupport_c.so
[4.052s] -- Set runtime path of "/home/sami/session9/session9-ros2/install/action_package/lib/libaction_package__rosidl_typesupport_c.so" to ""
[4.052s] -- Up-to-date: /home/sami/session9/session9-ros2/install/action_package/include/action_package/action_package
[4.053s] -- Up-to-date: /home/sami/session9/session9-ros2/install/action_package/include/action_package/action_package/srv
[4.053s] -- Up-to-date: /home/sami/session9/session9-ros2/install/action_package/include/action_package/action_package/srv/detail
[4.053s] -- Installing: /home/sami/session9/session9-ros2/install/action_package/include/action_package/action_package/srv/detail/find_closest_wall__rosidl_typesupport_introspection_cpp.hpp
[4.053s] -- Installing: /home/sami/session9/session9-ros2/install/action_package/include/action_package/action_package/srv/detail/find_closest_wall__type_support.cpp
[4.053s] -- Up-to-date: /home/sami/session9/session9-ros2/install/action_package/include/action_package/action_package/action
[4.053s] -- Up-to-date: /home/sami/session9/session9-ros2/install/action_package/include/action_package/action_package/action/detail
[4.053s] -- Installing: /home/sami/session9/session9-ros2/install/action_package/include/action_package/action_package/action/detail/lap_time__rosidl_typesupport_introspection_cpp.hpp
[4.053s] -- Installing: /home/sami/session9/session9-ros2/install/action_package/include/action_package/action_package/action/detail/lap_time__type_support.cpp
[4.053s] -- Installing: /home/sami/session9/session9-ros2/install/action_package/lib/libaction_package__rosidl_typesupport_introspection_cpp.so
[4.053s] -- Set runtime path of "/home/sami/session9/session9-ros2/install/action_package/lib/libaction_package__rosidl_typesupport_introspection_cpp.so" to ""
[4.053s] -- Installing: /home/sami/session9/session9-ros2/install/action_package/lib/libaction_package__rosidl_typesupport_cpp.so
[4.053s] -- Set runtime path of "/home/sami/session9/session9-ros2/install/action_package/lib/libaction_package__rosidl_typesupport_cpp.so" to ""
[4.053s] -- Installing: /home/sami/session9/session9-ros2/install/action_package/share/action_package/environment/pythonpath.sh
[4.054s] -- Installing: /home/sami/session9/session9-ros2/install/action_package/share/action_package/environment/pythonpath.dsv
[4.054s] -- Installing: /home/sami/session9/session9-ros2/install/action_package/local/lib/python3.10/dist-packages/action_package-0.0.0-py3.10.egg-info
[4.054s] -- Installing: /home/sami/session9/session9-ros2/install/action_package/local/lib/python3.10/dist-packages/action_package-0.0.0-py3.10.egg-info/top_level.txt
[4.054s] -- Installing: /home/sami/session9/session9-ros2/install/action_package/local/lib/python3.10/dist-packages/action_package-0.0.0-py3.10.egg-info/PKG-INFO
[4.054s] -- Installing: /home/sami/session9/session9-ros2/install/action_package/local/lib/python3.10/dist-packages/action_package-0.0.0-py3.10.egg-info/SOURCES.txt
[4.054s] -- Installing: /home/sami/session9/session9-ros2/install/action_package/local/lib/python3.10/dist-packages/action_package-0.0.0-py3.10.egg-info/dependency_links.txt
[4.054s] -- Installing: /home/sami/session9/session9-ros2/install/action_package/local/lib/python3.10/dist-packages/action_package
[4.054s] -- Installing: /home/sami/session9/session9-ros2/install/action_package/local/lib/python3.10/dist-packages/action_package/srv
[4.054s] -- Installing: /home/sami/session9/session9-ros2/install/action_package/local/lib/python3.10/dist-packages/action_package/srv/_find_closest_wall.py
[4.054s] -- Installing: /home/sami/session9/session9-ros2/install/action_package/local/lib/python3.10/dist-packages/action_package/srv/__init__.py
[4.054s] -- Installing: /home/sami/session9/session9-ros2/install/action_package/local/lib/python3.10/dist-packages/action_package/srv/_find_closest_wall_s.c
[4.054s] -- Installing: /home/sami/session9/session9-ros2/install/action_package/local/lib/python3.10/dist-packages/action_package/action_package_s__rosidl_typesupport_introspection_c.cpython-310-x86_64-linux-gnu.so
[4.054s] -- Installing: /home/sami/session9/session9-ros2/install/action_package/local/lib/python3.10/dist-packages/action_package/action
[4.055s] -- Installing: /home/sami/session9/session9-ros2/install/action_package/local/lib/python3.10/dist-packages/action_package/action/_lap_time_s.c
[4.055s] -- Installing: /home/sami/session9/session9-ros2/install/action_package/local/lib/python3.10/dist-packages/action_package/action/_lap_time.py
[4.055s] -- Installing: /home/sami/session9/session9-ros2/install/action_package/local/lib/python3.10/dist-packages/action_package/action/__init__.py
[4.055s] -- Installing: /home/sami/session9/session9-ros2/install/action_package/local/lib/python3.10/dist-packages/action_package/_action_package_s.ep.rosidl_typesupport_fastrtps_c.c
[4.055s] -- Installing: /home/sami/session9/session9-ros2/install/action_package/local/lib/python3.10/dist-packages/action_package/_action_package_s.ep.rosidl_typesupport_introspection_c.c
[4.055s] -- Installing: /home/sami/session9/session9-ros2/install/action_package/local/lib/python3.10/dist-packages/action_package/_action_package_s.ep.rosidl_typesupport_c.c
[4.055s] -- Installing: /home/sami/session9/session9-ros2/install/action_package/local/lib/python3.10/dist-packages/action_package/__init__.py
[4.055s] -- Installing: /home/sami/session9/session9-ros2/install/action_package/local/lib/python3.10/dist-packages/action_package/libaction_package__rosidl_generator_py.so
[4.055s] -- Installing: /home/sami/session9/session9-ros2/install/action_package/local/lib/python3.10/dist-packages/action_package/action_package_s__rosidl_typesupport_c.cpython-310-x86_64-linux-gnu.so
[4.055s] -- Installing: /home/sami/session9/session9-ros2/install/action_package/local/lib/python3.10/dist-packages/action_package/action_package_s__rosidl_typesupport_fastrtps_c.cpython-310-x86_64-linux-gnu.so
[4.081s] Listing '/home/sami/session9/session9-ros2/install/action_package/local/lib/python3.10/dist-packages/action_package'...
[4.081s] Compiling '/home/sami/session9/session9-ros2/install/action_package/local/lib/python3.10/dist-packages/action_package/__init__.py'...
[4.081s] Listing '/home/sami/session9/session9-ros2/install/action_package/local/lib/python3.10/dist-packages/action_package/action'...
[4.081s] Compiling '/home/sami/session9/session9-ros2/install/action_package/local/lib/python3.10/dist-packages/action_package/action/__init__.py'...
[4.081s] Compiling '/home/sami/session9/session9-ros2/install/action_package/local/lib/python3.10/dist-packages/action_package/action/_lap_time.py'...
[4.081s] Listing '/home/sami/session9/session9-ros2/install/action_package/local/lib/python3.10/dist-packages/action_package/srv'...
[4.081s] Compiling '/home/sami/session9/session9-ros2/install/action_package/local/lib/python3.10/dist-packages/action_package/srv/__init__.py'...
[4.081s] Compiling '/home/sami/session9/session9-ros2/install/action_package/local/lib/python3.10/dist-packages/action_package/srv/_find_closest_wall.py'...
[4.084s] -- Installing: /home/sami/session9/session9-ros2/install/action_package/local/lib/python3.10/dist-packages/action_package/action_package_s__rosidl_typesupport_fastrtps_c.cpython-310-x86_64-linux-gnu.so
[4.084s] -- Set runtime path of "/home/sami/session9/session9-ros2/install/action_package/local/lib/python3.10/dist-packages/action_package/action_package_s__rosidl_typesupport_fastrtps_c.cpython-310-x86_64-linux-gnu.so" to ""
[4.084s] -- Installing: /home/sami/session9/session9-ros2/install/action_package/local/lib/python3.10/dist-packages/action_package/action_package_s__rosidl_typesupport_introspection_c.cpython-310-x86_64-linux-gnu.so
[4.084s] -- Set runtime path of "/home/sami/session9/session9-ros2/install/action_package/local/lib/python3.10/dist-packages/action_package/action_package_s__rosidl_typesupport_introspection_c.cpython-310-x86_64-linux-gnu.so" to ""
[4.084s] -- Installing: /home/sami/session9/session9-ros2/install/action_package/local/lib/python3.10/dist-packages/action_package/action_package_s__rosidl_typesupport_c.cpython-310-x86_64-linux-gnu.so
[4.084s] -- Set runtime path of "/home/sami/session9/session9-ros2/install/action_package/local/lib/python3.10/dist-packages/action_package/action_package_s__rosidl_typesupport_c.cpython-310-x86_64-linux-gnu.so" to ""
[4.084s] -- Installing: /home/sami/session9/session9-ros2/install/action_package/lib/libaction_package__rosidl_generator_py.so
[4.084s] -- Set runtime path of "/home/sami/session9/session9-ros2/install/action_package/lib/libaction_package__rosidl_generator_py.so" to ""
[4.085s] -- Installing: /home/sami/session9/session9-ros2/install/action_package/share/action_package/action/LapTime.idl
[4.085s] -- Installing: /home/sami/session9/session9-ros2/install/action_package/share/action_package/srv/FindClosestWall.idl
[4.085s] -- Installing: /home/sami/session9/session9-ros2/install/action_package/share/action_package/action/LapTime.action
[4.085s] -- Installing: /home/sami/session9/session9-ros2/install/action_package/share/action_package/srv/FindClosestWall.srv
[4.085s] -- Installing: /home/sami/session9/session9-ros2/install/action_package/share/action_package/srv/FindClosestWall_Request.msg
[4.085s] -- Installing: /home/sami/session9/session9-ros2/install/action_package/share/action_package/srv/FindClosestWall_Response.msg
[4.085s] -- Installing: /home/sami/session9/session9-ros2/install/action_package/share/ament_index/resource_index/package_run_dependencies/action_package
[4.085s] -- Installing: /home/sami/session9/session9-ros2/install/action_package/share/ament_index/resource_index/parent_prefix_path/action_package
[4.085s] -- Installing: /home/sami/session9/session9-ros2/install/action_package/share/action_package/environment/ament_prefix_path.sh
[4.085s] -- Installing: /home/sami/session9/session9-ros2/install/action_package/share/action_package/environment/ament_prefix_path.dsv
[4.085s] -- Installing: /home/sami/session9/session9-ros2/install/action_package/share/action_package/environment/path.sh
[4.085s] -- Installing: /home/sami/session9/session9-ros2/install/action_package/share/action_package/environment/path.dsv
[4.085s] -- Installing: /home/sami/session9/session9-ros2/install/action_package/share/action_package/local_setup.bash
[4.085s] -- Installing: /home/sami/session9/session9-ros2/install/action_package/share/action_package/local_setup.sh
[4.085s] -- Installing: /home/sami/session9/session9-ros2/install/action_package/share/action_package/local_setup.zsh
[4.085s] -- Installing: /home/sami/session9/session9-ros2/install/action_package/share/action_package/local_setup.dsv
[4.086s] -- Installing: /home/sami/session9/session9-ros2/install/action_package/share/action_package/package.dsv
[4.086s] -- Installing: /home/sami/session9/session9-ros2/install/action_package/share/ament_index/resource_index/packages/action_package
[4.086s] -- Installing: /home/sami/session9/session9-ros2/install/action_package/share/action_package/cmake/export_action_package__rosidl_generator_cExport.cmake
[4.086s] -- Installing: /home/sami/session9/session9-ros2/install/action_package/share/action_package/cmake/export_action_package__rosidl_generator_cExport-noconfig.cmake
[4.086s] -- Installing: /home/sami/session9/session9-ros2/install/action_package/share/action_package/cmake/export_action_package__rosidl_typesupport_fastrtps_cExport.cmake
[4.086s] -- Installing: /home/sami/session9/session9-ros2/install/action_package/share/action_package/cmake/export_action_package__rosidl_typesupport_fastrtps_cExport-noconfig.cmake
[4.086s] -- Installing: /home/sami/session9/session9-ros2/install/action_package/share/action_package/cmake/export_action_package__rosidl_generator_cppExport.cmake
[4.086s] -- Installing: /home/sami/session9/session9-ros2/install/action_package/share/action_package/cmake/export_action_package__rosidl_typesupport_fastrtps_cppExport.cmake
[4.086s] -- Installing: /home/sami/session9/session9-ros2/install/action_package/share/action_package/cmake/export_action_package__rosidl_typesupport_fastrtps_cppExport-noconfig.cmake
[4.086s] -- Installing: /home/sami/session9/session9-ros2/install/action_package/share/action_package/cmake/action_package__rosidl_typesupport_introspection_cExport.cmake
[4.086s] -- Installing: /home/sami/session9/session9-ros2/install/action_package/share/action_package/cmake/action_package__rosidl_typesupport_introspection_cExport-noconfig.cmake
[4.086s] -- Installing: /home/sami/session9/session9-ros2/install/action_package/share/action_package/cmake/action_package__rosidl_typesupport_cExport.cmake
[4.086s] -- Installing: /home/sami/session9/session9-ros2/install/action_package/share/action_package/cmake/action_package__rosidl_typesupport_cExport-noconfig.cmake
[4.086s] -- Installing: /home/sami/session9/session9-ros2/install/action_package/share/action_package/cmake/action_package__rosidl_typesupport_introspection_cppExport.cmake
[4.087s] -- Installing: /home/sami/session9/session9-ros2/install/action_package/share/action_package/cmake/action_package__rosidl_typesupport_introspection_cppExport-noconfig.cmake
[4.087s] -- Installing: /home/sami/session9/session9-ros2/install/action_package/share/action_package/cmake/action_package__rosidl_typesupport_cppExport.cmake
[4.087s] -- Installing: /home/sami/session9/session9-ros2/install/action_package/share/action_package/cmake/action_package__rosidl_typesupport_cppExport-noconfig.cmake
[4.087s] -- Installing: /home/sami/session9/session9-ros2/install/action_package/share/action_package/cmake/export_action_package__rosidl_generator_pyExport.cmake
[4.087s] -- Installing: /home/sami/session9/session9-ros2/install/action_package/share/action_package/cmake/export_action_package__rosidl_generator_pyExport-noconfig.cmake
[4.087s] -- Installing: /home/sami/session9/session9-ros2/install/action_package/share/action_package/cmake/rosidl_cmake-extras.cmake
[4.087s] -- Installing: /home/sami/session9/session9-ros2/install/action_package/share/action_package/cmake/ament_cmake_export_dependencies-extras.cmake
[4.087s] -- Installing: /home/sami/session9/session9-ros2/install/action_package/share/action_package/cmake/ament_cmake_export_include_directories-extras.cmake
[4.087s] -- Installing: /home/sami/session9/session9-ros2/install/action_package/share/action_package/cmake/ament_cmake_export_libraries-extras.cmake
[4.087s] -- Installing: /home/sami/session9/session9-ros2/install/action_package/share/action_package/cmake/ament_cmake_export_targets-extras.cmake
[4.087s] -- Installing: /home/sami/session9/session9-ros2/install/action_package/share/action_package/cmake/rosidl_cmake_export_typesupport_targets-extras.cmake
[4.087s] -- Installing: /home/sami/session9/session9-ros2/install/action_package/share/action_package/cmake/rosidl_cmake_export_typesupport_libraries-extras.cmake
[4.087s] -- Installing: /home/sami/session9/session9-ros2/install/action_package/share/action_package/cmake/action_packageConfig.cmake
[4.087s] -- Installing: /home/sami/session9/session9-ros2/install/action_package/share/action_package/cmake/action_packageConfig-version.cmake
[4.087s] -- Installing: /home/sami/session9/session9-ros2/install/action_package/share/action_package/package.xml
[4.089s] Invoked command in '/home/sami/session9/session9-ros2/build/action_package' returned '0': CMAKE_PREFIX_PATH=${CMAKE_PREFIX_PATH}:/opt/ros/humble /usr/bin/cmake --install /home/sami/session9/session9-ros2/build/action_package
