[0.007s] Invoking command in '/home/sami/session9/build/action_package': CMAKE_PREFIX_PATH=/opt/ros/humble /usr/bin/cmake --build /home/sami/session9/build/action_package -- -j8 -l8
[0.027s] -- Found ament_cmake: 1.3.9 (/opt/ros/humble/share/ament_cmake/cmake)
[0.116s] -- Found action_msgs: 1.2.1 (/opt/ros/humble/share/action_msgs/cmake)
[0.141s] -- Found rosidl_generator_c: 3.1.5 (/opt/ros/humble/share/rosidl_generator_c/cmake)
[0.143s] -- Found rosidl_adapter: 3.1.5 (/opt/ros/humble/share/rosidl_adapter/cmake)
[0.148s] -- Found rosidl_generator_cpp: 3.1.5 (/opt/ros/humble/share/rosidl_generator_cpp/cmake)
[0.159s] -- Using all available rosidl_typesupport_c: rosidl_typesupport_fastrtps_c;rosidl_typesupport_introspection_c
[0.172s] -- Using all available rosidl_typesupport_cpp: rosidl_typesupport_fastrtps_cpp;rosidl_typesupport_introspection_cpp
[0.224s] -- Found rclcpp: 16.0.9 (/opt/ros/humble/share/rclcpp/cmake)
[0.283s] -- Found rmw_implementation_cmake: 6.1.2 (/opt/ros/humble/share/rmw_implementation_cmake/cmake)
[0.285s] -- Found rmw_fastrtps_cpp: 6.2.6 (/opt/ros/humble/share/rmw_fastrtps_cpp/cmake)
[0.375s] -- Using RMW implementation 'rmw_fastrtps_cpp' as default
[0.489s] -- Found rosidl_default_generators: 1.2.0 (/opt/ros/humble/share/rosidl_default_generators/cmake)
[0.659s] -- Found ament_cmake_ros: 0.10.0 (/opt/ros/humble/share/ament_cmake_ros/cmake)
[0.872s] -- Using all available rosidl_typesupport_c: rosidl_typesupport_fastrtps_c;rosidl_typesupport_introspection_c
[0.948s] -- Using all available rosidl_typesupport_cpp: rosidl_typesupport_fastrtps_cpp;rosidl_typesupport_introspection_cpp
[0.962s] -- Found python_cmake_module: 0.10.0 (/opt/ros/humble/share/python_cmake_module/cmake)
[0.978s] -- Using PYTHON_EXECUTABLE: /usr/bin/python3
[0.978s] -- Using PYTHON_INCLUDE_DIRS: /usr/include/python3.10
[0.978s] -- Using PYTHON_LIBRARIES: /usr/lib/x86_64-linux-gnu/libpython3.10.so
[0.989s] -- Found ament_lint_auto: 0.12.11 (/opt/ros/humble/share/ament_lint_auto/cmake)
[0.999s] -- Added test 'lint_cmake' to check CMake code style
[1.000s] -- Added test 'xmllint' to check XML markup files
[1.001s] -- Configuring done
[1.021s] -- Generating done
[1.023s] -- Build files have been written to: /home/sami/session9/build/action_package
[1.042s] [  2%] [34m[1mGenerating C code for ROS interfaces[0m
[1.048s] [  5%] [34m[1mGenerating C++ code for ROS interfaces[0m
[1.055s] [  5%] Built target ament_cmake_python_copy_action_package
[1.224s] running egg_info
[1.225s] writing action_package.egg-info/PKG-INFO
[1.225s] writing dependency_links to action_package.egg-info/dependency_links.txt
[1.225s] writing top-level names to action_package.egg-info/top_level.txt
[1.227s] reading manifest file 'action_package.egg-info/SOURCES.txt'
[1.227s] writing manifest file 'action_package.egg-info/SOURCES.txt'
[1.247s] [  5%] Built target ament_cmake_python_build_action_package_egg
[1.421s] [  5%] Built target action_package__cpp
[1.428s] [  7%] [34m[1mGenerating C++ type support dispatch for ROS interfaces[0m
[1.428s] [ 10%] [34m[1mGenerating C++ type support for eProsima Fast-RTPS[0m
[1.428s] [ 12%] [34m[1mGenerating C++ introspection for ROS interfaces[0m
[1.432s] [35m[1mConsolidate compiler generated dependencies of target action_package__rosidl_generator_c[0m
[1.442s] [ 15%] [32mBuilding C object CMakeFiles/action_package__rosidl_generator_c.dir/rosidl_generator_c/action_package/action/detail/lap_time__functions.c.o[0m
[1.445s] [ 17%] [32mBuilding C object CMakeFiles/action_package__rosidl_generator_c.dir/rosidl_generator_c/action_package/srv/detail/find_closest_wall__functions.c.o[0m
[1.558s] [ 20%] [32m[1mLinking C shared library libaction_package__rosidl_generator_c.so[0m
[1.587s] [ 20%] Built target action_package__rosidl_generator_c
[1.598s] [ 23%] [34m[1mGenerating C type support for eProsima Fast-RTPS[0m
[1.598s] [ 25%] [34m[1mGenerating C type support dispatch for ROS interfaces[0m
[1.599s] [ 28%] [34m[1mGenerating C introspection for ROS interfaces[0m
[1.714s] [35m[1mConsolidate compiler generated dependencies of target action_package__rosidl_typesupport_cpp[0m
[1.727s] [ 30%] [32mBuilding CXX object CMakeFiles/action_package__rosidl_typesupport_cpp.dir/rosidl_typesupport_cpp/action_package/action/lap_time__type_support.cpp.o[0m
[1.727s] [ 33%] [32mBuilding CXX object CMakeFiles/action_package__rosidl_typesupport_cpp.dir/rosidl_typesupport_cpp/action_package/srv/find_closest_wall__type_support.cpp.o[0m
[1.820s] [35m[1mConsolidate compiler generated dependencies of target action_package__rosidl_typesupport_introspection_cpp[0m
[1.833s] [ 35%] [32mBuilding CXX object CMakeFiles/action_package__rosidl_typesupport_introspection_cpp.dir/rosidl_typesupport_introspection_cpp/action_package/srv/detail/find_closest_wall__type_support.cpp.o[0m
[1.839s] [ 38%] [32mBuilding CXX object CMakeFiles/action_package__rosidl_typesupport_introspection_cpp.dir/rosidl_typesupport_introspection_cpp/action_package/action/detail/lap_time__type_support.cpp.o[0m
[2.044s] [35m[1mConsolidate compiler generated dependencies of target action_package__rosidl_typesupport_fastrtps_cpp[0m
[2.062s] [ 41%] [32mBuilding CXX object CMakeFiles/action_package__rosidl_typesupport_fastrtps_cpp.dir/rosidl_typesupport_fastrtps_cpp/action_package/action/detail/dds_fastrtps/lap_time__type_support.cpp.o[0m
[2.100s] [ 43%] [32mBuilding CXX object CMakeFiles/action_package__rosidl_typesupport_fastrtps_cpp.dir/rosidl_typesupport_fastrtps_cpp/action_package/srv/detail/dds_fastrtps/find_closest_wall__type_support.cpp.o[0m
[2.102s] [35m[1mConsolidate compiler generated dependencies of target action_package__rosidl_typesupport_c[0m
[2.115s] [ 46%] [32mBuilding CXX object CMakeFiles/action_package__rosidl_typesupport_c.dir/rosidl_typesupport_c/action_package/action/lap_time__type_support.cpp.o[0m
[2.176s] [ 48%] [32mBuilding CXX object CMakeFiles/action_package__rosidl_typesupport_c.dir/rosidl_typesupport_c/action_package/srv/find_closest_wall__type_support.cpp.o[0m
[2.214s] [ 51%] [32m[1mLinking CXX shared library libaction_package__rosidl_typesupport_c.so[0m
[2.296s] [ 51%] Built target action_package__rosidl_typesupport_c
[2.318s] [35m[1mConsolidate compiler generated dependencies of target action_package__rosidl_typesupport_introspection_c[0m
[2.322s] [35m[1mConsolidate compiler generated dependencies of target action_package__rosidl_typesupport_fastrtps_c[0m
[2.331s] [ 53%] [32mBuilding C object CMakeFiles/action_package__rosidl_typesupport_introspection_c.dir/rosidl_typesupport_introspection_c/action_package/srv/detail/find_closest_wall__type_support.c.o[0m
[2.335s] [ 56%] [32mBuilding C object CMakeFiles/action_package__rosidl_typesupport_introspection_c.dir/rosidl_typesupport_introspection_c/action_package/action/detail/lap_time__type_support.c.o[0m
[2.340s] [ 58%] [32mBuilding CXX object CMakeFiles/action_package__rosidl_typesupport_fastrtps_c.dir/rosidl_typesupport_fastrtps_c/action_package/action/detail/lap_time__type_support_c.cpp.o[0m
[2.349s] [ 61%] [32mBuilding CXX object CMakeFiles/action_package__rosidl_typesupport_fastrtps_c.dir/rosidl_typesupport_fastrtps_c/action_package/srv/detail/find_closest_wall__type_support_c.cpp.o[0m
[2.351s] [ 64%] [32m[1mLinking CXX shared library libaction_package__rosidl_typesupport_cpp.so[0m
[2.414s] [ 66%] [32m[1mLinking C shared library libaction_package__rosidl_typesupport_introspection_c.so[0m
[2.422s] [ 66%] Built target action_package__rosidl_typesupport_cpp
[2.451s] [ 66%] Built target action_package__rosidl_typesupport_introspection_c
[2.577s] [ 69%] [32m[1mLinking CXX shared library libaction_package__rosidl_typesupport_introspection_cpp.so[0m
[2.642s] [ 71%] [32m[1mLinking CXX shared library libaction_package__rosidl_typesupport_fastrtps_cpp.so[0m
[2.668s] [ 71%] Built target action_package__rosidl_typesupport_introspection_cpp
[2.701s] [ 71%] Built target action_package__rosidl_typesupport_fastrtps_cpp
[2.703s] [ 74%] [32m[1mLinking CXX shared library libaction_package__rosidl_typesupport_fastrtps_c.so[0m
[2.751s] [ 74%] Built target action_package__rosidl_typesupport_fastrtps_c
[2.763s] [ 74%] Built target action_package
[2.779s] [ 76%] [34m[1mGenerating Python code for ROS interfaces[0m
[3.391s] [ 76%] Built target action_package__py
[3.397s] [35m[1mConsolidate compiler generated dependencies of target action_package__rosidl_generator_py[0m
[3.405s] [ 79%] [32mBuilding C object CMakeFiles/action_package__rosidl_generator_py.dir/rosidl_generator_py/action_package/srv/_find_closest_wall_s.c.o[0m
[3.405s] [ 82%] [32mBuilding C object CMakeFiles/action_package__rosidl_generator_py.dir/rosidl_generator_py/action_package/action/_lap_time_s.c.o[0m
[3.493s] [ 84%] [32m[1mLinking C shared library rosidl_generator_py/action_package/libaction_package__rosidl_generator_py.so[0m
[3.519s] [ 84%] Built target action_package__rosidl_generator_py
[3.526s] [35m[1mConsolidate compiler generated dependencies of target action_package__rosidl_typesupport_introspection_c__pyext[0m
[3.526s] [35m[1mConsolidate compiler generated dependencies of target action_package__rosidl_typesupport_fastrtps_c__pyext[0m
[3.526s] [35m[1mConsolidate compiler generated dependencies of target action_package__rosidl_typesupport_c__pyext[0m
[3.535s] [ 87%] [32mBuilding C object CMakeFiles/action_package__rosidl_typesupport_fastrtps_c__pyext.dir/rosidl_generator_py/action_package/_action_package_s.ep.rosidl_typesupport_fastrtps_c.c.o[0m
[3.535s] [ 92%] [32mBuilding C object CMakeFiles/action_package__rosidl_typesupport_c__pyext.dir/rosidl_generator_py/action_package/_action_package_s.ep.rosidl_typesupport_c.c.o[0m
[3.535s] [ 92%] [32mBuilding C object CMakeFiles/action_package__rosidl_typesupport_introspection_c__pyext.dir/rosidl_generator_py/action_package/_action_package_s.ep.rosidl_typesupport_introspection_c.c.o[0m
[3.623s] [ 94%] [32m[1mLinking C shared library rosidl_generator_py/action_package/action_package_s__rosidl_typesupport_introspection_c.cpython-310-x86_64-linux-gnu.so[0m
[3.641s] [ 97%] [32m[1mLinking C shared library rosidl_generator_py/action_package/action_package_s__rosidl_typesupport_c.cpython-310-x86_64-linux-gnu.so[0m
[3.653s] [ 97%] Built target action_package__rosidl_typesupport_introspection_c__pyext
[3.672s] [ 97%] Built target action_package__rosidl_typesupport_c__pyext
[3.675s] [100%] [32m[1mLinking C shared library rosidl_generator_py/action_package/action_package_s__rosidl_typesupport_fastrtps_c.cpython-310-x86_64-linux-gnu.so[0m
[3.700s] [100%] Built target action_package__rosidl_typesupport_fastrtps_c__pyext
[3.708s] Invoked command in '/home/sami/session9/build/action_package' returned '0': CMAKE_PREFIX_PATH=/opt/ros/humble /usr/bin/cmake --build /home/sami/session9/build/action_package -- -j8 -l8
[3.758s] Invoking command in '/home/sami/session9/build/action_package': CMAKE_PREFIX_PATH=/opt/ros/humble /usr/bin/cmake --install /home/sami/session9/build/action_package
[3.764s] -- Install configuration: ""
[3.764s] -- Installing: /home/sami/session9/install/action_package/share/ament_index/resource_index/rosidl_interfaces/action_package
[3.764s] -- Up-to-date: /home/sami/session9/install/action_package/include/action_package/action_package
[3.764s] -- Installing: /home/sami/session9/install/action_package/include/action_package/action_package/srv
[3.764s] -- Installing: /home/sami/session9/install/action_package/include/action_package/action_package/srv/detail
[3.764s] -- Installing: /home/sami/session9/install/action_package/include/action_package/action_package/srv/detail/find_closest_wall__type_support.h
[3.764s] -- Installing: /home/sami/session9/install/action_package/include/action_package/action_package/srv/detail/find_closest_wall__functions.c
[3.764s] -- Installing: /home/sami/session9/install/action_package/include/action_package/action_package/srv/detail/find_closest_wall__struct.h
[3.764s] -- Installing: /home/sami/session9/install/action_package/include/action_package/action_package/srv/detail/find_closest_wall__functions.h
[3.764s] -- Installing: /home/sami/session9/install/action_package/include/action_package/action_package/srv/find_closest_wall.h
[3.764s] -- Up-to-date: /home/sami/session9/install/action_package/include/action_package/action_package/action
[3.764s] -- Installing: /home/sami/session9/install/action_package/include/action_package/action_package/action/lap_time.h
[3.764s] -- Up-to-date: /home/sami/session9/install/action_package/include/action_package/action_package/action/detail
[3.764s] -- Installing: /home/sami/session9/install/action_package/include/action_package/action_package/action/detail/lap_time__struct.h
[3.764s] -- Installing: /home/sami/session9/install/action_package/include/action_package/action_package/action/detail/lap_time__functions.c
[3.765s] -- Installing: /home/sami/session9/install/action_package/include/action_package/action_package/action/detail/lap_time__functions.h
[3.765s] -- Installing: /home/sami/session9/install/action_package/include/action_package/action_package/action/detail/lap_time__type_support.h
[3.765s] -- Up-to-date: /home/sami/session9/install/action_package/include/action_package/action_package/msg
[3.765s] -- Up-to-date: /home/sami/session9/install/action_package/include/action_package/action_package/msg/rosidl_generator_c__visibility_control.h
[3.765s] -- Up-to-date: /home/sami/session9/install/action_package/share/action_package/environment/library_path.sh
[3.765s] -- Installing: /home/sami/session9/install/action_package/share/action_package/environment/library_path.dsv
[3.765s] -- Installing: /home/sami/session9/install/action_package/lib/libaction_package__rosidl_generator_c.so
[3.765s] -- Set runtime path of "/home/sami/session9/install/action_package/lib/libaction_package__rosidl_generator_c.so" to ""
[3.765s] -- Up-to-date: /home/sami/session9/install/action_package/include/action_package/action_package
[3.765s] -- Up-to-date: /home/sami/session9/install/action_package/include/action_package/action_package/srv
[3.765s] -- Up-to-date: /home/sami/session9/install/action_package/include/action_package/action_package/srv/detail
[3.765s] -- Installing: /home/sami/session9/install/action_package/include/action_package/action_package/srv/detail/find_closest_wall__rosidl_typesupport_fastrtps_c.h
[3.765s] -- Up-to-date: /home/sami/session9/install/action_package/include/action_package/action_package/action
[3.765s] -- Up-to-date: /home/sami/session9/install/action_package/include/action_package/action_package/action/detail
[3.765s] -- Installing: /home/sami/session9/install/action_package/include/action_package/action_package/action/detail/lap_time__rosidl_typesupport_fastrtps_c.h
[3.765s] -- Up-to-date: /home/sami/session9/install/action_package/include/action_package/action_package/msg
[3.765s] -- Up-to-date: /home/sami/session9/install/action_package/include/action_package/action_package/msg/rosidl_typesupport_fastrtps_c__visibility_control.h
[3.765s] -- Installing: /home/sami/session9/install/action_package/lib/libaction_package__rosidl_typesupport_fastrtps_c.so
[3.766s] -- Set runtime path of "/home/sami/session9/install/action_package/lib/libaction_package__rosidl_typesupport_fastrtps_c.so" to ""
[3.766s] -- Up-to-date: /home/sami/session9/install/action_package/include/action_package/action_package
[3.766s] -- Up-to-date: /home/sami/session9/install/action_package/include/action_package/action_package/srv
[3.766s] -- Up-to-date: /home/sami/session9/install/action_package/include/action_package/action_package/srv/detail
[3.766s] -- Installing: /home/sami/session9/install/action_package/include/action_package/action_package/srv/detail/find_closest_wall__builder.hpp
[3.766s] -- Installing: /home/sami/session9/install/action_package/include/action_package/action_package/srv/detail/find_closest_wall__struct.hpp
[3.766s] -- Installing: /home/sami/session9/install/action_package/include/action_package/action_package/srv/detail/find_closest_wall__traits.hpp
[3.766s] -- Installing: /home/sami/session9/install/action_package/include/action_package/action_package/srv/find_closest_wall.hpp
[3.766s] -- Up-to-date: /home/sami/session9/install/action_package/include/action_package/action_package/action
[3.766s] -- Installing: /home/sami/session9/install/action_package/include/action_package/action_package/action/lap_time.hpp
[3.766s] -- Up-to-date: /home/sami/session9/install/action_package/include/action_package/action_package/action/detail
[3.766s] -- Installing: /home/sami/session9/install/action_package/include/action_package/action_package/action/detail/lap_time__struct.hpp
[3.766s] -- Installing: /home/sami/session9/install/action_package/include/action_package/action_package/action/detail/lap_time__builder.hpp
[3.766s] -- Installing: /home/sami/session9/install/action_package/include/action_package/action_package/action/detail/lap_time__traits.hpp
[3.766s] -- Up-to-date: /home/sami/session9/install/action_package/include/action_package/action_package
[3.766s] -- Up-to-date: /home/sami/session9/install/action_package/include/action_package/action_package/srv
[3.766s] -- Up-to-date: /home/sami/session9/install/action_package/include/action_package/action_package/srv/detail
[3.766s] -- Installing: /home/sami/session9/install/action_package/include/action_package/action_package/srv/detail/dds_fastrtps
[3.766s] -- Installing: /home/sami/session9/install/action_package/include/action_package/action_package/srv/detail/find_closest_wall__rosidl_typesupport_fastrtps_cpp.hpp
[3.767s] -- Up-to-date: /home/sami/session9/install/action_package/include/action_package/action_package/action
[3.767s] -- Up-to-date: /home/sami/session9/install/action_package/include/action_package/action_package/action/detail
[3.767s] -- Up-to-date: /home/sami/session9/install/action_package/include/action_package/action_package/action/detail/dds_fastrtps
[3.767s] -- Installing: /home/sami/session9/install/action_package/include/action_package/action_package/action/detail/lap_time__rosidl_typesupport_fastrtps_cpp.hpp
[3.767s] -- Up-to-date: /home/sami/session9/install/action_package/include/action_package/action_package/msg
[3.767s] -- Up-to-date: /home/sami/session9/install/action_package/include/action_package/action_package/msg/rosidl_typesupport_fastrtps_cpp__visibility_control.h
[3.767s] -- Installing: /home/sami/session9/install/action_package/lib/libaction_package__rosidl_typesupport_fastrtps_cpp.so
[3.767s] -- Set runtime path of "/home/sami/session9/install/action_package/lib/libaction_package__rosidl_typesupport_fastrtps_cpp.so" to ""
[3.767s] -- Up-to-date: /home/sami/session9/install/action_package/include/action_package/action_package
[3.767s] -- Up-to-date: /home/sami/session9/install/action_package/include/action_package/action_package/srv
[3.767s] -- Up-to-date: /home/sami/session9/install/action_package/include/action_package/action_package/srv/detail
[3.767s] -- Installing: /home/sami/session9/install/action_package/include/action_package/action_package/srv/detail/find_closest_wall__rosidl_typesupport_introspection_c.h
[3.767s] -- Installing: /home/sami/session9/install/action_package/include/action_package/action_package/srv/detail/find_closest_wall__type_support.c
[3.767s] -- Up-to-date: /home/sami/session9/install/action_package/include/action_package/action_package/action
[3.767s] -- Up-to-date: /home/sami/session9/install/action_package/include/action_package/action_package/action/detail
[3.767s] -- Installing: /home/sami/session9/install/action_package/include/action_package/action_package/action/detail/lap_time__type_support.c
[3.767s] -- Installing: /home/sami/session9/install/action_package/include/action_package/action_package/action/detail/lap_time__rosidl_typesupport_introspection_c.h
[3.767s] -- Up-to-date: /home/sami/session9/install/action_package/include/action_package/action_package/msg
[3.767s] -- Up-to-date: /home/sami/session9/install/action_package/include/action_package/action_package/msg/rosidl_typesupport_introspection_c__visibility_control.h
[3.767s] -- Installing: /home/sami/session9/install/action_package/lib/libaction_package__rosidl_typesupport_introspection_c.so
[3.767s] -- Set runtime path of "/home/sami/session9/install/action_package/lib/libaction_package__rosidl_typesupport_introspection_c.so" to ""
[3.767s] -- Installing: /home/sami/session9/install/action_package/lib/libaction_package__rosidl_typesupport_c.so
[3.768s] -- Set runtime path of "/home/sami/session9/install/action_package/lib/libaction_package__rosidl_typesupport_c.so" to ""
[3.768s] -- Up-to-date: /home/sami/session9/install/action_package/include/action_package/action_package
[3.768s] -- Up-to-date: /home/sami/session9/install/action_package/include/action_package/action_package/srv
[3.768s] -- Up-to-date: /home/sami/session9/install/action_package/include/action_package/action_package/srv/detail
[3.768s] -- Installing: /home/sami/session9/install/action_package/include/action_package/action_package/srv/detail/find_closest_wall__rosidl_typesupport_introspection_cpp.hpp
[3.768s] -- Installing: /home/sami/session9/install/action_package/include/action_package/action_package/srv/detail/find_closest_wall__type_support.cpp
[3.768s] -- Up-to-date: /home/sami/session9/install/action_package/include/action_package/action_package/action
[3.768s] -- Up-to-date: /home/sami/session9/install/action_package/include/action_package/action_package/action/detail
[3.768s] -- Installing: /home/sami/session9/install/action_package/include/action_package/action_package/action/detail/lap_time__rosidl_typesupport_introspection_cpp.hpp
[3.768s] -- Installing: /home/sami/session9/install/action_package/include/action_package/action_package/action/detail/lap_time__type_support.cpp
[3.768s] -- Installing: /home/sami/session9/install/action_package/lib/libaction_package__rosidl_typesupport_introspection_cpp.so
[3.768s] -- Set runtime path of "/home/sami/session9/install/action_package/lib/libaction_package__rosidl_typesupport_introspection_cpp.so" to ""
[3.768s] -- Installing: /home/sami/session9/install/action_package/lib/libaction_package__rosidl_typesupport_cpp.so
[3.768s] -- Set runtime path of "/home/sami/session9/install/action_package/lib/libaction_package__rosidl_typesupport_cpp.so" to ""
[3.768s] -- Up-to-date: /home/sami/session9/install/action_package/share/action_package/environment/pythonpath.sh
[3.769s] -- Installing: /home/sami/session9/install/action_package/share/action_package/environment/pythonpath.dsv
[3.769s] -- Up-to-date: /home/sami/session9/install/action_package/local/lib/python3.10/dist-packages/action_package-0.0.0-py3.10.egg-info
[3.769s] -- Installing: /home/sami/session9/install/action_package/local/lib/python3.10/dist-packages/action_package-0.0.0-py3.10.egg-info/top_level.txt
[3.769s] -- Installing: /home/sami/session9/install/action_package/local/lib/python3.10/dist-packages/action_package-0.0.0-py3.10.egg-info/PKG-INFO
[3.769s] -- Installing: /home/sami/session9/install/action_package/local/lib/python3.10/dist-packages/action_package-0.0.0-py3.10.egg-info/SOURCES.txt
[3.769s] -- Installing: /home/sami/session9/install/action_package/local/lib/python3.10/dist-packages/action_package-0.0.0-py3.10.egg-info/dependency_links.txt
[3.769s] -- Up-to-date: /home/sami/session9/install/action_package/local/lib/python3.10/dist-packages/action_package
[3.769s] -- Installing: /home/sami/session9/install/action_package/local/lib/python3.10/dist-packages/action_package/srv
[3.769s] -- Installing: /home/sami/session9/install/action_package/local/lib/python3.10/dist-packages/action_package/srv/_find_closest_wall.py
[3.769s] -- Installing: /home/sami/session9/install/action_package/local/lib/python3.10/dist-packages/action_package/srv/__init__.py
[3.769s] -- Installing: /home/sami/session9/install/action_package/local/lib/python3.10/dist-packages/action_package/srv/_find_closest_wall_s.c
[3.769s] -- Installing: /home/sami/session9/install/action_package/local/lib/python3.10/dist-packages/action_package/action_package_s__rosidl_typesupport_introspection_c.cpython-310-x86_64-linux-gnu.so
[3.769s] -- Up-to-date: /home/sami/session9/install/action_package/local/lib/python3.10/dist-packages/action_package/action
[3.769s] -- Installing: /home/sami/session9/install/action_package/local/lib/python3.10/dist-packages/action_package/action/_lap_time_s.c
[3.769s] -- Installing: /home/sami/session9/install/action_package/local/lib/python3.10/dist-packages/action_package/action/_lap_time.py
[3.769s] -- Installing: /home/sami/session9/install/action_package/local/lib/python3.10/dist-packages/action_package/action/__init__.py
[3.769s] -- Installing: /home/sami/session9/install/action_package/local/lib/python3.10/dist-packages/action_package/_action_package_s.ep.rosidl_typesupport_fastrtps_c.c
[3.769s] -- Installing: /home/sami/session9/install/action_package/local/lib/python3.10/dist-packages/action_package/_action_package_s.ep.rosidl_typesupport_introspection_c.c
[3.769s] -- Installing: /home/sami/session9/install/action_package/local/lib/python3.10/dist-packages/action_package/_action_package_s.ep.rosidl_typesupport_c.c
[3.770s] -- Installing: /home/sami/session9/install/action_package/local/lib/python3.10/dist-packages/action_package/__init__.py
[3.770s] -- Installing: /home/sami/session9/install/action_package/local/lib/python3.10/dist-packages/action_package/libaction_package__rosidl_generator_py.so
[3.770s] -- Installing: /home/sami/session9/install/action_package/local/lib/python3.10/dist-packages/action_package/action_package_s__rosidl_typesupport_c.cpython-310-x86_64-linux-gnu.so
[3.770s] -- Installing: /home/sami/session9/install/action_package/local/lib/python3.10/dist-packages/action_package/action_package_s__rosidl_typesupport_fastrtps_c.cpython-310-x86_64-linux-gnu.so
[3.796s] Listing '/home/sami/session9/install/action_package/local/lib/python3.10/dist-packages/action_package'...
[3.796s] Compiling '/home/sami/session9/install/action_package/local/lib/python3.10/dist-packages/action_package/__init__.py'...
[3.796s] Listing '/home/sami/session9/install/action_package/local/lib/python3.10/dist-packages/action_package/action'...
[3.796s] Compiling '/home/sami/session9/install/action_package/local/lib/python3.10/dist-packages/action_package/action/__init__.py'...
[3.796s] Compiling '/home/sami/session9/install/action_package/local/lib/python3.10/dist-packages/action_package/action/_lap_time.py'...
[3.796s] Listing '/home/sami/session9/install/action_package/local/lib/python3.10/dist-packages/action_package/srv'...
[3.796s] Compiling '/home/sami/session9/install/action_package/local/lib/python3.10/dist-packages/action_package/srv/__init__.py'...
[3.796s] Compiling '/home/sami/session9/install/action_package/local/lib/python3.10/dist-packages/action_package/srv/_find_closest_wall.py'...
[3.799s] -- Installing: /home/sami/session9/install/action_package/local/lib/python3.10/dist-packages/action_package/action_package_s__rosidl_typesupport_fastrtps_c.cpython-310-x86_64-linux-gnu.so
[3.799s] -- Set runtime path of "/home/sami/session9/install/action_package/local/lib/python3.10/dist-packages/action_package/action_package_s__rosidl_typesupport_fastrtps_c.cpython-310-x86_64-linux-gnu.so" to ""
[3.799s] -- Installing: /home/sami/session9/install/action_package/local/lib/python3.10/dist-packages/action_package/action_package_s__rosidl_typesupport_introspection_c.cpython-310-x86_64-linux-gnu.so
[3.800s] -- Set runtime path of "/home/sami/session9/install/action_package/local/lib/python3.10/dist-packages/action_package/action_package_s__rosidl_typesupport_introspection_c.cpython-310-x86_64-linux-gnu.so" to ""
[3.800s] -- Installing: /home/sami/session9/install/action_package/local/lib/python3.10/dist-packages/action_package/action_package_s__rosidl_typesupport_c.cpython-310-x86_64-linux-gnu.so
[3.800s] -- Set runtime path of "/home/sami/session9/install/action_package/local/lib/python3.10/dist-packages/action_package/action_package_s__rosidl_typesupport_c.cpython-310-x86_64-linux-gnu.so" to ""
[3.800s] -- Installing: /home/sami/session9/install/action_package/lib/libaction_package__rosidl_generator_py.so
[3.800s] -- Set runtime path of "/home/sami/session9/install/action_package/lib/libaction_package__rosidl_generator_py.so" to ""
[3.800s] -- Up-to-date: /home/sami/session9/install/action_package/share/action_package/action/LapTime.idl
[3.801s] -- Installing: /home/sami/session9/install/action_package/share/action_package/srv/FindClosestWall.idl
[3.801s] -- Up-to-date: /home/sami/session9/install/action_package/share/action_package/action/LapTime.action
[3.801s] -- Installing: /home/sami/session9/install/action_package/share/action_package/srv/FindClosestWall.srv
[3.801s] -- Installing: /home/sami/session9/install/action_package/share/action_package/srv/FindClosestWall_Request.msg
[3.801s] -- Installing: /home/sami/session9/install/action_package/share/action_package/srv/FindClosestWall_Response.msg
[3.801s] -- Up-to-date: /home/sami/session9/install/action_package/share/ament_index/resource_index/package_run_dependencies/action_package
[3.801s] -- Up-to-date: /home/sami/session9/install/action_package/share/ament_index/resource_index/parent_prefix_path/action_package
[3.801s] -- Up-to-date: /home/sami/session9/install/action_package/share/action_package/environment/ament_prefix_path.sh
[3.801s] -- Installing: /home/sami/session9/install/action_package/share/action_package/environment/ament_prefix_path.dsv
[3.801s] -- Up-to-date: /home/sami/session9/install/action_package/share/action_package/environment/path.sh
[3.801s] -- Installing: /home/sami/session9/install/action_package/share/action_package/environment/path.dsv
[3.801s] -- Up-to-date: /home/sami/session9/install/action_package/share/action_package/local_setup.bash
[3.801s] -- Up-to-date: /home/sami/session9/install/action_package/share/action_package/local_setup.sh
[3.801s] -- Up-to-date: /home/sami/session9/install/action_package/share/action_package/local_setup.zsh
[3.801s] -- Installing: /home/sami/session9/install/action_package/share/action_package/local_setup.dsv
[3.801s] -- Installing: /home/sami/session9/install/action_package/share/action_package/package.dsv
[3.801s] -- Up-to-date: /home/sami/session9/install/action_package/share/ament_index/resource_index/packages/action_package
[3.801s] -- Up-to-date: /home/sami/session9/install/action_package/share/action_package/cmake/export_action_package__rosidl_generator_cExport.cmake
[3.801s] -- Up-to-date: /home/sami/session9/install/action_package/share/action_package/cmake/export_action_package__rosidl_generator_cExport-noconfig.cmake
[3.802s] -- Up-to-date: /home/sami/session9/install/action_package/share/action_package/cmake/export_action_package__rosidl_typesupport_fastrtps_cExport.cmake
[3.802s] -- Up-to-date: /home/sami/session9/install/action_package/share/action_package/cmake/export_action_package__rosidl_typesupport_fastrtps_cExport-noconfig.cmake
[3.802s] -- Up-to-date: /home/sami/session9/install/action_package/share/action_package/cmake/export_action_package__rosidl_generator_cppExport.cmake
[3.802s] -- Up-to-date: /home/sami/session9/install/action_package/share/action_package/cmake/export_action_package__rosidl_typesupport_fastrtps_cppExport.cmake
[3.802s] -- Up-to-date: /home/sami/session9/install/action_package/share/action_package/cmake/export_action_package__rosidl_typesupport_fastrtps_cppExport-noconfig.cmake
[3.802s] -- Up-to-date: /home/sami/session9/install/action_package/share/action_package/cmake/action_package__rosidl_typesupport_introspection_cExport.cmake
[3.802s] -- Up-to-date: /home/sami/session9/install/action_package/share/action_package/cmake/action_package__rosidl_typesupport_introspection_cExport-noconfig.cmake
[3.802s] -- Up-to-date: /home/sami/session9/install/action_package/share/action_package/cmake/action_package__rosidl_typesupport_cExport.cmake
[3.802s] -- Up-to-date: /home/sami/session9/install/action_package/share/action_package/cmake/action_package__rosidl_typesupport_cExport-noconfig.cmake
[3.802s] -- Up-to-date: /home/sami/session9/install/action_package/share/action_package/cmake/action_package__rosidl_typesupport_introspection_cppExport.cmake
[3.802s] -- Up-to-date: /home/sami/session9/install/action_package/share/action_package/cmake/action_package__rosidl_typesupport_introspection_cppExport-noconfig.cmake
[3.802s] -- Up-to-date: /home/sami/session9/install/action_package/share/action_package/cmake/action_package__rosidl_typesupport_cppExport.cmake
[3.802s] -- Up-to-date: /home/sami/session9/install/action_package/share/action_package/cmake/action_package__rosidl_typesupport_cppExport-noconfig.cmake
[3.802s] -- Up-to-date: /home/sami/session9/install/action_package/share/action_package/cmake/export_action_package__rosidl_generator_pyExport.cmake
[3.802s] -- Up-to-date: /home/sami/session9/install/action_package/share/action_package/cmake/export_action_package__rosidl_generator_pyExport-noconfig.cmake
[3.802s] -- Installing: /home/sami/session9/install/action_package/share/action_package/cmake/rosidl_cmake-extras.cmake
[3.802s] -- Up-to-date: /home/sami/session9/install/action_package/share/action_package/cmake/ament_cmake_export_dependencies-extras.cmake
[3.802s] -- Up-to-date: /home/sami/session9/install/action_package/share/action_package/cmake/ament_cmake_export_include_directories-extras.cmake
[3.802s] -- Up-to-date: /home/sami/session9/install/action_package/share/action_package/cmake/ament_cmake_export_libraries-extras.cmake
[3.802s] -- Up-to-date: /home/sami/session9/install/action_package/share/action_package/cmake/ament_cmake_export_targets-extras.cmake
[3.802s] -- Up-to-date: /home/sami/session9/install/action_package/share/action_package/cmake/rosidl_cmake_export_typesupport_targets-extras.cmake
[3.802s] -- Up-to-date: /home/sami/session9/install/action_package/share/action_package/cmake/rosidl_cmake_export_typesupport_libraries-extras.cmake
[3.803s] -- Up-to-date: /home/sami/session9/install/action_package/share/action_package/cmake/action_packageConfig.cmake
[3.803s] -- Up-to-date: /home/sami/session9/install/action_package/share/action_package/cmake/action_packageConfig-version.cmake
[3.803s] -- Up-to-date: /home/sami/session9/install/action_package/share/action_package/package.xml
[3.804s] Invoked command in '/home/sami/session9/build/action_package' returned '0': CMAKE_PREFIX_PATH=/opt/ros/humble /usr/bin/cmake --install /home/sami/session9/build/action_package
