[0.066s] DEBUG:colcon:Command line arguments: ['/usr/bin/colcon', 'build', '--packages-select', 'action_package']
[0.066s] DEBUG:colcon:Parsed command line arguments: Namespace(log_base=None, log_level=None, verb_name='build', build_base='build', install_base='install', merge_install=False, symlink_install=False, test_result_base=None, continue_on_error=False, executor='parallel', parallel_workers=8, event_handlers=None, ignore_user_meta=False, metas=['./colcon.meta'], base_paths=['.'], packages_ignore=None, packages_ignore_regex=None, paths=None, packages_up_to=None, packages_up_to_regex=None, packages_above=None, packages_above_and_dependencies=None, packages_above_depth=None, packages_select_by_dep=None, packages_skip_by_dep=None, packages_skip_up_to=None, packages_select_build_failed=False, packages_skip_build_finished=False, packages_select_test_failures=False, packages_skip_test_passed=False, packages_select=['action_package'], packages_skip=None, packages_select_regex=None, packages_skip_regex=None, packages_start=None, packages_end=None, allow_overriding=[], cmake_args=None, cmake_target=None, cmake_target_skip_unavailable=False, cmake_clean_cache=False, cmake_clean_first=False, cmake_force_configure=False, ament_cmake_args=None, catkin_cmake_args=None, catkin_skip_building_tests=False, mixin_files=None, mixin=None, verb_parser=<colcon_mixin.mixin.mixin_argument.MixinArgumentDecorator object at 0x7ac0f81eab90>, verb_extension=<colcon_core.verb.build.BuildVerb object at 0x7ac0f833f8e0>, main=<bound method BuildVerb.main of <colcon_core.verb.build.BuildVerb object at 0x7ac0f833f8e0>>, mixin_verb=('build',))
[0.164s] Level 1:colcon.colcon_core.package_discovery:discover_packages(colcon_meta) check parameters
[0.164s] Level 1:colcon.colcon_core.package_discovery:discover_packages(recursive) check parameters
[0.164s] Level 1:colcon.colcon_core.package_discovery:discover_packages(ignore) check parameters
[0.164s] Level 1:colcon.colcon_core.package_discovery:discover_packages(path) check parameters
[0.164s] Level 1:colcon.colcon_core.package_discovery:discover_packages(colcon_meta) discover
[0.164s] Level 1:colcon.colcon_core.package_discovery:discover_packages(recursive) discover
[0.164s] INFO:colcon.colcon_core.package_discovery:Crawling recursively for packages in '/home/sami/session9/session9-ros2'
[0.164s] Level 1:colcon.colcon_core.package_identification:_identify(.) by extensions ['ignore', 'ignore_ament_install']
[0.164s] Level 1:colcon.colcon_core.package_identification:_identify(.) by extension 'ignore'
[0.164s] Level 1:colcon.colcon_core.package_identification:_identify(.) by extension 'ignore_ament_install'
[0.164s] Level 1:colcon.colcon_core.package_identification:_identify(.) by extensions ['colcon_pkg']
[0.164s] Level 1:colcon.colcon_core.package_identification:_identify(.) by extension 'colcon_pkg'
[0.165s] Level 1:colcon.colcon_core.package_identification:_identify(.) by extensions ['colcon_meta']
[0.165s] Level 1:colcon.colcon_core.package_identification:_identify(.) by extension 'colcon_meta'
[0.165s] Level 1:colcon.colcon_core.package_identification:_identify(.) by extensions ['ros']
[0.165s] Level 1:colcon.colcon_core.package_identification:_identify(.) by extension 'ros'
[0.171s] Level 1:colcon.colcon_core.package_identification:_identify(.) by extensions ['cmake', 'python']
[0.171s] Level 1:colcon.colcon_core.package_identification:_identify(.) by extension 'cmake'
[0.171s] Level 1:colcon.colcon_core.package_identification:_identify(.) by extension 'python'
[0.171s] Level 1:colcon.colcon_core.package_identification:_identify(.) by extensions ['python_setup_py']
[0.171s] Level 1:colcon.colcon_core.package_identification:_identify(.) by extension 'python_setup_py'
[0.172s] Level 1:colcon.colcon_core.package_identification:_identify(build) by extensions ['ignore', 'ignore_ament_install']
[0.172s] Level 1:colcon.colcon_core.package_identification:_identify(build) by extension 'ignore'
[0.172s] Level 1:colcon.colcon_core.package_identification:_identify(build) ignored
[0.172s] Level 1:colcon.colcon_core.package_identification:_identify(install) by extensions ['ignore', 'ignore_ament_install']
[0.172s] Level 1:colcon.colcon_core.package_identification:_identify(install) by extension 'ignore'
[0.172s] Level 1:colcon.colcon_core.package_identification:_identify(install) ignored
[0.172s] Level 1:colcon.colcon_core.package_identification:_identify(log) by extensions ['ignore', 'ignore_ament_install']
[0.172s] Level 1:colcon.colcon_core.package_identification:_identify(log) by extension 'ignore'
[0.172s] Level 1:colcon.colcon_core.package_identification:_identify(log) ignored
[0.172s] Level 1:colcon.colcon_core.package_identification:_identify(src) by extensions ['ignore', 'ignore_ament_install']
[0.172s] Level 1:colcon.colcon_core.package_identification:_identify(src) by extension 'ignore'
[0.172s] Level 1:colcon.colcon_core.package_identification:_identify(src) by extension 'ignore_ament_install'
[0.172s] Level 1:colcon.colcon_core.package_identification:_identify(src) by extensions ['colcon_pkg']
[0.172s] Level 1:colcon.colcon_core.package_identification:_identify(src) by extension 'colcon_pkg'
[0.172s] Level 1:colcon.colcon_core.package_identification:_identify(src) by extensions ['colcon_meta']
[0.172s] Level 1:colcon.colcon_core.package_identification:_identify(src) by extension 'colcon_meta'
[0.172s] Level 1:colcon.colcon_core.package_identification:_identify(src) by extensions ['ros']
[0.172s] Level 1:colcon.colcon_core.package_identification:_identify(src) by extension 'ros'
[0.172s] Level 1:colcon.colcon_core.package_identification:_identify(src) by extensions ['cmake', 'python']
[0.172s] Level 1:colcon.colcon_core.package_identification:_identify(src) by extension 'cmake'
[0.172s] Level 1:colcon.colcon_core.package_identification:_identify(src) by extension 'python'
[0.172s] Level 1:colcon.colcon_core.package_identification:_identify(src) by extensions ['python_setup_py']
[0.172s] Level 1:colcon.colcon_core.package_identification:_identify(src) by extension 'python_setup_py'
[0.172s] Level 1:colcon.colcon_core.package_identification:_identify(src/action_package) by extensions ['ignore', 'ignore_ament_install']
[0.172s] Level 1:colcon.colcon_core.package_identification:_identify(src/action_package) by extension 'ignore'
[0.172s] Level 1:colcon.colcon_core.package_identification:_identify(src/action_package) by extension 'ignore_ament_install'
[0.172s] Level 1:colcon.colcon_core.package_identification:_identify(src/action_package) by extensions ['colcon_pkg']
[0.172s] Level 1:colcon.colcon_core.package_identification:_identify(src/action_package) by extension 'colcon_pkg'
[0.172s] Level 1:colcon.colcon_core.package_identification:_identify(src/action_package) by extensions ['colcon_meta']
[0.172s] Level 1:colcon.colcon_core.package_identification:_identify(src/action_package) by extension 'colcon_meta'
[0.172s] Level 1:colcon.colcon_core.package_identification:_identify(src/action_package) by extensions ['ros']
[0.172s] Level 1:colcon.colcon_core.package_identification:_identify(src/action_package) by extension 'ros'
[0.174s] DEBUG:colcon.colcon_core.package_identification:Package 'src/action_package' with type 'ros.ament_cmake' and name 'action_package'
[0.174s] Level 1:colcon.colcon_core.package_identification:_identify(src/build) by extensions ['ignore', 'ignore_ament_install']
[0.174s] Level 1:colcon.colcon_core.package_identification:_identify(src/build) by extension 'ignore'
[0.174s] Level 1:colcon.colcon_core.package_identification:_identify(src/build) ignored
[0.174s] Level 1:colcon.colcon_core.package_identification:_identify(src/cpp_package) by extensions ['ignore', 'ignore_ament_install']
[0.174s] Level 1:colcon.colcon_core.package_identification:_identify(src/cpp_package) by extension 'ignore'
[0.174s] Level 1:colcon.colcon_core.package_identification:_identify(src/cpp_package) by extension 'ignore_ament_install'
[0.174s] Level 1:colcon.colcon_core.package_identification:_identify(src/cpp_package) by extensions ['colcon_pkg']
[0.174s] Level 1:colcon.colcon_core.package_identification:_identify(src/cpp_package) by extension 'colcon_pkg'
[0.174s] Level 1:colcon.colcon_core.package_identification:_identify(src/cpp_package) by extensions ['colcon_meta']
[0.174s] Level 1:colcon.colcon_core.package_identification:_identify(src/cpp_package) by extension 'colcon_meta'
[0.174s] Level 1:colcon.colcon_core.package_identification:_identify(src/cpp_package) by extensions ['ros']
[0.174s] Level 1:colcon.colcon_core.package_identification:_identify(src/cpp_package) by extension 'ros'
[0.175s] DEBUG:colcon.colcon_core.package_identification:Package 'src/cpp_package' with type 'ros.ament_cmake' and name 'cpp_package'
[0.175s] Level 1:colcon.colcon_core.package_identification:_identify(src/install) by extensions ['ignore', 'ignore_ament_install']
[0.175s] Level 1:colcon.colcon_core.package_identification:_identify(src/install) by extension 'ignore'
[0.175s] Level 1:colcon.colcon_core.package_identification:_identify(src/install) ignored
[0.175s] Level 1:colcon.colcon_core.package_identification:_identify(src/log) by extensions ['ignore', 'ignore_ament_install']
[0.175s] Level 1:colcon.colcon_core.package_identification:_identify(src/log) by extension 'ignore'
[0.175s] Level 1:colcon.colcon_core.package_identification:_identify(src/log) ignored
[0.175s] Level 1:colcon.colcon_core.package_discovery:discover_packages(recursive) using defaults
[0.175s] Level 1:colcon.colcon_core.package_discovery:discover_packages(ignore) discover
[0.175s] Level 1:colcon.colcon_core.package_discovery:discover_packages(ignore) using defaults
[0.175s] Level 1:colcon.colcon_core.package_discovery:discover_packages(path) discover
[0.175s] Level 1:colcon.colcon_core.package_discovery:discover_packages(path) using defaults
[0.187s] INFO:colcon.colcon_core.package_selection:Skipping not selected package 'cpp_package' in 'src/cpp_package'
[0.187s] Level 1:colcon.colcon_core.package_discovery:discover_packages(prefix_path) check parameters
[0.187s] Level 1:colcon.colcon_core.package_discovery:discover_packages(prefix_path) discover
[0.188s] WARNING:colcon.colcon_core.prefix_path.colcon:The path '/home/sami/session9/install' in the environment variable COLCON_PREFIX_PATH doesn't exist
[0.188s] WARNING:colcon.colcon_ros.prefix_path.ament:The path '/home/sami/session9/session9-ros2/install/cpp_package' in the environment variable AMENT_PREFIX_PATH doesn't exist
[0.188s] WARNING:colcon.colcon_ros.prefix_path.ament:The path '/home/sami/session9/session9-ros2/install/action_package' in the environment variable AMENT_PREFIX_PATH doesn't exist
[0.188s] WARNING:colcon.colcon_ros.prefix_path.ament:The path '/home/sami/session9/install/cpp_package' in the environment variable AMENT_PREFIX_PATH doesn't exist
[0.188s] WARNING:colcon.colcon_ros.prefix_path.ament:The path '/home/sami/session9/install/action_package' in the environment variable AMENT_PREFIX_PATH doesn't exist
[0.188s] WARNING:colcon.colcon_ros.prefix_path.catkin:The path '/home/sami/session9/session9-ros2/install/cpp_package' in the environment variable CMAKE_PREFIX_PATH doesn't exist
[0.188s] WARNING:colcon.colcon_ros.prefix_path.catkin:The path '/home/sami/session9/session9-ros2/install/action_package' in the environment variable CMAKE_PREFIX_PATH doesn't exist
[0.188s] WARNING:colcon.colcon_ros.prefix_path.catkin:The path '/home/sami/session9/install/cpp_package' in the environment variable CMAKE_PREFIX_PATH doesn't exist
[0.188s] WARNING:colcon.colcon_ros.prefix_path.catkin:The path '/home/sami/session9/install/action_package' in the environment variable CMAKE_PREFIX_PATH doesn't exist
[0.188s] DEBUG:colcon.colcon_installed_package_information.package_discovery:Found 0 installed packages in /home/sami/session9/session9-ros2/install
[0.189s] DEBUG:colcon.colcon_installed_package_information.package_discovery:Found 335 installed packages in /opt/ros/humble
[0.198s] Level 1:colcon.colcon_core.package_discovery:discover_packages(prefix_path) using defaults
[0.223s] Level 5:colcon.colcon_core.verb:set package 'action_package' build argument 'cmake_args' from command line to 'None'
[0.223s] Level 5:colcon.colcon_core.verb:set package 'action_package' build argument 'cmake_target' from command line to 'None'
[0.223s] Level 5:colcon.colcon_core.verb:set package 'action_package' build argument 'cmake_target_skip_unavailable' from command line to 'False'
[0.223s] Level 5:colcon.colcon_core.verb:set package 'action_package' build argument 'cmake_clean_cache' from command line to 'False'
[0.223s] Level 5:colcon.colcon_core.verb:set package 'action_package' build argument 'cmake_clean_first' from command line to 'False'
[0.223s] Level 5:colcon.colcon_core.verb:set package 'action_package' build argument 'cmake_force_configure' from command line to 'False'
[0.223s] Level 5:colcon.colcon_core.verb:set package 'action_package' build argument 'ament_cmake_args' from command line to 'None'
[0.223s] Level 5:colcon.colcon_core.verb:set package 'action_package' build argument 'catkin_cmake_args' from command line to 'None'
[0.223s] Level 5:colcon.colcon_core.verb:set package 'action_package' build argument 'catkin_skip_building_tests' from command line to 'False'
[0.223s] DEBUG:colcon.colcon_core.verb:Building package 'action_package' with the following arguments: {'ament_cmake_args': None, 'build_base': '/home/sami/session9/session9-ros2/build/action_package', 'catkin_cmake_args': None, 'catkin_skip_building_tests': False, 'cmake_args': None, 'cmake_clean_cache': False, 'cmake_clean_first': False, 'cmake_force_configure': False, 'cmake_target': None, 'cmake_target_skip_unavailable': False, 'install_base': '/home/sami/session9/session9-ros2/install/action_package', 'merge_install': False, 'path': '/home/sami/session9/session9-ros2/src/action_package', 'symlink_install': False, 'test_result_base': None}
[0.223s] INFO:colcon.colcon_core.executor:Executing jobs using 'parallel' executor
[0.224s] DEBUG:colcon.colcon_parallel_executor.executor.parallel:run_until_complete
[0.224s] INFO:colcon.colcon_ros.task.ament_cmake.build:Building ROS package in '/home/sami/session9/session9-ros2/src/action_package' with build type 'ament_cmake'
[0.224s] INFO:colcon.colcon_cmake.task.cmake.build:Building CMake package in '/home/sami/session9/session9-ros2/src/action_package'
[0.225s] INFO:colcon.colcon_core.plugin_system:Skipping extension 'colcon_core.shell.bat': Not used on non-Windows systems
[0.225s] INFO:colcon.colcon_core.shell:Skip shell extension 'powershell' for command environment: Not usable outside of PowerShell
[0.225s] DEBUG:colcon.colcon_core.shell:Skip shell extension 'dsv' for command environment
[0.231s] DEBUG:colcon.colcon_core.event_handler.log_command:Invoking command in '/home/sami/session9/session9-ros2/build/action_package': CMAKE_PREFIX_PATH=${CMAKE_PREFIX_PATH}:/opt/ros/humble /usr/bin/cmake /home/sami/session9/session9-ros2/src/action_package -DCMAKE_INSTALL_PREFIX=/home/sami/session9/session9-ros2/install/action_package
[1.672s] DEBUG:colcon.colcon_core.event_handler.log_command:Invoked command in '/home/sami/session9/session9-ros2/build/action_package' returned '0': CMAKE_PREFIX_PATH=${CMAKE_PREFIX_PATH}:/opt/ros/humble /usr/bin/cmake /home/sami/session9/session9-ros2/src/action_package -DCMAKE_INSTALL_PREFIX=/home/sami/session9/session9-ros2/install/action_package
[1.673s] DEBUG:colcon.colcon_core.event_handler.log_command:Invoking command in '/home/sami/session9/session9-ros2/build/action_package': CMAKE_PREFIX_PATH=${CMAKE_PREFIX_PATH}:/opt/ros/humble /usr/bin/cmake --build /home/sami/session9/session9-ros2/build/action_package -- -j8 -l8
[4.211s] DEBUG:colcon.colcon_core.event_handler.log_command:Invoked command in '/home/sami/session9/session9-ros2/build/action_package' returned '0': CMAKE_PREFIX_PATH=${CMAKE_PREFIX_PATH}:/opt/ros/humble /usr/bin/cmake --build /home/sami/session9/session9-ros2/build/action_package -- -j8 -l8
[4.266s] DEBUG:colcon.colcon_core.event_handler.log_command:Invoking command in '/home/sami/session9/session9-ros2/build/action_package': CMAKE_PREFIX_PATH=${CMAKE_PREFIX_PATH}:/opt/ros/humble /usr/bin/cmake --install /home/sami/session9/session9-ros2/build/action_package
[4.313s] Level 1:colcon.colcon_core.environment:create_environment_scripts_only(action_package)
[4.314s] DEBUG:colcon.colcon_core.event_handler.log_command:Invoked command in '/home/sami/session9/session9-ros2/build/action_package' returned '0': CMAKE_PREFIX_PATH=${CMAKE_PREFIX_PATH}:/opt/ros/humble /usr/bin/cmake --install /home/sami/session9/session9-ros2/build/action_package
[4.315s] Level 1:colcon.colcon_core.environment:checking '/home/sami/session9/session9-ros2/install/action_package' for CMake module files
[4.315s] Level 1:colcon.colcon_core.environment:checking '/home/sami/session9/session9-ros2/install/action_package' for CMake config files
[4.316s] Level 1:colcon.colcon_core.shell:create_environment_hook('action_package', 'cmake_prefix_path')
[4.316s] INFO:colcon.colcon_core.shell:Creating environment hook '/home/sami/session9/session9-ros2/install/action_package/share/action_package/hook/cmake_prefix_path.ps1'
[4.316s] INFO:colcon.colcon_core.shell:Creating environment descriptor '/home/sami/session9/session9-ros2/install/action_package/share/action_package/hook/cmake_prefix_path.dsv'
[4.316s] INFO:colcon.colcon_core.shell:Creating environment hook '/home/sami/session9/session9-ros2/install/action_package/share/action_package/hook/cmake_prefix_path.sh'
[4.317s] Level 1:colcon.colcon_core.environment:checking '/home/sami/session9/session9-ros2/install/action_package/lib'
[4.317s] Level 1:colcon.colcon_core.shell:create_environment_hook('action_package', 'ld_library_path_lib')
[4.317s] INFO:colcon.colcon_core.shell:Creating environment hook '/home/sami/session9/session9-ros2/install/action_package/share/action_package/hook/ld_library_path_lib.ps1'
[4.317s] INFO:colcon.colcon_core.shell:Creating environment descriptor '/home/sami/session9/session9-ros2/install/action_package/share/action_package/hook/ld_library_path_lib.dsv'
[4.318s] INFO:colcon.colcon_core.shell:Creating environment hook '/home/sami/session9/session9-ros2/install/action_package/share/action_package/hook/ld_library_path_lib.sh'
[4.318s] Level 1:colcon.colcon_core.environment:checking '/home/sami/session9/session9-ros2/install/action_package/bin'
[4.318s] Level 1:colcon.colcon_core.environment:checking '/home/sami/session9/session9-ros2/install/action_package/lib/pkgconfig/action_package.pc'
[4.318s] Level 1:colcon.colcon_core.environment:checking '/home/sami/session9/session9-ros2/install/action_package/lib/python3.10/site-packages'
[4.318s] Level 1:colcon.colcon_core.environment:checking '/home/sami/session9/session9-ros2/install/action_package/bin'
[4.318s] INFO:colcon.colcon_core.shell:Creating package script '/home/sami/session9/session9-ros2/install/action_package/share/action_package/package.ps1'
[4.319s] INFO:colcon.colcon_core.shell:Creating package descriptor '/home/sami/session9/session9-ros2/install/action_package/share/action_package/package.dsv'
[4.319s] INFO:colcon.colcon_core.shell:Creating package script '/home/sami/session9/session9-ros2/install/action_package/share/action_package/package.sh'
[4.319s] INFO:colcon.colcon_core.shell:Creating package script '/home/sami/session9/session9-ros2/install/action_package/share/action_package/package.bash'
[4.320s] INFO:colcon.colcon_core.shell:Creating package script '/home/sami/session9/session9-ros2/install/action_package/share/action_package/package.zsh'
[4.320s] Level 1:colcon.colcon_core.environment:create_file_with_runtime_dependencies(/home/sami/session9/session9-ros2/install/action_package/share/colcon-core/packages/action_package)
[4.395s] Level 1:colcon.colcon_core.environment:create_environment_scripts_only(action_package)
[4.395s] Level 1:colcon.colcon_core.environment:checking '/home/sami/session9/session9-ros2/install/action_package' for CMake module files
[4.396s] Level 1:colcon.colcon_core.environment:checking '/home/sami/session9/session9-ros2/install/action_package' for CMake config files
[4.397s] Level 1:colcon.colcon_core.shell:create_environment_hook('action_package', 'cmake_prefix_path')
[4.397s] INFO:colcon.colcon_core.shell:Creating environment hook '/home/sami/session9/session9-ros2/install/action_package/share/action_package/hook/cmake_prefix_path.ps1'
[4.398s] INFO:colcon.colcon_core.shell:Creating environment descriptor '/home/sami/session9/session9-ros2/install/action_package/share/action_package/hook/cmake_prefix_path.dsv'
[4.398s] INFO:colcon.colcon_core.shell:Creating environment hook '/home/sami/session9/session9-ros2/install/action_package/share/action_package/hook/cmake_prefix_path.sh'
[4.399s] Level 1:colcon.colcon_core.environment:checking '/home/sami/session9/session9-ros2/install/action_package/lib'
[4.399s] Level 1:colcon.colcon_core.shell:create_environment_hook('action_package', 'ld_library_path_lib')
[4.399s] INFO:colcon.colcon_core.shell:Creating environment hook '/home/sami/session9/session9-ros2/install/action_package/share/action_package/hook/ld_library_path_lib.ps1'
[4.400s] INFO:colcon.colcon_core.shell:Creating environment descriptor '/home/sami/session9/session9-ros2/install/action_package/share/action_package/hook/ld_library_path_lib.dsv'
[4.400s] INFO:colcon.colcon_core.shell:Creating environment hook '/home/sami/session9/session9-ros2/install/action_package/share/action_package/hook/ld_library_path_lib.sh'
[4.400s] Level 1:colcon.colcon_core.environment:checking '/home/sami/session9/session9-ros2/install/action_package/bin'
[4.400s] Level 1:colcon.colcon_core.environment:checking '/home/sami/session9/session9-ros2/install/action_package/lib/pkgconfig/action_package.pc'
[4.401s] Level 1:colcon.colcon_core.environment:checking '/home/sami/session9/session9-ros2/install/action_package/lib/python3.10/site-packages'
[4.401s] Level 1:colcon.colcon_core.environment:checking '/home/sami/session9/session9-ros2/install/action_package/bin'
[4.401s] INFO:colcon.colcon_core.shell:Creating package script '/home/sami/session9/session9-ros2/install/action_package/share/action_package/package.ps1'
[4.402s] INFO:colcon.colcon_core.shell:Creating package descriptor '/home/sami/session9/session9-ros2/install/action_package/share/action_package/package.dsv'
[4.402s] INFO:colcon.colcon_core.shell:Creating package script '/home/sami/session9/session9-ros2/install/action_package/share/action_package/package.sh'
[4.403s] INFO:colcon.colcon_core.shell:Creating package script '/home/sami/session9/session9-ros2/install/action_package/share/action_package/package.bash'
[4.403s] INFO:colcon.colcon_core.shell:Creating package script '/home/sami/session9/session9-ros2/install/action_package/share/action_package/package.zsh'
[4.403s] Level 1:colcon.colcon_core.environment:create_file_with_runtime_dependencies(/home/sami/session9/session9-ros2/install/action_package/share/colcon-core/packages/action_package)
[4.403s] DEBUG:colcon.colcon_parallel_executor.executor.parallel:closing loop
[4.404s] DEBUG:colcon.colcon_parallel_executor.executor.parallel:loop closed
[4.404s] DEBUG:colcon.colcon_parallel_executor.executor.parallel:run_until_complete finished with '0'
[4.404s] DEBUG:colcon.colcon_core.event_reactor:joining thread
[4.407s] INFO:colcon.colcon_core.plugin_system:Skipping extension 'colcon_notification.desktop_notification.terminal_notifier': Not used on non-Darwin systems
[4.407s] INFO:colcon.colcon_core.plugin_system:Skipping extension 'colcon_notification.desktop_notification.win32': Not used on non-Windows systems
[4.407s] INFO:colcon.colcon_notification.desktop_notification:Sending desktop notification using 'notify2'
[4.415s] DEBUG:colcon.colcon_core.event_reactor:joined thread
[4.416s] INFO:colcon.colcon_core.shell:Creating prefix script '/home/sami/session9/session9-ros2/install/local_setup.ps1'
[4.416s] INFO:colcon.colcon_core.shell:Creating prefix util module '/home/sami/session9/session9-ros2/install/_local_setup_util_ps1.py'
[4.417s] INFO:colcon.colcon_core.shell:Creating prefix chain script '/home/sami/session9/session9-ros2/install/setup.ps1'
[4.418s] INFO:colcon.colcon_core.shell:Creating prefix script '/home/sami/session9/session9-ros2/install/local_setup.sh'
[4.418s] INFO:colcon.colcon_core.shell:Creating prefix util module '/home/sami/session9/session9-ros2/install/_local_setup_util_sh.py'
[4.418s] INFO:colcon.colcon_core.shell:Creating prefix chain script '/home/sami/session9/session9-ros2/install/setup.sh'
[4.419s] INFO:colcon.colcon_core.shell:Creating prefix script '/home/sami/session9/session9-ros2/install/local_setup.bash'
[4.419s] INFO:colcon.colcon_core.shell:Creating prefix chain script '/home/sami/session9/session9-ros2/install/setup.bash'
[4.420s] INFO:colcon.colcon_core.shell:Creating prefix script '/home/sami/session9/session9-ros2/install/local_setup.zsh'
[4.420s] INFO:colcon.colcon_core.shell:Creating prefix chain script '/home/sami/session9/session9-ros2/install/setup.zsh'
