[0.006s] Invoking command in '/home/sami/session9/src/build/action_package': /usr/bin/cmake /home/sami/session9/src/action_package -DCMAKE_INSTALL_PREFIX=/home/sami/session9/src/install/action_package
[0.053s] -- The C compiler identification is GNU 11.4.0
[0.100s] -- The CXX compiler identification is GNU 11.4.0
[0.105s] -- Detecting C compiler ABI info
[0.162s] -- Detecting C compiler ABI info - done
[0.166s] -- Check for working C compiler: /usr/bin/cc - skipped
[0.166s] -- Detecting C compile features
[0.166s] -- Detecting C compile features - done
[0.169s] -- Detecting CXX compiler ABI info
[0.231s] -- Detecting CXX compiler ABI info - done
[0.236s] -- Check for working CXX compiler: /usr/bin/c++ - skipped
[0.236s] -- Detecting CXX compile features
[0.236s] -- Detecting CXX compile features - done
[0.240s] -- Found ament_cmake: 1.3.9 (/opt/ros/humble/share/ament_cmake/cmake)
[0.334s] -- Found Python3: /usr/bin/python3 (found version "3.10.12") found components: Interpreter 
[0.388s] -- Found action_msgs: 1.2.1 (/opt/ros/humble/share/action_msgs/cmake)
[0.410s] -- Found rosidl_generator_c: 3.1.5 (/opt/ros/humble/share/rosidl_generator_c/cmake)
[0.413s] -- Found rosidl_adapter: 3.1.5 (/opt/ros/humble/share/rosidl_adapter/cmake)
[0.418s] -- Found rosidl_generator_cpp: 3.1.5 (/opt/ros/humble/share/rosidl_generator_cpp/cmake)
[0.427s] [31mCMake Error at /opt/ros/humble/share/rosidl_typesupport_c/cmake/get_used_typesupports.cmake:35 (message):
[0.427s]   No 'rosidl_typesupport_c' found
[0.427s] Call Stack (most recent call first):
[0.427s]   /opt/ros/humble/share/rosidl_typesupport_c/cmake/rosidl_typesupport_c-extras.cmake:8 (get_used_typesupports)
[0.427s]   /opt/ros/humble/share/rosidl_typesupport_c/cmake/rosidl_typesupport_cConfig.cmake:41 (include)
[0.427s]   /opt/ros/humble/share/builtin_interfaces/cmake/ament_cmake_export_dependencies-extras.cmake:21 (find_package)
[0.427s]   /opt/ros/humble/share/builtin_interfaces/cmake/builtin_interfacesConfig.cmake:41 (include)
[0.427s]   /opt/ros/humble/share/action_msgs/cmake/ament_cmake_export_dependencies-extras.cmake:21 (find_package)
[0.427s]   /opt/ros/humble/share/action_msgs/cmake/action_msgsConfig.cmake:41 (include)
[0.427s]   CMakeLists.txt:10 (find_package)
[0.427s] 
[0.427s] [0m
[0.427s] -- Configuring incomplete, errors occurred!
[0.427s] See also "/home/sami/session9/src/build/action_package/CMakeFiles/CMakeOutput.log".
[0.433s] Invoked command in '/home/sami/session9/src/build/action_package' returned '1': /usr/bin/cmake /home/sami/session9/src/action_package -DCMAKE_INSTALL_PREFIX=/home/sami/session9/src/install/action_package
