-- Found ament_cmake: 1.3.9 (/opt/ros/humble/share/ament_cmake/cmake)
-- Found rclcpp: 16.0.9 (/opt/ros/humble/share/rclcpp/cmake)
-- Found rosidl_generator_c: 3.1.5 (/opt/ros/humble/share/rosidl_generator_c/cmake)
-- Found rosidl_adapter: 3.1.5 (/opt/ros/humble/share/rosidl_adapter/cmake)
-- Found rosidl_generator_cpp: 3.1.5 (/opt/ros/humble/share/rosidl_generator_cpp/cmake)
-- Using all available rosidl_typesupport_c: rosidl_typesupport_fastrtps_c;rosidl_typesupport_introspection_c
-- Using all available rosidl_typesupport_cpp: rosidl_typesupport_fastrtps_cpp;rosidl_typesupport_introspection_cpp
-- Found rmw_implementation_cmake: 6.1.2 (/opt/ros/humble/share/rmw_implementation_cmake/cmake)
-- Found rmw_fastrtps_cpp: 6.2.6 (/opt/ros/humble/share/rmw_fastrtps_cpp/cmake)
-- Using RMW implementation 'rmw_fastrtps_cpp' as default
-- Found sensor_msgs: 4.2.4 (/opt/ros/humble/share/sensor_msgs/cmake)
-- Found nav_msgs: 4.2.4 (/opt/ros/humble/share/nav_msgs/cmake)
-- Found rclcpp_action: 16.0.9 (/opt/ros/humble/share/rclcpp_action/cmake)
-- Found tf2: 0.25.7 (/opt/ros/humble/share/tf2/cmake)
-- Found tf2_ros: 0.25.7 (/opt/ros/humble/share/tf2_ros/cmake)
-- Found std_srvs: 4.2.4 (/opt/ros/humble/share/std_srvs/cmake)
-- Found action_package: 0.0.0 (/home/sami/session9/install/action_package/share/action_package/cmake)
-- Configuring done
-- Generating done
-- Build files have been written to: /home/sami/session9/build/cpp_package
[35m[1mConsolidate compiler generated dependencies of target robot_driver[0m
[35m[1mConsolidate compiler generated dependencies of target lap_time_action_client[0m
[35m[1mConsolidate compiler generated dependencies of target lap_time_action_server[0m
[ 12%] [32mBuilding CXX object CMakeFiles/wall_finder_service.dir/src/wall_finder_service.cpp.o[0m
[ 25%] [32mBuilding CXX object CMakeFiles/lap_time_action_client.dir/src/lap_time_action_client.cpp.o[0m
[ 37%] [32mBuilding CXX object CMakeFiles/lap_time_action_server.dir/src/lap_time_action_server.cpp.o[0m
[ 50%] [32m[1mLinking CXX executable robot_driver[0m
[ 62%] Built target robot_driver
[ 75%] [32m[1mLinking CXX executable lap_time_action_client[0m
[ 75%] Built target lap_time_action_client
[ 87%] [32m[1mLinking CXX executable wall_finder_service[0m
[ 87%] Built target wall_finder_service
[100%] [32m[1mLinking CXX executable lap_time_action_server[0m
[100%] Built target lap_time_action_server
-- Install configuration: ""
-- Installing: /home/sami/session9/install/cpp_package/lib/cpp_package/lap_time_action_server
-- Set runtime path of "/home/sami/session9/install/cpp_package/lib/cpp_package/lap_time_action_server" to ""
-- Installing: /home/sami/session9/install/cpp_package/lib/cpp_package/robot_driver
-- Set runtime path of "/home/sami/session9/install/cpp_package/lib/cpp_package/robot_driver" to ""
-- Installing: /home/sami/session9/install/cpp_package/lib/cpp_package/lap_time_action_client
-- Set runtime path of "/home/sami/session9/install/cpp_package/lib/cpp_package/lap_time_action_client" to ""
-- Installing: /home/sami/session9/install/cpp_package/lib/cpp_package/wall_finder_service
-- Set runtime path of "/home/sami/session9/install/cpp_package/lib/cpp_package/wall_finder_service" to ""
-- Installing: /home/sami/session9/install/cpp_package/include/cpp_package
-- Installing: /home/sami/session9/install/cpp_package/include/cpp_package/cpp_package
-- Installing: /home/sami/session9/install/cpp_package/include/cpp_package/cpp_package/robot_driver.hpp
-- Installing: /home/sami/session9/install/cpp_package/include/cpp_package/cpp_package/wall_finder_service.hpp
-- Installing: /home/sami/session9/install/cpp_package/include/cpp_package/cpp_package/lap_time_action_server.hpp
-- Installing: /home/sami/session9/install/cpp_package/include/cpp_package/cpp_package/lap_time_action_client.hpp
-- Installing: /home/sami/session9/install/cpp_package/share/cpp_package/launch
-- Installing: /home/sami/session9/install/cpp_package/share/cpp_package/launch/file.launch.py
-- Installing: /home/sami/session9/install/cpp_package/share/ament_index/resource_index/package_run_dependencies/cpp_package
-- Installing: /home/sami/session9/install/cpp_package/share/ament_index/resource_index/parent_prefix_path/cpp_package
-- Installing: /home/sami/session9/install/cpp_package/share/cpp_package/environment/ament_prefix_path.sh
-- Installing: /home/sami/session9/install/cpp_package/share/cpp_package/environment/ament_prefix_path.dsv
-- Installing: /home/sami/session9/install/cpp_package/share/cpp_package/environment/path.sh
-- Installing: /home/sami/session9/install/cpp_package/share/cpp_package/environment/path.dsv
-- Installing: /home/sami/session9/install/cpp_package/share/cpp_package/local_setup.bash
-- Installing: /home/sami/session9/install/cpp_package/share/cpp_package/local_setup.sh
-- Installing: /home/sami/session9/install/cpp_package/share/cpp_package/local_setup.zsh
-- Installing: /home/sami/session9/install/cpp_package/share/cpp_package/local_setup.dsv
-- Installing: /home/sami/session9/install/cpp_package/share/cpp_package/package.dsv
-- Installing: /home/sami/session9/install/cpp_package/share/ament_index/resource_index/packages/cpp_package
-- Installing: /home/sami/session9/install/cpp_package/share/cpp_package/cmake/cpp_packageConfig.cmake
-- Installing: /home/sami/session9/install/cpp_package/share/cpp_package/cmake/cpp_packageConfig-version.cmake
-- Installing: /home/sami/session9/install/cpp_package/share/cpp_package/package.xml
