[0.009s] Invoking command in '/home/sami/session9/build/cpp_package': AMENT_PREFIX_PATH=/home/sami/session9/install/action_package:${AMENT_PREFIX_PATH} CMAKE_PREFIX_PATH=/home/sami/session9/install/action_package:/opt/ros/humble LD_LIBRARY_PATH=/home/sami/session9/install/action_package/lib:${LD_LIBRARY_PATH} PYTHONPATH=/home/sami/session9/install/action_package/local/lib/python3.10/dist-packages:${PYTHONPATH} /usr/bin/cmake --build /home/sami/session9/build/cpp_package -- -j8 -l8
[0.025s] -- Found ament_cmake: 1.3.9 (/opt/ros/humble/share/ament_cmake/cmake)
[0.099s] -- Found rclcpp: 16.0.9 (/opt/ros/humble/share/rclcpp/cmake)
[0.116s] -- Found rosidl_generator_c: 3.1.5 (/opt/ros/humble/share/rosidl_generator_c/cmake)
[0.118s] -- Found rosidl_adapter: 3.1.5 (/opt/ros/humble/share/rosidl_adapter/cmake)
[0.122s] -- Found rosidl_generator_cpp: 3.1.5 (/opt/ros/humble/share/rosidl_generator_cpp/cmake)
[0.131s] -- Using all available rosidl_typesupport_c: rosidl_typesupport_fastrtps_c;rosidl_typesupport_introspection_c
[0.140s] -- Using all available rosidl_typesupport_cpp: rosidl_typesupport_fastrtps_cpp;rosidl_typesupport_introspection_cpp
[0.175s] -- Found rmw_implementation_cmake: 6.1.2 (/opt/ros/humble/share/rmw_implementation_cmake/cmake)
[0.176s] -- Found rmw_fastrtps_cpp: 6.2.6 (/opt/ros/humble/share/rmw_fastrtps_cpp/cmake)
[0.250s] -- Using RMW implementation 'rmw_fastrtps_cpp' as default
[0.345s] -- Found sensor_msgs: 4.2.4 (/opt/ros/humble/share/sensor_msgs/cmake)
[0.428s] -- Found nav_msgs: 4.2.4 (/opt/ros/humble/share/nav_msgs/cmake)
[0.486s] -- Found rclcpp_action: 16.0.9 (/opt/ros/humble/share/rclcpp_action/cmake)
[0.549s] -- Found tf2: 0.25.7 (/opt/ros/humble/share/tf2/cmake)
[0.556s] -- Found tf2_ros: 0.25.7 (/opt/ros/humble/share/tf2_ros/cmake)
[0.706s] -- Found std_srvs: 4.2.4 (/opt/ros/humble/share/std_srvs/cmake)
[0.718s] -- Found action_package: 0.0.0 (/home/sami/session9/install/action_package/share/action_package/cmake)
[0.799s] -- Configuring done
[0.812s] -- Generating done
[0.813s] -- Build files have been written to: /home/sami/session9/build/cpp_package
[0.832s] [35m[1mConsolidate compiler generated dependencies of target robot_driver[0m
[0.832s] [35m[1mConsolidate compiler generated dependencies of target lap_time_action_client[0m
[0.832s] [35m[1mConsolidate compiler generated dependencies of target lap_time_action_server[0m
[0.839s] [ 12%] [32mBuilding CXX object CMakeFiles/wall_finder_service.dir/src/wall_finder_service.cpp.o[0m
[0.848s] [ 25%] [32mBuilding CXX object CMakeFiles/lap_time_action_client.dir/src/lap_time_action_client.cpp.o[0m
[0.848s] [ 37%] [32mBuilding CXX object CMakeFiles/lap_time_action_server.dir/src/lap_time_action_server.cpp.o[0m
[0.850s] [ 50%] [32m[1mLinking CXX executable robot_driver[0m
[1.385s] [ 62%] Built target robot_driver
[4.024s] [ 75%] [32m[1mLinking CXX executable lap_time_action_client[0m
[4.165s] [ 75%] Built target lap_time_action_client
[4.611s] [ 87%] [32m[1mLinking CXX executable wall_finder_service[0m
[4.782s] [ 87%] Built target wall_finder_service
[7.424s] [100%] [32m[1mLinking CXX executable lap_time_action_server[0m
[7.741s] [100%] Built target lap_time_action_server
[7.750s] Invoked command in '/home/sami/session9/build/cpp_package' returned '0': AMENT_PREFIX_PATH=/home/sami/session9/install/action_package:${AMENT_PREFIX_PATH} CMAKE_PREFIX_PATH=/home/sami/session9/install/action_package:/opt/ros/humble LD_LIBRARY_PATH=/home/sami/session9/install/action_package/lib:${LD_LIBRARY_PATH} PYTHONPATH=/home/sami/session9/install/action_package/local/lib/python3.10/dist-packages:${PYTHONPATH} /usr/bin/cmake --build /home/sami/session9/build/cpp_package -- -j8 -l8
[7.781s] Invoking command in '/home/sami/session9/build/cpp_package': AMENT_PREFIX_PATH=/home/sami/session9/install/action_package:${AMENT_PREFIX_PATH} CMAKE_PREFIX_PATH=/home/sami/session9/install/action_package:/opt/ros/humble LD_LIBRARY_PATH=/home/sami/session9/install/action_package/lib:${LD_LIBRARY_PATH} PYTHONPATH=/home/sami/session9/install/action_package/local/lib/python3.10/dist-packages:${PYTHONPATH} /usr/bin/cmake --install /home/sami/session9/build/cpp_package
[7.786s] -- Install configuration: ""
[7.786s] -- Installing: /home/sami/session9/install/cpp_package/lib/cpp_package/lap_time_action_server
[7.789s] -- Set runtime path of "/home/sami/session9/install/cpp_package/lib/cpp_package/lap_time_action_server" to ""
[7.789s] -- Installing: /home/sami/session9/install/cpp_package/lib/cpp_package/robot_driver
[7.792s] -- Set runtime path of "/home/sami/session9/install/cpp_package/lib/cpp_package/robot_driver" to ""
[7.792s] -- Installing: /home/sami/session9/install/cpp_package/lib/cpp_package/lap_time_action_client
[7.793s] -- Set runtime path of "/home/sami/session9/install/cpp_package/lib/cpp_package/lap_time_action_client" to ""
[7.793s] -- Installing: /home/sami/session9/install/cpp_package/lib/cpp_package/wall_finder_service
[7.794s] -- Set runtime path of "/home/sami/session9/install/cpp_package/lib/cpp_package/wall_finder_service" to ""
[7.794s] -- Installing: /home/sami/session9/install/cpp_package/include/cpp_package
[7.794s] -- Installing: /home/sami/session9/install/cpp_package/include/cpp_package/cpp_package
[7.794s] -- Installing: /home/sami/session9/install/cpp_package/include/cpp_package/cpp_package/robot_driver.hpp
[7.794s] -- Installing: /home/sami/session9/install/cpp_package/include/cpp_package/cpp_package/wall_finder_service.hpp
[7.795s] -- Installing: /home/sami/session9/install/cpp_package/include/cpp_package/cpp_package/lap_time_action_server.hpp
[7.795s] -- Installing: /home/sami/session9/install/cpp_package/include/cpp_package/cpp_package/lap_time_action_client.hpp
[7.795s] -- Installing: /home/sami/session9/install/cpp_package/share/cpp_package/launch
[7.795s] -- Installing: /home/sami/session9/install/cpp_package/share/cpp_package/launch/file.launch.py
[7.795s] -- Installing: /home/sami/session9/install/cpp_package/share/ament_index/resource_index/package_run_dependencies/cpp_package
[7.795s] -- Installing: /home/sami/session9/install/cpp_package/share/ament_index/resource_index/parent_prefix_path/cpp_package
[7.795s] -- Installing: /home/sami/session9/install/cpp_package/share/cpp_package/environment/ament_prefix_path.sh
[7.795s] -- Installing: /home/sami/session9/install/cpp_package/share/cpp_package/environment/ament_prefix_path.dsv
[7.796s] -- Installing: /home/sami/session9/install/cpp_package/share/cpp_package/environment/path.sh
[7.796s] -- Installing: /home/sami/session9/install/cpp_package/share/cpp_package/environment/path.dsv
[7.796s] -- Installing: /home/sami/session9/install/cpp_package/share/cpp_package/local_setup.bash
[7.796s] -- Installing: /home/sami/session9/install/cpp_package/share/cpp_package/local_setup.sh
[7.796s] -- Installing: /home/sami/session9/install/cpp_package/share/cpp_package/local_setup.zsh
[7.796s] -- Installing: /home/sami/session9/install/cpp_package/share/cpp_package/local_setup.dsv
[7.796s] -- Installing: /home/sami/session9/install/cpp_package/share/cpp_package/package.dsv
[7.796s] -- Installing: /home/sami/session9/install/cpp_package/share/ament_index/resource_index/packages/cpp_package
[7.797s] -- Installing: /home/sami/session9/install/cpp_package/share/cpp_package/cmake/cpp_packageConfig.cmake
[7.797s] -- Installing: /home/sami/session9/install/cpp_package/share/cpp_package/cmake/cpp_packageConfig-version.cmake
[7.797s] -- Installing: /home/sami/session9/install/cpp_package/share/cpp_package/package.xml
[7.798s] Invoked command in '/home/sami/session9/build/cpp_package' returned '0': AMENT_PREFIX_PATH=/home/sami/session9/install/action_package:${AMENT_PREFIX_PATH} CMAKE_PREFIX_PATH=/home/sami/session9/install/action_package:/opt/ros/humble LD_LIBRARY_PATH=/home/sami/session9/install/action_package/lib:${LD_LIBRARY_PATH} PYTHONPATH=/home/sami/session9/install/action_package/local/lib/python3.10/dist-packages:${PYTHONPATH} /usr/bin/cmake --install /home/sami/session9/build/cpp_package
